Log file open, 12/01/18 15:05:15
LogWindows: Failed to load 'aqProf.dll' (GetLastError=126)
LogWindows: File 'aqProf.dll' does not exist
LogWindows: Failed to load 'VtuneApi.dll' (GetLastError=126)
LogWindows: File 'VtuneApi.dll' does not exist
LogWindows: Failed to load 'VtuneApi32e.dll' (GetLastError=126)
LogWindows: File 'VtuneApi32e.dll' does not exist
LogInit: Display: Running engine for game: SurvivingLife
LogPlatformFile: Not using cached read wrapper
LogInit: Display: RandInit(-1875782570) SRandInit(-1875782570).
LogInit: Read version file with build ID '3944462'
LogInit: Overriding engine version to CL 4033788, compatible CL 3944462
LogInit: Registered custom module enumerator with build ID '3944462'
LogTaskGraph: Started task graph with 5 named threads and 11 total threads with 3 sets of task threads.
LogStats: Stats thread started at 0.199948
LogD3D11RHI: Aftermath initialized
LogICUInternationalization: Display: ICU TimeZone Detection - Raw Offset: -4:00, Platform Override: ''
LogPluginManager: Mounting plugin Paper2D
LogPluginManager: Mounting plugin LiveLink
LogPluginManager: Mounting plugin LightPropagationVolume
LogPluginManager: Mounting plugin CLionSourceCodeAccess
LogPluginManager: Mounting plugin CodeLiteSourceCodeAccess
LogPluginManager: Mounting plugin GitSourceControl
LogPluginManager: Mounting plugin KDevelopSourceCodeAccess
LogPluginManager: Mounting plugin NullSourceCodeAccess
LogPluginManager: Mounting plugin PerforceSourceControl
LogPluginManager: Mounting plugin SubversionSourceControl
LogPluginManager: Mounting plugin UObjectPlugin
LogPluginManager: Mounting plugin VisualStudioCodeSourceCodeAccess
LogPluginManager: Mounting plugin VisualStudioSourceCodeAccess
LogPluginManager: Mounting plugin XCodeSourceCodeAccess
LogPluginManager: Mounting plugin AssetManagerEditor
LogPluginManager: Mounting plugin CryptoKeys
LogPluginManager: Mounting plugin DataValidation
LogPluginManager: Mounting plugin FacialAnimation
LogPluginManager: Mounting plugin GameplayTagsEditor
LogPluginManager: Mounting plugin MobileLauncherProfileWizard
LogPluginManager: Mounting plugin PluginBrowser
LogPluginManager: Mounting plugin SpeedTreeImporter
LogPluginManager: Mounting plugin DatasmithContent
LogPluginManager: Mounting plugin AlembicImporter
LogPluginManager: Mounting plugin CharacterAI
LogPluginManager: Mounting plugin HTML5Networking
LogPluginManager: Mounting plugin AndroidMedia
LogPluginManager: Mounting plugin AvfMedia
LogPluginManager: Mounting plugin ImgMedia
LogPluginManager: Mounting plugin LinearTimecode
LogPluginManager: Mounting plugin MediaCompositing
LogPluginManager: Mounting plugin MediaPlayerEditor
LogPluginManager: Mounting plugin WmfMedia
LogPluginManager: Mounting plugin TcpMessaging
LogPluginManager: Mounting plugin UdpMessaging
LogPluginManager: Mounting plugin ActorSequence
LogPluginManager: Mounting plugin LevelSequenceEditor
LogPluginManager: Mounting plugin MatineeToLevelSequence
LogPluginManager: Mounting plugin NetcodeUnitTest
LogPluginManager: Mounting plugin NUTUnrealEngine4
LogPluginManager: Mounting plugin OnlineSubsystemGooglePlay
LogPluginManager: Mounting plugin OnlineSubsystemIOS
LogPluginManager: Mounting plugin OnlineSubsystem
LogPluginManager: Mounting plugin OnlineSubsystemNull
LogPluginManager: Mounting plugin OnlineSubsystemUtils
LogPluginManager: Mounting plugin AndroidDeviceProfileSelector
LogPluginManager: Mounting plugin AndroidMoviePlayer
LogPluginManager: Mounting plugin AndroidPermission
LogPluginManager: Mounting plugin AppleARKit
LogPluginManager: Mounting plugin AppleMoviePlayer
LogPluginManager: Mounting plugin ArchVisCharacter
LogPluginManager: Mounting plugin AudioCapture
LogPluginManager: Mounting plugin CableComponent
LogPluginManager: Mounting plugin CustomMeshComponent
LogPluginManager: Mounting plugin ExampleDeviceProfileSelector
LogPluginManager: Mounting plugin GoogleCloudMessaging
LogPluginManager: Mounting plugin ImmediatePhysics
LogPluginManager: Mounting plugin IOSDeviceProfileSelector
LogPluginManager: Mounting plugin LinuxDeviceProfileSelector
LogPluginManager: Mounting plugin LocationServicesBPLibrary
LogPluginManager: Mounting plugin MobilePatchingUtils
LogPluginManager: Mounting plugin OculusVR
LogPluginManager: Plugin shader directory ../../../Engine/Plugins/Runtime/Oculus/OculusVR/Shaders found
LogPluginManager: Mapping shader source directory ../../../Engine/Plugins/Runtime/Oculus/OculusVR/Shaders to virtual directory /Plugin/OculusVR
LogPluginManager: Mounting plugin PhysXVehicles
LogPluginManager: Mounting plugin ProceduralMeshComponent
LogPluginManager: Mounting plugin RuntimePhysXCooking
LogPluginManager: Mounting plugin SteamVR
LogPluginManager: Mounting plugin WindowsMoviePlayer
LogStreaming: Display: Took  0.509s to configure plugins.
LogModuleManager: Display: Found up-to-date module file ../../../../../../Users/Felipe Delgado/Documents/Unreal Projects/SurvivingLife/Binaries/Win64/UE4Editor-SurvivingLife.dll (API version 3944462).
LogModuleManager: Display: Found up-to-date module file ../../../Engine/Plugins/2D/Paper2D/Binaries/Win64/UE4Editor-Paper2D.dll (API version 3944462).
LogModuleManager: Display: Found up-to-date module file ../../../Engine/Plugins/2D/Paper2D/Binaries/Win64/UE4Editor-Paper2DEditor.dll (API version 3944462).
LogModuleManager: Display: Found up-to-date module file ../../../Engine/Plugins/2D/Paper2D/Binaries/Win64/UE4Editor-PaperSpriteSheetImporter.dll (API version 3944462).
LogModuleManager: Display: Found up-to-date module file ../../../Engine/Plugins/2D/Paper2D/Binaries/Win64/UE4Editor-PaperTiledImporter.dll (API version 3944462).
LogModuleManager: Display: Found up-to-date module file ../../../Engine/Plugins/2D/Paper2D/Binaries/Win64/UE4Editor-SmartSnapping.dll (API version 3944462).
LogModuleManager: Display: Found up-to-date module file ../../../Engine/Plugins/Animation/LiveLink/Binaries/Win64/UE4Editor-LiveLink.dll (API version 3944462).
LogModuleManager: Display: Found up-to-date module file ../../../Engine/Plugins/Animation/LiveLink/Binaries/Win64/UE4Editor-LiveLinkEditor.dll (API version 3944462).
LogModuleManager: Display: Found up-to-date module file ../../../Engine/Plugins/Blendables/LightPropagationVolume/Binaries/Win64/UE4Editor-LightPropagationVolumeRuntime.dll (API version 3944462).
LogModuleManager: Display: Found up-to-date module file ../../../Engine/Plugins/Blendables/LightPropagationVolume/Binaries/Win64/UE4Editor-LightPropagationVolumeEditor.dll (API version 3944462).
LogModuleManager: Display: Found up-to-date module file ../../../Engine/Plugins/Developer/CLionSourceCodeAccess/Binaries/Win64/UE4Editor-CLionSourceCodeAccess.dll (API version 3944462).
LogModuleManager: Display: Found up-to-date module file ../../../Engine/Plugins/Developer/GitSourceControl/Binaries/Win64/UE4Editor-GitSourceControl.dll (API version 3944462).
LogModuleManager: Display: Found up-to-date module file ../../../Engine/Plugins/Developer/PerforceSourceControl/Binaries/Win64/UE4Editor-PerforceSourceControl.dll (API version 3944462).
LogModuleManager: Display: Found up-to-date module file ../../../Engine/Plugins/Developer/SubversionSourceControl/Binaries/Win64/UE4Editor-SubversionSourceControl.dll (API version 3944462).
LogModuleManager: Display: Found up-to-date module file ../../../Engine/Plugins/Developer/UObjectPlugin/Binaries/Win64/UE4Editor-UObjectPlugin.dll (API version 3944462).
LogModuleManager: Display: Found up-to-date module file ../../../Engine/Plugins/Developer/VisualStudioCodeSourceCodeAccess/Binaries/Win64/UE4Editor-VisualStudioCodeSourceCodeAccess.dll (API version 3944462).
LogModuleManager: Display: Found up-to-date module file ../../../Engine/Plugins/Developer/VisualStudioSourceCodeAccess/Binaries/Win64/UE4Editor-VisualStudioSourceCodeAccess.dll (API version 3944462).
LogModuleManager: Display: Found up-to-date module file ../../../Engine/Plugins/Editor/AssetManagerEditor/Binaries/Win64/UE4Editor-AssetManagerEditor.dll (API version 3944462).
LogModuleManager: Display: Found up-to-date module file ../../../Engine/Plugins/Editor/CryptoKeys/Binaries/Win64/UE4Editor-CryptoKeys.dll (API version 3944462).
LogModuleManager: Display: Found up-to-date module file ../../../Engine/Plugins/Editor/CryptoKeys/Binaries/Win64/UE4Editor-CryptoKeysOpenSSL.dll (API version 3944462).
LogModuleManager: Display: Found up-to-date module file ../../../Engine/Plugins/Editor/DataValidation/Binaries/Win64/UE4Editor-DataValidation.dll (API version 3944462).
LogModuleManager: Display: Found up-to-date module file ../../../Engine/Plugins/Editor/FacialAnimation/Binaries/Win64/UE4Editor-FacialAnimation.dll (API version 3944462).
LogModuleManager: Display: Found up-to-date module file ../../../Engine/Plugins/Editor/FacialAnimation/Binaries/Win64/UE4Editor-FacialAnimationEditor.dll (API version 3944462).
LogModuleManager: Display: Found up-to-date module file ../../../Engine/Plugins/Editor/GameplayTagsEditor/Binaries/Win64/UE4Editor-GameplayTagsEditor.dll (API version 3944462).
LogModuleManager: Display: Found up-to-date module file ../../../Engine/Plugins/Editor/MobileLauncherProfileWizard/Binaries/Win64/UE4Editor-MobileLauncherProfileWizard.dll (API version 3944462).
LogModuleManager: Display: Found up-to-date module file ../../../Engine/Plugins/Editor/PluginBrowser/Binaries/Win64/UE4Editor-PluginBrowser.dll (API version 3944462).
LogModuleManager: Display: Found up-to-date module file ../../../Engine/Plugins/Editor/SpeedTreeImporter/Binaries/Win64/UE4Editor-SpeedTreeImporter.dll (API version 3944462).
LogModuleManager: Display: Found up-to-date module file ../../../Engine/Plugins/Enterprise/DatasmithContent/Binaries/Win64/UE4Editor-DatasmithContent.dll (API version 3944462).
LogModuleManager: Display: Found up-to-date module file ../../../Engine/Plugins/Experimental/AlembicImporter/Binaries/Win64/UE4Editor-AlembicImporter.dll (API version 3944462).
LogModuleManager: Display: Found up-to-date module file ../../../Engine/Plugins/Experimental/AlembicImporter/Binaries/Win64/UE4Editor-AlembicLibrary.dll (API version 3944462).
LogModuleManager: Display: Found up-to-date module file ../../../Engine/Plugins/Experimental/CharacterAI/Binaries/Win64/UE4Editor-CharacterAI.dll (API version 3944462).
LogModuleManager: Display: Found up-to-date module file ../../../Engine/Plugins/Experimental/HTML5Networking/Binaries/Win64/UE4Editor-HTML5Networking.dll (API version 3944462).
LogModuleManager: Display: Found up-to-date module file ../../../Engine/Plugins/Media/AndroidMedia/Binaries/Win64/UE4Editor-AndroidMediaEditor.dll (API version 3944462).
LogModuleManager: Display: Found up-to-date module file ../../../Engine/Plugins/Media/AndroidMedia/Binaries/Win64/UE4Editor-AndroidMediaFactory.dll (API version 3944462).
LogModuleManager: Display: Found up-to-date module file ../../../Engine/Plugins/Media/AvfMedia/Binaries/Win64/UE4Editor-AvfMediaEditor.dll (API version 3944462).
LogModuleManager: Display: Found up-to-date module file ../../../Engine/Plugins/Media/AvfMedia/Binaries/Win64/UE4Editor-AvfMediaFactory.dll (API version 3944462).
LogModuleManager: Display: Found up-to-date module file ../../../Engine/Plugins/Media/AvfMedia/Binaries/Win64/UE4Editor-AvfMediaFactory.dll (API version 3944462).
LogModuleManager: Display: Found up-to-date module file ../../../Engine/Plugins/Media/ImgMedia/Binaries/Win64/UE4Editor-ImgMedia.dll (API version 3944462).
LogModuleManager: Display: Found up-to-date module file ../../../Engine/Plugins/Media/ImgMedia/Binaries/Win64/UE4Editor-ImgMediaEditor.dll (API version 3944462).
LogModuleManager: Display: Found up-to-date module file ../../../Engine/Plugins/Media/ImgMedia/Binaries/Win64/UE4Editor-ImgMediaFactory.dll (API version 3944462).
LogModuleManager: Display: Found up-to-date module file ../../../Engine/Plugins/Media/ImgMedia/Binaries/Win64/UE4Editor-ImgMediaFactory.dll (API version 3944462).
LogModuleManager: Display: Found up-to-date module file ../../../Engine/Plugins/Media/ImgMedia/Binaries/Win64/UE4Editor-OpenExrWrapper.dll (API version 3944462).
LogModuleManager: Display: Found up-to-date module file ../../../Engine/Plugins/Media/LinearTimecode/Binaries/Win64/UE4Editor-LinearTimecode.dll (API version 3944462).
LogModuleManager: Display: Found up-to-date module file ../../../Engine/Plugins/Media/MediaCompositing/Binaries/Win64/UE4Editor-MediaCompositing.dll (API version 3944462).
LogModuleManager: Display: Found up-to-date module file ../../../Engine/Plugins/Media/MediaCompositing/Binaries/Win64/UE4Editor-MediaCompositingEditor.dll (API version 3944462).
LogModuleManager: Display: Found up-to-date module file ../../../Engine/Plugins/Media/MediaPlayerEditor/Binaries/Win64/UE4Editor-MediaPlayerEditor.dll (API version 3944462).
LogModuleManager: Display: Found up-to-date module file ../../../Engine/Plugins/Media/WmfMedia/Binaries/Win64/UE4Editor-WmfMedia.dll (API version 3944462).
LogModuleManager: Display: Found up-to-date module file ../../../Engine/Plugins/Media/WmfMedia/Binaries/Win64/UE4Editor-WmfMediaEditor.dll (API version 3944462).
LogModuleManager: Display: Found up-to-date module file ../../../Engine/Plugins/Media/WmfMedia/Binaries/Win64/UE4Editor-WmfMediaFactory.dll (API version 3944462).
LogModuleManager: Display: Found up-to-date module file ../../../Engine/Plugins/Media/WmfMedia/Binaries/Win64/UE4Editor-WmfMediaFactory.dll (API version 3944462).
LogModuleManager: Display: Found up-to-date module file ../../../Engine/Plugins/Messaging/TcpMessaging/Binaries/Win64/UE4Editor-TcpMessaging.dll (API version 3944462).
LogModuleManager: Display: Found up-to-date module file ../../../Engine/Plugins/Messaging/UdpMessaging/Binaries/Win64/UE4Editor-UdpMessaging.dll (API version 3944462).
LogModuleManager: Display: Found up-to-date module file ../../../Engine/Plugins/MovieScene/ActorSequence/Binaries/Win64/UE4Editor-ActorSequence.dll (API version 3944462).
LogModuleManager: Display: Found up-to-date module file ../../../Engine/Plugins/MovieScene/LevelSequenceEditor/Binaries/Win64/UE4Editor-LevelSequenceEditor.dll (API version 3944462).
LogModuleManager: Display: Found up-to-date module file ../../../Engine/Plugins/MovieScene/MatineeToLevelSequence/Binaries/Win64/UE4Editor-MatineeToLevelSequence.dll (API version 3944462).
LogModuleManager: Display: Found up-to-date module file ../../../Engine/Plugins/NetcodeUnitTest/NetcodeUnitTest/Binaries/Win64/UE4Editor-NetcodeUnitTest.dll (API version 3944462).
LogModuleManager: Display: Found up-to-date module file ../../../Engine/Plugins/NetcodeUnitTest/NUTUnrealEngine4/Binaries/Win64/UE4Editor-NUTUnrealEngine4.dll (API version 3944462).
LogModuleManager: Display: Found up-to-date module file ../../../Engine/Plugins/Online/OnlineSubsystem/Binaries/Win64/UE4Editor-OnlineSubsystem.dll (API version 3944462).
LogModuleManager: Display: Found up-to-date module file ../../../Engine/Plugins/Online/OnlineSubsystemNull/Binaries/Win64/UE4Editor-OnlineSubsystemNull.dll (API version 3944462).
LogModuleManager: Display: Found up-to-date module file ../../../Engine/Plugins/Online/OnlineSubsystemUtils/Binaries/Win64/UE4Editor-OnlineSubsystemUtils.dll (API version 3944462).
LogModuleManager: Display: Found up-to-date module file ../../../Engine/Plugins/Online/OnlineSubsystemUtils/Binaries/Win64/UE4Editor-OnlineBlueprintSupport.dll (API version 3944462).
LogModuleManager: Display: Found up-to-date module file ../../../Engine/Plugins/Runtime/AndroidDeviceProfileSelector/Binaries/Win64/UE4Editor-AndroidDeviceProfileSelector.dll (API version 3944462).
LogModuleManager: Display: Found up-to-date module file ../../../Engine/Plugins/Runtime/AndroidPermission/Binaries/Win64/UE4Editor-AndroidPermission.dll (API version 3944462).
LogModuleManager: Display: Found up-to-date module file ../../../Engine/Plugins/Runtime/AppleARKit/Binaries/Win64/UE4Editor-AppleARKit.dll (API version 3944462).
LogModuleManager: Display: Found up-to-date module file ../../../Engine/Plugins/Runtime/ArchVisCharacter/Binaries/Win64/UE4Editor-ArchVisCharacter.dll (API version 3944462).
LogModuleManager: Display: Found up-to-date module file ../../../Engine/Plugins/Runtime/AudioCapture/Binaries/Win64/UE4Editor-AudioCapture.dll (API version 3944462).
LogModuleManager: Display: Found up-to-date module file ../../../Engine/Plugins/Runtime/AudioCapture/Binaries/Win64/UE4Editor-AudioCaptureEditor.dll (API version 3944462).
LogModuleManager: Display: Found up-to-date module file ../../../Engine/Plugins/Runtime/CableComponent/Binaries/Win64/UE4Editor-CableComponent.dll (API version 3944462).
LogModuleManager: Display: Found up-to-date module file ../../../Engine/Plugins/Runtime/CustomMeshComponent/Binaries/Win64/UE4Editor-CustomMeshComponent.dll (API version 3944462).
LogModuleManager: Display: Found up-to-date module file ../../../Engine/Plugins/Runtime/ExampleDeviceProfileSelector/Binaries/Win64/UE4Editor-ExampleDeviceProfileSelector.dll (API version 3944462).
LogModuleManager: Display: Found up-to-date module file ../../../Engine/Plugins/Runtime/ImmediatePhysics/Binaries/Win64/UE4Editor-ImmediatePhysics.dll (API version 3944462).
LogModuleManager: Display: Found up-to-date module file ../../../Engine/Plugins/Runtime/ImmediatePhysics/Binaries/Win64/UE4Editor-ImmediatePhysicsEditor.dll (API version 3944462).
LogModuleManager: Display: Found up-to-date module file ../../../Engine/Plugins/Runtime/LocationServicesBPLibrary/Binaries/Win64/UE4Editor-LocationServicesBPLibrary.dll (API version 3944462).
LogModuleManager: Display: Found up-to-date module file ../../../Engine/Plugins/Runtime/MobilePatchingUtils/Binaries/Win64/UE4Editor-MobilePatchingUtils.dll (API version 3944462).
LogModuleManager: Display: Found up-to-date module file ../../../Engine/Plugins/Runtime/Oculus/OculusVR/Binaries/Win64/UE4Editor-OculusHMD.dll (API version 3944462).
LogModuleManager: Display: Found up-to-date module file ../../../Engine/Plugins/Runtime/Oculus/OculusVR/Binaries/Win64/UE4Editor-OculusInput.dll (API version 3944462).
LogModuleManager: Display: Found up-to-date module file ../../../Engine/Plugins/Runtime/Oculus/OculusVR/Binaries/Win64/UE4Editor-OculusEditor.dll (API version 3944462).
LogModuleManager: Display: Found up-to-date module file ../../../Engine/Plugins/Runtime/PhysXVehicles/Binaries/Win64/UE4Editor-PhysXVehicles.dll (API version 3944462).
LogModuleManager: Display: Found up-to-date module file ../../../Engine/Plugins/Runtime/PhysXVehicles/Binaries/Win64/UE4Editor-PhysXVehiclesEditor.dll (API version 3944462).
LogModuleManager: Display: Found up-to-date module file ../../../Engine/Plugins/Runtime/ProceduralMeshComponent/Binaries/Win64/UE4Editor-ProceduralMeshComponent.dll (API version 3944462).
LogModuleManager: Display: Found up-to-date module file ../../../Engine/Plugins/Runtime/ProceduralMeshComponent/Binaries/Win64/UE4Editor-ProceduralMeshComponentEditor.dll (API version 3944462).
LogModuleManager: Display: Found up-to-date module file ../../../Engine/Plugins/Runtime/RuntimePhysXCooking/Binaries/Win64/UE4Editor-RuntimePhysXCooking.dll (API version 3944462).
LogModuleManager: Display: Found up-to-date module file ../../../Engine/Plugins/Runtime/Steam/SteamVR/Binaries/Win64/UE4Editor-SteamVR.dll (API version 3944462).
LogModuleManager: Display: Found up-to-date module file ../../../Engine/Plugins/Runtime/Steam/SteamVR/Binaries/Win64/UE4Editor-SteamVRController.dll (API version 3944462).
LogModuleManager: Display: Found up-to-date module file ../../../Engine/Plugins/Runtime/WindowsMoviePlayer/Binaries/Win64/UE4Editor-WindowsMoviePlayer.dll (API version 3944462).
LogInit: Using libcurl 7.47.1
LogInit:  - built for x86_64-pc-win32
LogInit:  - supports SSL with OpenSSL/1.0.2g
LogInit:  - supports HTTP deflate (compression) using libz 1.2.8
LogInit:  - other features:
LogInit:      CURL_VERSION_SSL
LogInit:      CURL_VERSION_LIBZ
LogInit:      CURL_VERSION_IPV6
LogInit:      CURL_VERSION_ASYNCHDNS
LogInit:      CURL_VERSION_LARGEFILE
LogInit:      CURL_VERSION_IDN
LogInit:  CurlRequestOptions (configurable via config and command line):
LogInit:  - bVerifyPeer = false  - Libcurl will NOT verify peer certificate
LogInit:  - bUseHttpProxy = false  - Libcurl will NOT use HTTP proxy
LogInit:  - bDontReuseConnections = false  - Libcurl will reuse connections
LogInit:  - CertBundlePath = nullptr  - Libcurl will use whatever was configured at build time.
LogInit:  - MaxHostConnections = 16  - Libcurl will limit the number of connections to a host
LogInit:  - LocalHostAddr = Default
LogModuleManager: Warning: No filename provided for module OnlineSubsystemLAN
LogModuleManager: Warning: ModuleManager: Unable to load module 'OnlineSubsystemLAN' because the file 'C:/Program Files/Epic Games/UE_4.19/Engine/Binaries/Win64/' was not found.
LogInit: WinSock: version 1.1 (2.2), MaxSocks=32767, MaxUdp=65467
LogInit: WinSock: I am DESKTOP-SP4B9R1 (192.168.56.1:0)
LogInit: Build: ++UE4+Release-4.19-CL-4033788
LogInit: Engine Version: 4.19.2-4033788+++UE4+Release-4.19
LogInit: Compatible Engine Version: 4.19.0-3944462+++UE4+Release-4.19
LogInit: Net CL: 3944462
LogDevObjectVersion: Number of dev versions registered: 18
LogDevObjectVersion:   Dev-Blueprints (B0D832E4-1F89-4F0D-ACCF-7EB736FD4AA2): 10
LogDevObjectVersion:   Dev-Build (E1C64328-A22C-4D53-A36C-8E866417BD8C): 0
LogDevObjectVersion:   Dev-Core (375EC13C-06E4-48FB-B500-84F0262A717E): 2
LogDevObjectVersion:   Dev-Editor (E4B068ED-F494-42E9-A231-DA0B2E46BB41): 23
LogDevObjectVersion:   Dev-Framework (CFFC743F-43B0-4480-9391-14DF171D2073): 33
LogDevObjectVersion:   Dev-Mobile (B02B49B5-BB20-44E9-A304-32B752E40360): 2
LogDevObjectVersion:   Dev-Networking (A4E4105C-59A1-49B5-A7C5-40C4547EDFEE): 0
LogDevObjectVersion:   Dev-Online (39C831C9-5AE6-47DC-9A44-9C173E1C8E7C): 0
LogDevObjectVersion:   Dev-Physics (78F01B33-EBEA-4F98-B9B4-84EACCB95AA2): 0
LogDevObjectVersion:   Dev-Platform (6631380F-2D4D-43E0-8009-CF276956A95A): 0
LogDevObjectVersion:   Dev-Rendering (12F88B9F-8875-4AFC-A67C-D90C383ABD29): 25
LogDevObjectVersion:   Dev-Sequencer (7B5AE74C-D270-4C10-A958-57980B212A5A): 6
LogDevObjectVersion:   Dev-VR (D7296918-1DD6-4BDD-9DE2-64A83CC13884): 1
LogDevObjectVersion:   Dev-LoadTimes (C2A15278-BFE7-4AFE-6C17-90FF531DF755): 1
LogDevObjectVersion:   Private-Geometry (6EACA3D4-40EC-4CC1-B786-8BED09428FC5): 2
LogDevObjectVersion:   Dev-AnimPhys (29E575DD-E0A3-4627-9D10-D276232CDCEA): 16
LogDevObjectVersion:   Dev-ReflectionCapture (6B266CEC-1EC7-4B8F-A30B-E4D90942FC07): 1
LogDevObjectVersion:   Dev-Automation (0DF73D61-A23F-47EA-B727-89E90C41499A): 1
LogInit: Compiled (64-bit): Apr 27 2018 02:06:57
LogInit: Compiled with Visual C++: 19.00.24215.01
LogInit: Build Configuration: Development
LogInit: Branch Name: ++UE4+Release-4.19
LogInit: Command Line: 
LogInit: Base Directory: C:/Program Files/Epic Games/UE_4.19/Engine/Binaries/Win64/
LogInit: Installed Engine Build: 1
LogStreaming: Display: Took  0.001s to delete old logs.
LogInit: Presizing for max 8388607 objects, including 0 objects not considered by GC, pre-allocating 0 bytes for permanent pool.
LogInit: Object subsystem initialized
[2018.12.01-18.05.20:081][  0]LogInit: Selected Device Profile: [Windows]
[2018.12.01-18.05.20:081][  0]LogInit: Applying CVar settings loaded from the selected device profile: [Windows]
[2018.12.01-18.05.20:236][  0]LogInit: Computer: DESKTOP-SP4B9R1
[2018.12.01-18.05.20:236][  0]LogInit: User: FelipeDelgado
[2018.12.01-18.05.20:236][  0]LogInit: CPU Page size=4096, Cores=2
[2018.12.01-18.05.20:236][  0]LogInit: High frequency timer resolution =2.340365 MHz
[2018.12.01-18.05.20:237][  0]LogMemory: Memory total: Physical=7.9GB (8GB approx)
[2018.12.01-18.05.20:237][  0]LogMemory: Platform Memory Stats for Windows
[2018.12.01-18.05.20:237][  0]LogMemory: Process Physical Memory: 275.17 MB used, 275.17 MB peak
[2018.12.01-18.05.20:237][  0]LogMemory: Process Virtual Memory: 270.06 MB used, 270.06 MB peak
[2018.12.01-18.05.20:237][  0]LogMemory: Physical Memory: 4835.55 MB used,  3255.82 MB free, 8091.37 MB total
[2018.12.01-18.05.20:237][  0]LogMemory: Virtual Memory: 4782.80 MB used,  3255.82 MB free, 134217728.00 MB total
[2018.12.01-18.05.20:285][  0]LogInit: Overriding language with editor language configuration option (en-US).
[2018.12.01-18.05.20:285][  0]LogInit: Overriding locale with editor locale configuration option (en-US).
[2018.12.01-18.05.20:289][  0]LogTextLocalizationManager: No specific localization for 'en-US' exists, so the 'en' localization will be used.
[2018.12.01-18.05.20:813][  0]LogStreaming: Display: Took  0.530s to EndInitTextLocalization.
[2018.12.01-18.05.20:814][  0]LogInit: Setting process to per monitor DPI aware
[2018.12.01-18.05.20:853][  0]LogSlate: New Slate User Created.  User Index 0, Is Virtual User: 0
[2018.12.01-18.05.20:853][  0]LogSlate: Slate User Registered.  User Index 0, Is Virtual User: 0
[2018.12.01-18.05.21:203][  0]LogD3D11RHI: D3D11 adapters:
[2018.12.01-18.05.21:352][  0]LogD3D11RHI:    0. 'NVIDIA GeForce 940M' (Feature Level 11_0)
[2018.12.01-18.05.21:352][  0]LogD3D11RHI:       2010/0/4045 MB DedicatedVideo/DedicatedSystem/SharedSystem, Outputs:1, VendorId:0x10de
[2018.12.01-18.05.21:360][  0]LogD3D11RHI:    1. 'Intel(R) HD Graphics 5500' (Feature Level 11_0)
[2018.12.01-18.05.21:360][  0]LogD3D11RHI:       128/0/4045 MB DedicatedVideo/DedicatedSystem/SharedSystem, Outputs:0, VendorId:0x8086
[2018.12.01-18.05.21:363][  0]LogD3D11RHI:    2. 'Microsoft Basic Render Driver' (Feature Level 11_0)
[2018.12.01-18.05.21:363][  0]LogD3D11RHI:       0/0/4045 MB DedicatedVideo/DedicatedSystem/SharedSystem, Outputs:0, VendorId:0x1414
[2018.12.01-18.05.21:363][  0]LogD3D11RHI: Chosen D3D11 Adapter: 0
[2018.12.01-18.05.21:397][  0]LogD3D11RHI: Creating new Direct3DDevice
[2018.12.01-18.05.21:398][  0]LogD3D11RHI:     GPU DeviceId: 0x1347 (for the marketing name, search the web for "GPU Device Id")
[2018.12.01-18.05.21:398][  0]LogWindows: EnumDisplayDevices:
[2018.12.01-18.05.21:398][  0]LogWindows:    0. 'Intel(R) HD Graphics 5500' (P:1 D:1)
[2018.12.01-18.05.21:398][  0]LogWindows:    1. 'Intel(R) HD Graphics 5500' (P:0 D:0)
[2018.12.01-18.05.21:398][  0]LogWindows:    2. 'Intel(R) HD Graphics 5500' (P:0 D:0)
[2018.12.01-18.05.21:399][  0]LogWindows: DebugString: GetVideoDriverDetailsInvalid PrimaryIsNotTheChoosenAdapter GetVideoDriverDetailsInvalid PrimaryIsNotTheChoosenAdapter GetVideoDriverDetailsInvalid PrimaryIsNotTheChoosenAdapter FoundDriverCount:0 
[2018.12.01-18.05.21:399][  0]LogD3D11RHI:     Adapter Name: NVIDIA GeForce 940M
[2018.12.01-18.05.21:399][  0]LogD3D11RHI:   Driver Version: Unknown (internal:Unknown, unified:Unknown)
[2018.12.01-18.05.21:399][  0]LogD3D11RHI:      Driver Date: Unknown
[2018.12.01-18.05.21:399][  0]LogRHI: Texture pool is 1407 MB (70% of 2010 MB)
[2018.12.01-18.05.21:484][  0]LogD3D11RHI: [Aftermath] Aftermath enabled and primed
[2018.12.01-18.05.21:485][  0]LogD3D11RHI: [Aftermath] Aftermath enabled and primed
[2018.12.01-18.05.21:485][  0]LogD3D11RHI: Async texture creation enabled
[2018.12.01-18.05.21:508][  0]LogD3D11RHI: GPU Timing Frequency: 1000.000000 (Debug: 2 2)
[2018.12.01-18.05.21:509][  0]LogShaderCompilers: Guid format shader working directory is -23 characters bigger than the processId version (../../../../../../Users/Felipe Delgado/Documents/Unreal Projects/SurvivingLife/Intermediate/Shaders/WorkingDirectory/6788/).
[2018.12.01-18.05.21:509][  0]LogShaderCompilers: Cleaned the shader compiler working directory 'C:/Users/Felipe Delgado/AppData/Local/Temp/UnrealShaderWorkingDir/5676E59A47D959E26D26E184E8A2B187/'.
[2018.12.01-18.05.21:941][  0]LogTemp: Display: Loaded TP AllDesktopTargetPlatform
[2018.12.01-18.05.21:962][  0]LogTemp: Display: Loaded TP MacClientTargetPlatform
[2018.12.01-18.05.21:982][  0]LogTemp: Display: Loaded TP MacNoEditorTargetPlatform
[2018.12.01-18.05.22:010][  0]LogTemp: Display: Loaded TP MacServerTargetPlatform
[2018.12.01-18.05.22:030][  0]LogTemp: Display: Loaded TP MacTargetPlatform
[2018.12.01-18.05.22:051][  0]LogTemp: Display: Loaded TP WindowsClientTargetPlatform
[2018.12.01-18.05.22:071][  0]LogTemp: Display: Loaded TP WindowsNoEditorTargetPlatform
[2018.12.01-18.05.22:094][  0]LogTemp: Display: Loaded TP WindowsServerTargetPlatform
[2018.12.01-18.05.22:105][  0]LogTemp: Display: Loaded TP WindowsTargetPlatform
[2018.12.01-18.05.22:121][  0]LogTemp: Display: Loaded TP Android_ASTCTargetPlatform
[2018.12.01-18.05.22:137][  0]LogTemp: Display: Loaded TP Android_ATCTargetPlatform
[2018.12.01-18.05.22:153][  0]LogTemp: Display: Loaded TP Android_DXTTargetPlatform
[2018.12.01-18.05.22:169][  0]LogTemp: Display: Loaded TP Android_ETC1aTargetPlatform
[2018.12.01-18.05.22:185][  0]LogTemp: Display: Loaded TP Android_ETC1TargetPlatform
[2018.12.01-18.05.22:201][  0]LogTemp: Display: Loaded TP Android_ETC2TargetPlatform
[2018.12.01-18.05.22:234][  0]LogTemp: Display: Loaded TP Android_MultiTargetPlatform
[2018.12.01-18.05.22:234][  0]LogTemp: Display: Loaded TP Android_PVRTCTargetPlatform
[2018.12.01-18.05.22:251][  0]LogTemp: Display: Loaded TP AndroidTargetPlatform
[2018.12.01-18.05.22:253][  0]LogTemp: Display: Loaded TP HTML5TargetPlatform
[2018.12.01-18.05.22:300][  0]LogTemp: Display: Loaded TP IOSTargetPlatform
[2018.12.01-18.05.22:316][  0]LogTemp: Display: Loaded TP TVOSTargetPlatform
[2018.12.01-18.05.22:332][  0]LogTemp: Display: Loaded TP LinuxClientTargetPlatform
[2018.12.01-18.05.22:349][  0]LogTemp: Display: Loaded TP LinuxNoEditorTargetPlatform
[2018.12.01-18.05.22:365][  0]LogTemp: Display: Loaded TP LinuxServerTargetPlatform
[2018.12.01-18.05.22:380][  0]LogTemp: Display: Loaded TP LinuxTargetPlatform
[2018.12.01-18.05.22:380][  0]LogTargetPlatformManager: Display: Building Assets For Windows
[2018.12.01-18.05.22:605][  0]LogXGEController: Cannot use XGE Controller as Incredibuild is not installed on this machine.
[2018.12.01-18.05.22:605][  0]LogShaderCompilers: Cannot use XGE Shader Compiler as Incredibuild is not installed on this machine.
[2018.12.01-18.05.22:605][  0]LogShaderCompilers: Display: Using Local Shader Compiler.
[2018.12.01-18.05.23:726][  0]LogDerivedDataCache: Display: Max Cache Size: 512 MB
[2018.12.01-18.05.27:926][  0]LogDerivedDataCache: Loaded boot cache 4.20s 74MB C:/Users/Felipe Delgado/AppData/Local/UnrealEngine/4.19/DerivedDataCache/Boot.ddc.
[2018.12.01-18.05.27:926][  0]LogDerivedDataCache: Display: Loaded Boot cache: C:/Users/Felipe Delgado/AppData/Local/UnrealEngine/4.19/DerivedDataCache/Boot.ddc
[2018.12.01-18.05.27:927][  0]LogDerivedDataCache: FDerivedDataBackendGraph:  Pak pak cache file ../../../../../../Users/Felipe Delgado/Documents/Unreal Projects/SurvivingLife/DerivedDataCache/DDC.ddp not found, will not use a pak cache.
[2018.12.01-18.05.27:927][  0]LogDerivedDataCache: Unable to find inner node Pak for hierarchical cache Hierarchy.
[2018.12.01-18.05.27:927][  0]LogDerivedDataCache: FDerivedDataBackendGraph:  CompressedPak pak cache file ../../../../../../Users/Felipe Delgado/Documents/Unreal Projects/SurvivingLife/DerivedDataCache/Compressed.ddp not found, will not use a pak cache.
[2018.12.01-18.05.27:927][  0]LogDerivedDataCache: Unable to find inner node CompressedPak for hierarchical cache Hierarchy.
[2018.12.01-18.05.27:949][  0]LogDerivedDataCache: Display: Pak cache opened for reading ../../../Engine/DerivedDataCache/Compressed.ddp.
[2018.12.01-18.05.27:961][  0]LogDerivedDataCache: Using Local data cache path C:/Users/Felipe Delgado/AppData/Local/UnrealEngine/Common/DerivedDataCache: Writable
[2018.12.01-18.05.27:961][  0]LogDerivedDataCache: Shared data cache path not found in *engine.ini, will not use an Shared cache.
[2018.12.01-18.05.27:961][  0]LogDerivedDataCache: Unable to find inner node Shared for hierarchical cache Hierarchy.
[2018.12.01-18.05.27:976][  0]LogMaterial: Verifying Global Shaders for PCD3D_SM5
[2018.12.01-18.05.27:977][  0]LogSlate: Using Freetype 2.6.0
[2018.12.01-18.05.28:105][  0]LogSlate: SlateFontCache - WITH_FREETYPE: 1, WITH_HARFBUZZ: 1
[2018.12.01-18.05.28:105][  0]LogSlate: SlateFontCache - WITH_FREETYPE: 1, WITH_HARFBUZZ: 1
[2018.12.01-18.05.32:078][  0]LogAssetRegistry: FAssetRegistry took 0.0347 seconds to start up
[2018.12.01-18.05.32:506][  0]LogInit: Selected Device Profile: [Windows]
[2018.12.01-18.05.32:795][  0]LogSimplygon: Simplygon DLL not present - disabling.
[2018.12.01-18.05.32:802][  0]LogMeshReduction: Using SimplygonSwarm for distributed automatic mesh merging
[2018.12.01-18.05.32:802][  0]LogMeshReduction: Using QuadricMeshReduction for automatic static mesh reduction
[2018.12.01-18.05.32:803][  0]LogMeshReduction: No automatic skeletal mesh reduction module available
[2018.12.01-18.05.32:803][  0]LogMeshReduction: No automatic mesh merging module available
[2018.12.01-18.05.32:803][  0]LogMeshMerging: No automatic mesh merging module available
[2018.12.01-18.05.32:861][  0]LogNetVersion: SurvivingLife , NetCL: 3944462, EngineNetVer: 2, GameNetVer: 0 (Checksum: 2489833211)
[2018.12.01-18.05.34:601][  0]LogPackageLocalizationCache: Processed 9 localized package path(s) for 2 prioritized culture(s) in 1.059803 seconds
[2018.12.01-18.05.34:612][  0]LogUObjectArray: 36728 objects as part of root set at end of initial load.
[2018.12.01-18.05.34:612][  0]LogUObjectAllocator: 7314312 out of 0 bytes used by permanent object pool.
[2018.12.01-18.05.34:613][  0]LogUObjectArray: CloseDisregardForGC: 0/0 objects in disregard for GC pool
[2018.12.01-18.06.24:507][  0]LogTcpMessaging: Initializing TcpMessaging bridge
[2018.12.01-18.06.24:557][  0]LogUdpMessaging: Initializing bridge on interface 0.0.0.0:0 to multicast group 230.0.0.1:6666.
[2018.12.01-18.06.25:250][  0]LogLinker: Warning: Can't find file '/Game/TopDownCPP/Blueprints/M_Cursor_Decal'
[2018.12.01-18.06.25:250][  0]LogLinker: Warning: Can't find file '/Game/TopDownCPP/Blueprints/M_Cursor_Decal'
[2018.12.01-18.06.25:251][  0]LogUObjectGlobals: Warning: Failed to find object 'Material /Game/TopDownCPP/Blueprints/M_Cursor_Decal.M_Cursor_Decal'
[2018.12.01-18.06.25:251][  0]Error: CDO Constructor (SurvivingLifeCharacter): Failed to find Material'/Game/TopDownCPP/Blueprints/M_Cursor_Decal.M_Cursor_Decal'

[2018.12.01-18.06.25:273][  0]LogLinker: Warning: Can't find file '/Game/TopDownCPP/Blueprints/TopDownCharacter'
[2018.12.01-18.06.25:274][  0]LogLinker: Warning: Can't find file '/Game/TopDownCPP/Blueprints/TopDownCharacter'
[2018.12.01-18.06.25:274][  0]LogUObjectGlobals: Warning: Failed to find object 'Class /Game/TopDownCPP/Blueprints/TopDownCharacter.TopDownCharacter_C'
[2018.12.01-18.06.25:274][  0]Error: CDO Constructor (SurvivingLifeGameMode): Failed to find /Game/TopDownCPP/Blueprints/TopDownCharacter.TopDownCharacter_C

[2018.12.01-18.06.25:275][  0]LogUObjectBase: Warning: -------------- Default Property warnings and errors:
[2018.12.01-18.06.25:275][  0]LogUObjectBase: Warning: Error: CDO Constructor (SurvivingLifeCharacter): Failed to find Material'/Game/TopDownCPP/Blueprints/M_Cursor_Decal.M_Cursor_Decal'

[2018.12.01-18.06.25:275][  0]LogUObjectBase: Warning: Error: CDO Constructor (SurvivingLifeGameMode): Failed to find /Game/TopDownCPP/Blueprints/TopDownCharacter.TopDownCharacter_C

[2018.12.01-18.06.26:671][  0]LogWindowsTextInputMethodSystem: Display: IME system now deactivated.
[2018.12.01-18.06.27:476][  0]SourceControl: Source control is disabled
[2018.12.01-18.06.27:476][  0]SourceControl: Source control is disabled
[2018.12.01-18.06.27:513][  0]SourceControl: Source control is disabled
[2018.12.01-18.06.27:548][  0]SourceControl: Source control is disabled
[2018.12.01-18.06.28:774][  0]LogAndroidPermission: UAndroidPermissionCallbackProxy::GetInstance
[2018.12.01-18.06.29:245][  0]LogOcInput: OculusInput pre-init called
[2018.12.01-18.06.29:543][  0]LogEngine: Initializing Engine...
[2018.12.01-18.06.29:545][  0]LogHMD: Failed to initialize OpenVR with code 110
[2018.12.01-18.06.29:546][  0]LogStats: UGameplayTagsManager::ConstructGameplayTagTree: Construct from data asset -  0.000 s
[2018.12.01-18.06.29:546][  0]LogStats: UGameplayTagsManager::ConstructGameplayTagTree: GameplayTagTreeChangedEvent.Broadcast -  0.000 s
[2018.12.01-18.06.31:308][  0]LogAIModule: Creating AISystem for world Untitled
[2018.12.01-18.06.31:326][  0]LogInit: XAudio2 using 'Altavoces (Logitech USB Headset)' : 2 channels at 44.1 kHz using 16 bits per sample (channel mask 0x3)
[2018.12.01-18.06.31:370][  0]LogInit: FAudioDevice initialized.
[2018.12.01-18.06.32:519][  0]LogDerivedDataCache: Saved boot cache 1.15s 74MB C:/Users/Felipe Delgado/AppData/Local/UnrealEngine/4.19/DerivedDataCache/Boot.ddc.
[2018.12.01-18.06.32:551][  0]LogInit: Texture streaming: Enabled
[2018.12.01-18.06.32:812][  0]LogEngineSessionManager: EngineSessionManager initialized
[2018.12.01-18.06.32:956][  0]LogInit: Transaction tracking system initialized
[2018.12.01-18.06.33:012][  0]BlueprintLog: New page: Editor Load
[2018.12.01-18.06.34:001][  0]LocalizationService: Localization service is disabled
[2018.12.01-18.06.35:287][  0]LogConsoleResponse: Display: 
[2018.12.01-18.06.38:180][  0]LogCook: Display: Max memory allowance for cook 16384mb min free memory 0mb
[2018.12.01-18.06.38:181][  0]LogCook: Display: Mobile HDR setting 1
[2018.12.01-18.06.38:181][  0]LogGameplayTags: Display: UGameplayTagsManager::DoneAddingNativeTags. DelegateIsBound: 0
[2018.12.01-18.06.38:181][  0]LogStats: UGameplayTagsManager::ConstructGameplayTagTree: Construct from data asset -  0.000 s
[2018.12.01-18.06.38:181][  0]LogStats: UGameplayTagsManager::ConstructGameplayTagTree: GameplayTagTreeChangedEvent.Broadcast -  0.000 s
[2018.12.01-18.06.38:726][  0]LogFileCache: Scanning file cache for directory 'C:/Users/Felipe Delgado/Documents/Unreal Projects/SurvivingLife/Content/' took 0.36s
[2018.12.01-18.06.40:188][  0]SourceControl: Source control is disabled
[2018.12.01-18.06.40:188][  0]Cmd: MAP LOAD FILE="../../../../../../Users/Felipe Delgado/Documents/Unreal Projects/SurvivingLife/Content/TopDownCPP/Maps/TopDownExampleMap.umap" TEMPLATE=0 SHOWPROGRESS=1 FEATURELEVEL=3
[2018.12.01-18.06.40:189][  0]LogEditorServer: Warning: Can't find file '../../../../../../Users/Felipe Delgado/Documents/Unreal Projects/SurvivingLife/Content/TopDownCPP/Maps/TopDownExampleMap.umap'
[2018.12.01-18.06.40:189][  0]Cmd: MAP CHECKDEP NOCLEARLOG
[2018.12.01-18.06.40:303][  0]MapCheck: Map check complete: 0 Error(s), 0 Warning(s), took 113.984ms to complete.
[2018.12.01-18.06.40:303][  0]LogFileHelpers: Loading map 'TopDownExampleMap' took 0.115
[2018.12.01-18.06.40:731][  0]LogWindowsTextInputMethodSystem: Display: IME system now deactivated.
[2018.12.01-18.06.47:552][  0]LogCollectionManager: Loaded 0 collections in 0.007074 seconds
[2018.12.01-18.06.50:037][  0]LogFileCache: Scanning file cache for directory 'C:/Users/Felipe Delgado/Documents/Unreal Projects/SurvivingLife/Saved/Collections/' took 0.01s
[2018.12.01-18.06.50:037][  0]LogFileCache: Scanning file cache for directory 'C:/Users/Felipe Delgado/Documents/Unreal Projects/SurvivingLife/Content/Developers/FelipeDelgado/Collections/' took 0.01s
[2018.12.01-18.06.50:037][  0]LogFileCache: Scanning file cache for directory 'C:/Users/Felipe Delgado/Documents/Unreal Projects/SurvivingLife/Content/Collections/' took 0.01s
[2018.12.01-18.06.50:037][  0]LogCollectionManager: Rebuilt the GUID cache for 0 collections in 0.000000 seconds
[2018.12.01-18.06.50:179][  0]LogContentBrowser: Native class hierarchy populated in 0.0746 seconds. Added 2455 classes and 560 folders.
[2018.12.01-18.06.50:887][  0]LogContentBrowser: Native class hierarchy updated for 'WidgetCarousel' in 0.0190 seconds. Added 0 classes and 0 folders.
[2018.12.01-18.07.01:344][  0]LogContentBrowser: Native class hierarchy updated for 'AddContentDialog' in 0.0024 seconds. Added 0 classes and 0 folders.
[2018.12.01-18.07.03:218][  0]LogContentBrowser: Native class hierarchy updated for 'SceneOutliner' in 0.0051 seconds. Added 1 classes and 2 folders.
[2018.12.01-18.07.25:942][  0]LogSlate: Took 0.591435 seconds to synchronously load lazily loaded font '../../../Engine/Content/Slate/Fonts/Roboto-Regular.ttf' (155K)
[2018.12.01-18.07.26:104][  0]LogSlate: Took 0.143044 seconds to synchronously load lazily loaded font '../../../Engine/Content/Slate/Fonts/Roboto-Bold.ttf' (160K)
[2018.12.01-18.07.27:103][  0]LogSlate: Took 0.047869 seconds to synchronously load lazily loaded font '../../../Engine/Content/Editor/Slate/Fonts/FontAwesome.ttf' (139K)
[2018.12.01-18.07.29:592][  0]LogRenderer: Reallocating scene render targets to support 908x436 Format 10 NumSamples 1 (Frame:1).
[2018.12.01-18.07.37:787][  0]LogContentBrowser: Native class hierarchy updated for 'HierarchicalLODOutliner' in 0.0018 seconds. Added 0 classes and 0 folders.
[2018.12.01-18.07.37:787][  0]LogLoad: (Engine Initialization) Total time: 145.24 seconds
[2018.12.01-18.07.37:787][  0]LogLoad: (Engine Initialization) Total Blueprint compile time: 0.00 seconds
[2018.12.01-18.07.39:180][  0]LogSlate: FSceneViewport::OnFocusLost() reason 0
[2018.12.01-18.07.39:790][  0]LogContentStreaming: Texture pool size now 1000 MB
[2018.12.01-18.07.42:524][  0]LogSlate: Took 1.298019 seconds to synchronously load lazily loaded font '../../../Engine/Content/Slate/Fonts/Roboto-Light.ttf' (167K)
[2018.12.01-18.07.42:978][  1]LogFileCache: Retrieving MD5 hashes for directory 'C:/Users/Felipe Delgado/Documents/Unreal Projects/SurvivingLife/Content/' took 3.78s
[2018.12.01-18.07.43:613][  2]LogSlate: Took 0.001008 seconds to synchronously load lazily loaded font '../../../Engine/Content/Slate/Fonts/Roboto-Light.ttf' (167K)
[2018.12.01-18.07.44:304][  5]LogAssetRegistry: Asset discovery search completed in 132.2487 seconds
[2018.12.01-18.07.44:974][  5]LogCollectionManager: Rebuilt the object cache for 0 collections in 0.000001 seconds (found 0 objects)
[2018.12.01-18.07.44:975][  5]LogCollectionManager: Fixed up redirectors for 0 collections in 0.000186 seconds (updated 0 objects)
[2018.12.01-18.32.16:675][441]LogD3D11RHI: Timed out while waiting for GPU to catch up. (0.5 s)
[2018.12.01-18.32.18:688][447]LogD3D11RHI: Timed out while waiting for GPU to catch up. (0.5 s)
[2018.12.01-18.32.19:190][448]LogD3D11RHI: Timed out while waiting for GPU to catch up. (0.5 s)
[2018.12.01-18.41.37:411][123]LogD3D11RHI: Timed out while waiting for GPU to catch up. (0.5 s)
[2018.12.01-18.41.37:913][124]LogD3D11RHI: Timed out while waiting for GPU to catch up. (0.5 s)
[2018.12.01-18.41.39:456][129]LogD3D11RHI: Timed out while waiting for GPU to catch up. (0.5 s)
[2018.12.01-18.41.39:957][130]LogD3D11RHI: Timed out while waiting for GPU to catch up. (0.5 s)
[2018.12.01-18.42.33:860][292]LogD3D11RHI: Timed out while waiting for GPU to catch up. (0.5 s)
[2018.12.01-18.42.34:362][293]LogD3D11RHI: Timed out while waiting for GPU to catch up. (0.5 s)
[2018.12.01-18.42.35:905][298]LogD3D11RHI: Timed out while waiting for GPU to catch up. (0.5 s)
[2018.12.01-18.42.36:406][299]LogD3D11RHI: Timed out while waiting for GPU to catch up. (0.5 s)
[2018.12.01-18.49.04:378][463]LogD3D11RHI: Timed out while waiting for GPU to catch up. (0.5 s)
[2018.12.01-19.04.02:755][158]LogD3D11RHI: Timed out while waiting for GPU to catch up. (0.5 s)
[2018.12.01-19.36.03:338][ 60]LogSlate: Window 'SurvivingLife - Unreal Editor' being destroyed
[2018.12.01-19.36.03:367][ 60]LogWindowsTextInputMethodSystem: Display: IME system now deactivated.
[2018.12.01-19.36.09:291][ 61]Cmd: QUIT_EDITOR
[2018.12.01-19.36.10:210][ 61]LogSlate: Slate User Destroyed.  User Index 0, Is Virtual User: 0
[2018.12.01-19.36.10:227][ 61]LogExit: Preparing to exit.
[2018.12.01-19.36.13:326][ 61]LogDirectoryWatcher: A directory notification for 'C:/Users/Felipe Delgado/Documents/Unreal Projects/SurvivingLife/Content/' was aborted.
[2018.12.01-19.36.14:470][ 61]LogExit: Editor shut down
[2018.12.01-19.36.15:210][ 61]LogExit: Transaction tracking system shut down
[2018.12.01-19.36.15:464][ 61]LogDirectoryWatcher: A directory notification for '../../../Engine/Content/' was aborted.
[2018.12.01-19.36.15:465][ 61]LogDirectoryWatcher: A directory notification for '../../../../../../Users/Felipe Delgado/Documents/Unreal Projects/SurvivingLife/Content/' was aborted.
[2018.12.01-19.36.15:465][ 61]LogDirectoryWatcher: A directory notification for '../../Plugins/2D/Paper2D/Content/' was aborted.
[2018.12.01-19.36.15:465][ 61]LogDirectoryWatcher: A directory notification for '../../Plugins/Enterprise/DatasmithContent/Content/' was aborted.
[2018.12.01-19.36.15:465][ 61]LogDirectoryWatcher: A directory notification for '../../Plugins/Media/MediaCompositing/Content/' was aborted.
[2018.12.01-19.36.15:465][ 61]LogDirectoryWatcher: A directory notification for '../../Plugins/Runtime/AppleARKit/Content/' was aborted.
[2018.12.01-19.36.15:465][ 61]LogDirectoryWatcher: A directory notification for '../../Plugins/Runtime/Oculus/OculusVR/Content/' was aborted.
[2018.12.01-19.36.15:466][ 61]LogDirectoryWatcher: A directory notification for '../../Plugins/Runtime/Steam/SteamVR/Content/' was aborted.
[2018.12.01-19.36.19:286][ 61]LogExit: Object subsystem successfully closed.
[2018.12.01-19.36.19:819][ 61]LogShaderCompilers: Display: Shaders left to compile 0
[2018.12.01-19.36.19:936][ 61]LogD3D11RHI: Shutdown
[2018.12.01-19.36.19:936][ 61]LogD3D11RHI: CleanupD3DDevice
[2018.12.01-19.36.19:997][ 61]LogD3D11RHI: ~FD3D11DynamicRHI
[2018.12.01-19.36.22:405][ 61]LogModuleManager: Shutting down and abandoning module HierarchicalLODOutliner (575)
[2018.12.01-19.36.22:405][ 61]LogModuleManager: Shutting down and abandoning module DesktopPlatform (573)
[2018.12.01-19.36.22:432][ 61]LogModuleManager: Shutting down and abandoning module SceneOutliner (571)
[2018.12.01-19.36.22:457][ 61]LogModuleManager: Shutting down and abandoning module AddContentDialog (569)
[2018.12.01-19.36.22:500][ 61]LogDirectoryWatcher: A directory notification for 'C:/Program Files/Epic Games/UE_4.19/FeaturePacks/' was aborted.
[2018.12.01-19.36.22:515][ 61]LogModuleManager: Shutting down and abandoning module WidgetCarousel (568)
[2018.12.01-19.36.22:515][ 61]LogModuleManager: Shutting down and abandoning module EditorWidgets (565)
[2018.12.01-19.36.22:515][ 61]LogModuleManager: Shutting down and abandoning module CollectionManager (563)
[2018.12.01-19.36.22:542][ 61]LogDirectoryWatcher: A directory notification for 'C:/Users/Felipe Delgado/Documents/Unreal Projects/SurvivingLife/Content/Collections/' was aborted.
[2018.12.01-19.36.22:542][ 61]LogDirectoryWatcher: A directory notification for 'C:/Users/Felipe Delgado/Documents/Unreal Projects/SurvivingLife/Content/Developers/FelipeDelgado/Collections/' was aborted.
[2018.12.01-19.36.22:543][ 61]LogDirectoryWatcher: A directory notification for 'C:/Users/Felipe Delgado/Documents/Unreal Projects/SurvivingLife/Saved/Collections/' was aborted.
[2018.12.01-19.36.22:543][ 61]LogModuleManager: Shutting down and abandoning module FoliageEdit (561)
[2018.12.01-19.36.22:558][ 61]LogModuleManager: Shutting down and abandoning module LandscapeEditor (559)
[2018.12.01-19.36.22:598][ 61]LogModuleManager: Shutting down and abandoning module MeshPaintMode (557)
[2018.12.01-19.36.22:603][ 61]LogModuleManager: Shutting down and abandoning module SceneDepthPickerMode (555)
[2018.12.01-19.36.22:603][ 61]LogModuleManager: Shutting down and abandoning module ActorPickerMode (553)
[2018.12.01-19.36.22:603][ 61]LogModuleManager: Shutting down and abandoning module GeometryMode (551)
[2018.12.01-19.36.22:617][ 61]LogModuleManager: Shutting down and abandoning module TextureAlignMode (549)
[2018.12.01-19.36.22:618][ 61]LogModuleManager: Shutting down and abandoning module BspMode (547)
[2018.12.01-19.36.22:618][ 61]LogModuleManager: Shutting down and abandoning module PIEPreviewDeviceProfileSelector (545)
[2018.12.01-19.36.22:631][ 61]LogModuleManager: Shutting down and abandoning module HardwareSurvey (543)
[2018.12.01-19.36.22:631][ 61]LogModuleManager: Shutting down and abandoning module SequenceRecorderSections (541)
[2018.12.01-19.36.22:642][ 61]LogModuleManager: Shutting down and abandoning module AutomationWorker (539)
[2018.12.01-19.36.22:642][ 61]LogModuleManager: Shutting down and abandoning module AudioCaptureEditor (537)
[2018.12.01-19.36.22:642][ 61]LogModuleManager: Shutting down and abandoning module SequenceRecorder (536)
[2018.12.01-19.36.22:666][ 61]LogModuleManager: Shutting down and abandoning module MatineeToLevelSequence (533)
[2018.12.01-19.36.22:680][ 61]LogModuleManager: Shutting down and abandoning module LevelSequenceEditor (531)
[2018.12.01-19.36.22:710][ 61]LogModuleManager: Shutting down and abandoning module PlacementMode (530)
[2018.12.01-19.36.22:710][ 61]LogModuleManager: Shutting down and abandoning module MaterialEditor (529)
[2018.12.01-19.36.22:774][ 61]LogModuleManager: Shutting down and abandoning module WmfMediaFactory (525)
[2018.12.01-19.36.22:774][ 61]LogModuleManager: Shutting down and abandoning module WmfMediaEditor (523)
[2018.12.01-19.36.22:774][ 61]LogModuleManager: Shutting down and abandoning module MediaPlayerEditor (521)
[2018.12.01-19.36.22:859][ 61]LogModuleManager: Shutting down and abandoning module OpenExrWrapper (519)
[2018.12.01-19.36.22:859][ 61]LogModuleManager: Shutting down and abandoning module ImgMediaFactory (517)
[2018.12.01-19.36.22:859][ 61]LogModuleManager: Shutting down and abandoning module ImgMediaEditor (515)
[2018.12.01-19.36.22:859][ 61]LogModuleManager: Shutting down and abandoning module AvfMediaFactory (513)
[2018.12.01-19.36.22:859][ 61]LogModuleManager: Shutting down and abandoning module AvfMediaEditor (511)
[2018.12.01-19.36.22:859][ 61]LogModuleManager: Shutting down and abandoning module AndroidMediaFactory (509)
[2018.12.01-19.36.22:859][ 61]LogModuleManager: Shutting down and abandoning module AndroidMediaEditor (507)
[2018.12.01-19.36.22:859][ 61]LogModuleManager: Shutting down and abandoning module CharacterAI (505)
[2018.12.01-19.36.22:859][ 61]LogModuleManager: Shutting down and abandoning module SmartSnapping (503)
[2018.12.01-19.36.22:859][ 61]LogModuleManager: Shutting down and abandoning module SessionServices (501)
[2018.12.01-19.36.22:859][ 61]LogModuleManager: Shutting down and abandoning module ViewportSnapping (499)
[2018.12.01-19.36.22:860][ 61]LogModuleManager: Shutting down and abandoning module ViewportInteraction (497)
[2018.12.01-19.36.22:860][ 61]LogModuleManager: Shutting down and abandoning module ClothPainter (495)
[2018.12.01-19.36.22:904][ 61]LogModuleManager: Shutting down and abandoning module SkeletalMeshEditor (494)
[2018.12.01-19.36.22:921][ 61]LogModuleManager: Shutting down and abandoning module LogVisualizer (491)
[2018.12.01-19.36.22:945][ 61]LogModuleManager: Shutting down and abandoning module IntroTutorials (489)
[2018.12.01-19.36.22:988][ 61]LogModuleManager: Shutting down and abandoning module GameProjectGeneration (488)
[2018.12.01-19.36.23:007][ 61]LogModuleManager: Shutting down and abandoning module IOSPlatformEditor (485)
[2018.12.01-19.36.23:013][ 61]LogModuleManager: Shutting down and abandoning module HTML5PlatformEditor (483)
[2018.12.01-19.36.23:013][ 61]LogModuleManager: Shutting down and abandoning module AndroidPlatformEditor (481)
[2018.12.01-19.36.23:013][ 61]LogModuleManager: Shutting down and abandoning module AndroidDeviceDetection (480)
[2018.12.01-19.36.23:166][ 61]LogModuleManager: Shutting down and abandoning module WindowsPlatformEditor (477)
[2018.12.01-19.36.23:167][ 61]LogModuleManager: Shutting down and abandoning module IOSRuntimeSettings (475)
[2018.12.01-19.36.23:167][ 61]LogModuleManager: Shutting down and abandoning module AndroidRuntimeSettings (473)
[2018.12.01-19.36.23:167][ 61]LogModuleManager: Shutting down and abandoning module InputBindingEditor (471)
[2018.12.01-19.36.23:249][ 61]LogModuleManager: Shutting down and abandoning module MergeActors (469)
[2018.12.01-19.36.23:434][ 61]LogModuleManager: Shutting down and abandoning module LocalizationDashboard (467)
[2018.12.01-19.36.23:450][ 61]LogModuleManager: Shutting down and abandoning module LocalizationService (466)
[2018.12.01-19.36.23:458][ 61]LogModuleManager: Shutting down and abandoning module HardwareTargeting (463)
[2018.12.01-19.36.23:459][ 61]LogModuleManager: Shutting down and abandoning module DeviceProfileEditor (461)
[2018.12.01-19.36.23:464][ 61]LogModuleManager: Shutting down and abandoning module UndoHistory (459)
[2018.12.01-19.36.23:464][ 61]LogModuleManager: Shutting down and abandoning module XmlParser (457)
[2018.12.01-19.36.23:478][ 61]LogModuleManager: Shutting down and abandoning module Blutility (455)
[2018.12.01-19.36.23:522][ 61]LogModuleManager: Shutting down and abandoning module ProjectSettingsViewer (453)
[2018.12.01-19.36.23:522][ 61]LogModuleManager: Shutting down and abandoning module ProjectTargetPlatformEditor (452)
[2018.12.01-19.36.23:524][ 61]LogModuleManager: Shutting down and abandoning module EditorSettingsViewer (449)
[2018.12.01-19.36.23:525][ 61]LogModuleManager: Shutting down and abandoning module SettingsEditor (447)
[2018.12.01-19.36.23:626][ 61]LogModuleManager: Shutting down and abandoning module ProjectLauncher (445)
[2018.12.01-19.36.23:637][ 61]LogModuleManager: Shutting down and abandoning module SessionFrontend (443)
[2018.12.01-19.36.23:646][ 61]LogModuleManager: Shutting down and abandoning module ProfilerClient (441)
[2018.12.01-19.36.23:653][ 61]LogModuleManager: Shutting down and abandoning module DeviceManager (439)
[2018.12.01-19.36.23:695][ 61]LogModuleManager: Shutting down and abandoning module TargetDeviceServices (438)
[2018.12.01-19.36.23:783][ 61]LogModuleManager: Shutting down and abandoning module AutomationController (435)
[2018.12.01-19.36.23:813][ 61]LogModuleManager: Shutting down and abandoning module AutomationWindow (433)
[2018.12.01-19.36.23:854][ 61]LogModuleManager: Shutting down and abandoning module Layers (431)
[2018.12.01-19.36.23:982][ 61]LogModuleManager: Shutting down and abandoning module ComponentVisualizers (429)
[2018.12.01-19.36.23:982][ 61]LogModuleManager: Shutting down and abandoning module DetailCustomizations (427)
[2018.12.01-19.36.24:038][ 61]LogModuleManager: Shutting down and abandoning module PackagesDialog (425)
[2018.12.01-19.36.24:052][ 61]LogModuleManager: Shutting down and abandoning module Persona (423)
[2018.12.01-19.36.24:110][ 61]LogModuleManager: Shutting down and abandoning module AdvancedPreviewScene (422)
[2018.12.01-19.36.24:110][ 61]LogModuleManager: Shutting down and abandoning module AnimGraph (420)
[2018.12.01-19.36.24:111][ 61]LogModuleManager: Shutting down and abandoning module Kismet (417)
[2018.12.01-19.36.24:197][ 61]LogModuleManager: Shutting down and abandoning module GraphEditor (415)
[2018.12.01-19.36.24:351][ 61]LogModuleManager: Shutting down and abandoning module ClassViewer (413)
[2018.12.01-19.36.24:382][ 61]LogModuleManager: Shutting down and abandoning module Toolbox (411)
[2018.12.01-19.36.24:382][ 61]LogModuleManager: Shutting down and abandoning module ModuleUI (409)
[2018.12.01-19.36.24:425][ 61]LogModuleManager: Shutting down and abandoning module MovieSceneTools (407)
[2018.12.01-19.36.24:535][ 61]LogModuleManager: Shutting down and abandoning module OutputLog (405)
[2018.12.01-19.36.24:547][ 61]LogModuleManager: Shutting down and abandoning module GammaUI (403)
[2018.12.01-19.36.24:562][ 61]LogModuleManager: Shutting down and abandoning module Documentation (401)
[2018.12.01-19.36.24:562][ 61]LogModuleManager: Shutting down and abandoning module MovieSceneTracks (399)
[2018.12.01-19.36.24:598][ 61]LogModuleManager: Shutting down and abandoning module MovieScene (397)
[2018.12.01-19.36.24:636][ 61]LogModuleManager: Shutting down and abandoning module StreamingPauseRendering (395)
[2018.12.01-19.36.24:636][ 61]LogModuleManager: Shutting down and abandoning module LauncherPlatform (393)
[2018.12.01-19.36.24:636][ 61]LogModuleManager: Shutting down and abandoning module AnalyticsET (391)
[2018.12.01-19.36.24:636][ 61]LogModuleManager: Shutting down and abandoning module PortalServices (389)
[2018.12.01-19.36.24:636][ 61]LogModuleManager: Shutting down and abandoning module PortalRpc (387)
[2018.12.01-19.36.24:636][ 61]LogModuleManager: Shutting down and abandoning module MessagingRpc (385)
[2018.12.01-19.36.24:636][ 61]LogModuleManager: Shutting down and abandoning module AIModule (383)
[2018.12.01-19.36.24:652][ 61]LogModuleManager: Shutting down and abandoning module GameplayDebugger (382)
[2018.12.01-19.36.24:687][ 61]LogModuleManager: Shutting down and abandoning module AITestSuite (380)
[2018.12.01-19.36.24:728][ 61]LogModuleManager: Shutting down and abandoning module ProfilerService (377)
[2018.12.01-19.36.24:794][ 61]LogModuleManager: Shutting down and abandoning module TaskGraph (375)
[2018.12.01-19.36.24:845][ 61]LogModuleManager: Shutting down and abandoning module SteamVRController (373)
[2018.12.01-19.36.24:845][ 61]LogModuleManager: Shutting down and abandoning module ProceduralMeshComponentEditor (371)
[2018.12.01-19.36.24:845][ 61]LogModuleManager: Shutting down and abandoning module ProceduralMeshComponent (369)
[2018.12.01-19.36.24:861][ 61]LogModuleManager: Shutting down and abandoning module OculusInput (367)
[2018.12.01-19.36.24:873][ 61]LogModuleManager: Shutting down and abandoning module MobilePatchingUtils (365)
[2018.12.01-19.36.24:873][ 61]LogModuleManager: Shutting down and abandoning module CustomMeshComponent (363)
[2018.12.01-19.36.24:873][ 61]LogModuleManager: Shutting down and abandoning module CableComponent (361)
[2018.12.01-19.36.24:880][ 61]LogModuleManager: Shutting down and abandoning module AudioCapture (359)
[2018.12.01-19.36.24:880][ 61]LogModuleManager: Shutting down and abandoning module ArchVisCharacter (357)
[2018.12.01-19.36.24:880][ 61]LogModuleManager: Shutting down and abandoning module AndroidPermission (355)
[2018.12.01-19.36.24:880][ 61]LogModuleManager: Shutting down and abandoning module NUTUnrealEngine4 (353)
[2018.12.01-19.36.24:880][ 61]LogModuleManager: Shutting down and abandoning module NetcodeUnitTest (351)
[2018.12.01-19.36.24:928][ 61]LogModuleManager: Shutting down and abandoning module MediaCompositingEditor (349)
[2018.12.01-19.36.24:928][ 61]LogModuleManager: Shutting down and abandoning module MediaCompositing (347)
[2018.12.01-19.36.24:928][ 61]LogModuleManager: Shutting down and abandoning module LinearTimecode (345)
[2018.12.01-19.36.24:928][ 61]LogModuleManager: Shutting down and abandoning module ImgMedia (343)
[2018.12.01-19.36.24:979][ 61]LogModuleManager: Shutting down and abandoning module HTML5Networking (341)
[2018.12.01-19.36.24:979][ 61]LogModuleManager: Shutting down and abandoning module AlembicImporter (339)
[2018.12.01-19.36.25:004][ 61]LogModuleManager: Shutting down and abandoning module AlembicLibrary (338)
[2018.12.01-19.36.25:004][ 61]LogModuleManager: Shutting down and abandoning module GeometryCache (337)
[2018.12.01-19.36.25:004][ 61]LogModuleManager: Shutting down and abandoning module GeometryCacheEd (336)
[2018.12.01-19.36.25:004][ 61]LogModuleManager: Shutting down and abandoning module DatasmithContent (331)
[2018.12.01-19.36.25:004][ 61]LogModuleManager: Shutting down and abandoning module SpeedTreeImporter (329)
[2018.12.01-19.36.25:004][ 61]LogModuleManager: Shutting down and abandoning module PluginBrowser (327)
[2018.12.01-19.36.25:119][ 61]LogModuleManager: Shutting down and abandoning module MobileLauncherProfileWizard (325)
[2018.12.01-19.36.25:151][ 61]LogModuleManager: Shutting down and abandoning module CryptoKeysOpenSSL (323)
[2018.12.01-19.36.25:165][ 61]LogModuleManager: Shutting down and abandoning module CryptoKeys (321)
[2018.12.01-19.36.25:165][ 61]LogModuleManager: Shutting down and abandoning module VisualStudioSourceCodeAccess (319)
[2018.12.01-19.36.25:165][ 61]LogModuleManager: Shutting down and abandoning module VisualStudioCodeSourceCodeAccess (317)
[2018.12.01-19.36.25:165][ 61]LogModuleManager: Shutting down and abandoning module UObjectPlugin (315)
[2018.12.01-19.36.25:166][ 61]LogModuleManager: Shutting down and abandoning module SubversionSourceControl (313)
[2018.12.01-19.36.25:180][ 61]LogModuleManager: Shutting down and abandoning module PerforceSourceControl (311)
[2018.12.01-19.36.25:188][ 61]LogModuleManager: Shutting down and abandoning module GitSourceControl (309)
[2018.12.01-19.36.25:201][ 61]LogModuleManager: Shutting down and abandoning module SourceControl (308)
[2018.12.01-19.36.25:211][ 61]LogModuleManager: Shutting down and abandoning module CLionSourceCodeAccess (305)
[2018.12.01-19.36.25:216][ 61]LogModuleManager: Shutting down and abandoning module LightPropagationVolumeEditor (303)
[2018.12.01-19.36.25:216][ 61]LogModuleManager: Shutting down and abandoning module PaperTiledImporter (301)
[2018.12.01-19.36.25:216][ 61]LogModuleManager: Shutting down and abandoning module PaperSpriteSheetImporter (299)
[2018.12.01-19.36.25:216][ 61]LogModuleManager: Shutting down and abandoning module Paper2DEditor (297)
[2018.12.01-19.36.25:299][ 61]LogModuleManager: Shutting down and abandoning module MeshPaint (296)
[2018.12.01-19.36.25:325][ 61]LogModuleManager: Shutting down and abandoning module SurvivingLife (293)
[2018.12.01-19.36.25:325][ 61]LogModuleManager: Shutting down and abandoning module RuntimePhysXCooking (291)
[2018.12.01-19.36.25:325][ 61]LogModuleManager: Shutting down and abandoning module PhysXVehiclesEditor (289)
[2018.12.01-19.36.25:325][ 61]LogModuleManager: Shutting down and abandoning module PhysXVehicles (287)
[2018.12.01-19.36.25:325][ 61]LogModuleManager: Shutting down and abandoning module OculusEditor (285)
[2018.12.01-19.36.25:325][ 61]LogModuleManager: Shutting down and abandoning module LocationServicesBPLibrary (283)
[2018.12.01-19.36.25:325][ 61]LogModuleManager: Shutting down and abandoning module ImmediatePhysicsEditor (281)
[2018.12.01-19.36.25:325][ 61]LogModuleManager: Shutting down and abandoning module ImmediatePhysics (279)
[2018.12.01-19.36.25:350][ 61]LogModuleManager: Shutting down and abandoning module ActorSequence (277)
[2018.12.01-19.36.25:350][ 61]LogModuleManager: Shutting down and abandoning module UdpMessaging (275)
[2018.12.01-19.36.25:491][ 61]LogModuleManager: Shutting down and abandoning module TcpMessaging (273)
[2018.12.01-19.36.25:629][ 61]LogModuleManager: Shutting down and abandoning module GameplayTagsEditor (271)
[2018.12.01-19.36.25:658][ 61]LogModuleManager: Shutting down and abandoning module FacialAnimationEditor (269)
[2018.12.01-19.36.25:658][ 61]LogModuleManager: Shutting down and abandoning module FacialAnimation (267)
[2018.12.01-19.36.25:658][ 61]LogModuleManager: Shutting down and abandoning module DataValidation (265)
[2018.12.01-19.36.25:674][ 61]LogModuleManager: Shutting down and abandoning module AssetManagerEditor (263)
[2018.12.01-19.36.25:714][ 61]LogModuleManager: Shutting down and abandoning module LevelEditor (262)
[2018.12.01-19.36.25:750][ 61]LogModuleManager: Shutting down and abandoning module PixelInspectorModule (261)
[2018.12.01-19.36.25:763][ 61]LogModuleManager: Shutting down and abandoning module CommonMenuExtensions (259)
[2018.12.01-19.36.25:763][ 61]LogModuleManager: Shutting down and abandoning module MainFrame (257)
[2018.12.01-19.36.25:763][ 61]LogModuleManager: Shutting down and abandoning module HotReload (256)
[2018.12.01-19.36.25:774][ 61]LogDirectoryWatcher: A directory notification for 'C:/Users/Felipe Delgado/Documents/Unreal Projects/SurvivingLife/Binaries/Win64' was aborted.
[2018.12.01-19.36.25:807][ 61]LogModuleManager: Shutting down and abandoning module ContentBrowser (252)
[2018.12.01-19.36.25:812][ 61]LogModuleManager: Shutting down and abandoning module TreeMap (250)
[2018.12.01-19.36.25:823][ 61]LogModuleManager: Shutting down and abandoning module LightPropagationVolumeRuntime (247)
[2018.12.01-19.36.25:823][ 61]LogModuleManager: Shutting down and abandoning module LiveLinkEditor (245)
[2018.12.01-19.36.25:823][ 61]LogModuleManager: Shutting down and abandoning module LiveLink (243)
[2018.12.01-19.36.26:214][ 61]LogModuleManager: Shutting down and abandoning module Paper2D (241)
[2018.12.01-19.36.26:230][ 61]LogModuleManager: Shutting down and abandoning module WindowsMoviePlayer (239)
[2018.12.01-19.36.26:244][ 61]LogModuleManager: Shutting down and abandoning module WmfMedia (237)
[2018.12.01-19.36.26:256][ 61]LogModuleManager: Shutting down and abandoning module Media (236)
[2018.12.01-19.36.26:262][ 61]LogModuleManager: Shutting down and abandoning module PacketHandler (233)
[2018.12.01-19.36.26:263][ 61]LogModuleManager: Shutting down and abandoning module ClothingSystemEditor (231)
[2018.12.01-19.36.26:263][ 61]LogModuleManager: Shutting down and abandoning module ClothingSystemRuntime (229)
[2018.12.01-19.36.26:278][ 61]LogModuleManager: Shutting down and abandoning module MediaAssets (227)
[2018.12.01-19.36.26:278][ 61]LogModuleManager: Shutting down and abandoning module Overlay (225)
[2018.12.01-19.36.26:278][ 61]LogModuleManager: Shutting down and abandoning module OverlayEditor (224)
[2018.12.01-19.36.26:278][ 61]LogModuleManager: Shutting down and abandoning module VREditor (221)
[2018.12.01-19.36.26:308][ 61]LogModuleManager: Shutting down and abandoning module StringTableEditor (219)
[2018.12.01-19.36.26:331][ 61]LogModuleManager: Shutting down and abandoning module GameplayTasksEditor (217)
[2018.12.01-19.36.26:331][ 61]LogModuleManager: Shutting down and abandoning module BehaviorTreeEditor (215)
[2018.12.01-19.36.26:368][ 61]LogModuleManager: Shutting down and abandoning module FunctionalTesting (213)
[2018.12.01-19.36.26:376][ 61]LogModuleManager: Shutting down and abandoning module CollisionAnalyzer (211)
[2018.12.01-19.36.26:383][ 61]LogModuleManager: Shutting down and abandoning module WorkspaceMenuStructure (210)
[2018.12.01-19.36.26:383][ 61]LogModuleManager: Shutting down and abandoning module UMG (207)
[2018.12.01-19.36.26:409][ 61]LogModuleManager: Shutting down and abandoning module UMGEditor (206)
[2018.12.01-19.36.26:446][ 61]LogModuleManager: Shutting down and abandoning module Sequencer (205)
[2018.12.01-19.36.26:467][ 61]LogModuleManager: Shutting down and abandoning module MessageLog (202)
[2018.12.01-19.36.26:477][ 61]LogModuleManager: Shutting down and abandoning module SlateReflector (197)
[2018.12.01-19.36.26:505][ 61]LogModuleManager: Shutting down and abandoning module Slate (195)
[2018.12.01-19.36.26:505][ 61]LogModuleManager: Shutting down and abandoning module EditorStyle (193)
[2018.12.01-19.36.26:512][ 61]LogModuleManager: Shutting down and abandoning module MRMesh (191)
[2018.12.01-19.36.26:512][ 61]LogModuleManager: Shutting down and abandoning module SourceCodeAccess (189)
[2018.12.01-19.36.26:512][ 61]LogModuleManager: Shutting down and abandoning module HeadMountedDisplay (187)
[2018.12.01-19.36.26:512][ 61]LogModuleManager: Shutting down and abandoning module XAudio2 (185)
[2018.12.01-19.36.26:512][ 61]LogModuleManager: Shutting down and abandoning module Networking (183)
[2018.12.01-19.36.26:512][ 61]LogModuleManager: Shutting down and abandoning module Core (181)
[2018.12.01-19.36.26:512][ 61]LogModuleManager: Shutting down and abandoning module LevelSequence (179)
[2018.12.01-19.36.26:519][ 61]LogModuleManager: Shutting down and abandoning module KismetCompiler (177)
[2018.12.01-19.36.26:519][ 61]LogModuleManager: Shutting down and abandoning module MeshUtilities (175)
[2018.12.01-19.36.26:543][ 61]LogModuleManager: Shutting down and abandoning module MeshMergeUtilities (174)
[2018.12.01-19.36.26:559][ 61]LogModuleManager: Shutting down and abandoning module MeshReductionInterface (173)
[2018.12.01-19.36.26:559][ 61]LogModuleManager: Shutting down and abandoning module SimplygonSwarm (172)
[2018.12.01-19.36.26:568][ 61]LogModuleManager: Shutting down and abandoning module SimplygonMeshReduction (170)
[2018.12.01-19.36.26:656][ 61]LogModuleManager: Shutting down and abandoning module QuadricMeshReduction (168)
[2018.12.01-19.36.26:888][ 61]LogModuleManager: Shutting down and abandoning module MaterialBaking (164)
[2018.12.01-19.36.26:939][ 61]LogModuleManager: Shutting down and abandoning module DirectoryWatcher (160)
[2018.12.01-19.36.26:956][ 61]LogModuleManager: Shutting down and abandoning module DerivedDataCache (157)
[2018.12.01-19.36.27:012][ 61]LogDerivedDataCache: Shutdown
[2018.12.01-19.36.27:012][ 61]LogModuleManager: Shutting down and abandoning module XGEController (155)
[2018.12.01-19.36.27:013][ 61]LogModuleManager: Shutting down and abandoning module TargetPlatform (153)
[2018.12.01-19.36.27:013][ 61]LogModuleManager: Shutting down and abandoning module VulkanShaderFormat (152)
[2018.12.01-19.36.27:048][ 61]LogModuleManager: Shutting down and abandoning module ShaderFormatVectorVM (150)
[2018.12.01-19.36.27:056][ 61]LogModuleManager: Shutting down and abandoning module ShaderFormatOpenGL (148)
[2018.12.01-19.36.27:121][ 61]LogModuleManager: Shutting down and abandoning module ShaderFormatD3D (146)
[2018.12.01-19.36.27:158][ 61]LogModuleManager: Shutting down and abandoning module MetalShaderFormat (144)
[2018.12.01-19.36.27:183][ 61]LogModuleManager: Shutting down and abandoning module TextureFormatUncompressed (142)
[2018.12.01-19.36.27:183][ 61]LogModuleManager: Shutting down and abandoning module TextureFormatPVR (140)
[2018.12.01-19.36.27:183][ 61]LogModuleManager: Shutting down and abandoning module TextureFormatDXT (138)
[2018.12.01-19.36.27:189][ 61]LogModuleManager: Shutting down and abandoning module TextureFormatIntelISPCTexComp (136)
[2018.12.01-19.36.27:201][ 61]LogModuleManager: Shutting down and abandoning module TextureFormatASTC (134)
[2018.12.01-19.36.27:201][ 61]LogModuleManager: Shutting down and abandoning module ImageWrapper (133)
[2018.12.01-19.36.27:201][ 61]LogModuleManager: Shutting down and abandoning module TextureFormatAndroid (130)
[2018.12.01-19.36.27:201][ 61]LogModuleManager: Shutting down and abandoning module AudioFormatOpus (128)
[2018.12.01-19.36.27:201][ 61]LogModuleManager: Shutting down and abandoning module AudioFormatOgg (126)
[2018.12.01-19.36.27:201][ 61]LogModuleManager: Shutting down and abandoning module AudioFormatADPCM (124)
[2018.12.01-19.36.27:201][ 61]LogModuleManager: Shutting down and abandoning module LinuxTargetPlatform (122)
[2018.12.01-19.36.27:201][ 61]LogModuleManager: Shutting down and abandoning module LinuxServerTargetPlatform (120)
[2018.12.01-19.36.27:201][ 61]LogModuleManager: Shutting down and abandoning module LinuxNoEditorTargetPlatform (118)
[2018.12.01-19.36.27:201][ 61]LogModuleManager: Shutting down and abandoning module LinuxClientTargetPlatform (116)
[2018.12.01-19.36.27:201][ 61]LogModuleManager: Shutting down and abandoning module TVOSTargetPlatform (114)
[2018.12.01-19.36.27:202][ 61]LogModuleManager: Shutting down and abandoning module Messaging (112)
[2018.12.01-19.36.27:202][ 61]LogModuleManager: Shutting down and abandoning module IOSTargetPlatform (110)
[2018.12.01-19.36.27:202][ 61]LogModuleManager: Shutting down and abandoning module HTML5TargetPlatform (108)
[2018.12.01-19.36.27:202][ 61]LogModuleManager: Shutting down and abandoning module AndroidTargetPlatform (106)
[2018.12.01-19.36.27:202][ 61]LogModuleManager: Shutting down and abandoning module Android_PVRTCTargetPlatform (104)
[2018.12.01-19.36.27:202][ 61]LogModuleManager: Shutting down and abandoning module Android_MultiTargetPlatform (102)
[2018.12.01-19.36.27:202][ 61]LogModuleManager: Shutting down and abandoning module Android_ETC2TargetPlatform (100)
[2018.12.01-19.36.27:202][ 61]LogModuleManager: Shutting down and abandoning module Android_ETC1TargetPlatform (98)
[2018.12.01-19.36.27:202][ 61]LogModuleManager: Shutting down and abandoning module Android_ETC1aTargetPlatform (96)
[2018.12.01-19.36.27:202][ 61]LogModuleManager: Shutting down and abandoning module Android_DXTTargetPlatform (94)
[2018.12.01-19.36.27:202][ 61]LogModuleManager: Shutting down and abandoning module Android_ATCTargetPlatform (92)
[2018.12.01-19.36.27:202][ 61]LogModuleManager: Shutting down and abandoning module Android_ASTCTargetPlatform (90)
[2018.12.01-19.36.27:202][ 61]LogModuleManager: Shutting down and abandoning module WindowsTargetPlatform (88)
[2018.12.01-19.36.27:202][ 61]LogModuleManager: Shutting down and abandoning module WindowsServerTargetPlatform (86)
[2018.12.01-19.36.27:203][ 61]LogModuleManager: Shutting down and abandoning module WindowsNoEditorTargetPlatform (84)
[2018.12.01-19.36.27:203][ 61]LogModuleManager: Shutting down and abandoning module WindowsClientTargetPlatform (82)
[2018.12.01-19.36.27:203][ 61]LogModuleManager: Shutting down and abandoning module MacTargetPlatform (80)
[2018.12.01-19.36.27:208][ 61]LogModuleManager: Shutting down and abandoning module MacServerTargetPlatform (78)
[2018.12.01-19.36.27:208][ 61]LogModuleManager: Shutting down and abandoning module MacNoEditorTargetPlatform (76)
[2018.12.01-19.36.27:208][ 61]LogModuleManager: Shutting down and abandoning module MacClientTargetPlatform (74)
[2018.12.01-19.36.27:208][ 61]LogModuleManager: Shutting down and abandoning module AllDesktopTargetPlatform (72)
[2018.12.01-19.36.27:208][ 61]LogModuleManager: Shutting down and abandoning module InputCore (69)
[2018.12.01-19.36.27:208][ 61]LogModuleManager: Shutting down and abandoning module Settings (67)
[2018.12.01-19.36.27:208][ 61]LogModuleManager: Shutting down and abandoning module PhysXCooking (65)
[2018.12.01-19.36.27:208][ 61]LogModuleManager: Shutting down and abandoning module SteamVR (63)
[2018.12.01-19.36.27:209][ 61]LogModuleManager: Shutting down and abandoning module OculusHMD (61)
[2018.12.01-19.36.27:224][ 61]LogModuleManager: Shutting down and abandoning module ExampleDeviceProfileSelector (59)
[2018.12.01-19.36.27:224][ 61]LogModuleManager: Shutting down and abandoning module AppleARKit (57)
[2018.12.01-19.36.27:224][ 61]LogModuleManager: Shutting down and abandoning module AugmentedReality (56)
[2018.12.01-19.36.27:224][ 61]LogModuleManager: Shutting down and abandoning module OnlineBlueprintSupport (53)
[2018.12.01-19.36.27:224][ 61]LogModuleManager: Shutting down and abandoning module OnlineSubsystem (49)
[2018.12.01-19.36.27:233][ 61]LogOnline: Display: OSS: FOnlineSubsystemNull::Shutdown()
[2018.12.01-19.36.27:233][ 61]LogOnline: Display: OSS: FOnlineAsyncTaskManager::Stop() ActiveTask:0000000000000000 Tasks[0/0]
[2018.12.01-19.36.27:272][ 61]LogOnline: Display: OSS: FOnlineAsyncTaskManager::Exit() started
[2018.12.01-19.36.27:272][ 61]LogOnline: Display: OSS: FOnlineAsyncTaskManager::Exit() finished
[2018.12.01-19.36.27:272][ 61]LogModuleManager: Shutting down and abandoning module XMPP (43)
[2018.12.01-19.36.27:294][ 61]LogModuleManager: Shutting down and abandoning module HTTP (41)
[2018.12.01-19.36.27:319][ 61]LogHttp: Display: Http module shutting down, but needs to wait on 1 outstanding Http requests:
[2018.12.01-19.36.27:319][ 61]LogHttp: Display: 	verb=[POST] url=[https://datarouter.ol.epicgames.com/datarouter/api/v1/public/data?SessionID=%7B54F6F3F6-438C-9A65-2E70-8F8961515530%7D&AppID=UEEditor.Rocket.Release&AppVersion=4.19.2-4033788%2B%2B%2BUE4%2BRelease-4.19&UserID=00da257d44bf7795cb4e9296382836f3%7C29e1de7a39d4438fa9c9139b10a7a1f2%7Ce415003e-cd0d-4666-bba8-fd86d23e55f8&AppEnvironment=datacollector-binary&UploadType=eteventstream] status=Processing
[2018.12.01-19.36.27:341][ 61]LogModuleManager: Shutting down and abandoning module SSL (40)
[2018.12.01-19.36.27:357][ 61]LogModuleManager: Shutting down and abandoning module AnimationModifiers (36)
[2018.12.01-19.36.27:406][ 61]LogModuleManager: Shutting down and abandoning module PropertyEditor (35)
[2018.12.01-19.36.27:451][ 61]LogModuleManager: Shutting down and abandoning module AudioEditor (32)
[2018.12.01-19.36.27:491][ 61]LogModuleManager: Shutting down and abandoning module TextureCompressor (30)
[2018.12.01-19.36.27:517][ 61]LogModuleManager: Shutting down and abandoning module ShaderCore (28)
[2018.12.01-19.36.27:517][ 61]LogModuleManager: Shutting down and abandoning module Landscape (26)
[2018.12.01-19.36.27:517][ 61]LogModuleManager: Shutting down and abandoning module SlateRHIRenderer (24)
[2018.12.01-19.36.27:550][ 61]LogModuleManager: Shutting down and abandoning module OpenGLDrv (22)
[2018.12.01-19.36.27:565][ 61]LogModuleManager: Shutting down and abandoning module D3D11RHI (20)
[2018.12.01-19.36.27:565][ 61]LogModuleManager: Shutting down and abandoning module AnimGraphRuntime (18)
[2018.12.01-19.36.27:576][ 61]LogModuleManager: Shutting down and abandoning module Renderer (16)
[2018.12.01-19.36.27:576][ 61]LogModuleManager: Shutting down and abandoning module Engine (14)
[2018.12.01-19.36.27:576][ 61]LogModuleManager: Shutting down and abandoning module CoreUObject (12)
[2018.12.01-19.36.27:576][ 61]LogModuleManager: Shutting down and abandoning module NetworkFile (10)
[2018.12.01-19.36.27:590][ 61]LogModuleManager: Shutting down and abandoning module CookedIterativeFile (8)
[2018.12.01-19.36.27:590][ 61]LogModuleManager: Shutting down and abandoning module StreamingFile (6)
[2018.12.01-19.36.27:605][ 61]LogModuleManager: Shutting down and abandoning module SandboxFile (4)
[2018.12.01-19.36.27:615][ 61]LogModuleManager: Shutting down and abandoning module PakFile (2)
[2018.12.01-19.36.27:665][ 61]LogExit: Exiting.
[2018.12.01-19.36.27:979][ 61]Log file closed, 12/01/18 16:36:27
