Log file open, 12/05/18 01:00:22
LogWindows: Failed to load 'aqProf.dll' (GetLastError=126)
LogWindows: File 'aqProf.dll' does not exist
LogWindows: Failed to load 'VtuneApi.dll' (GetLastError=126)
LogWindows: File 'VtuneApi.dll' does not exist
LogWindows: Failed to load 'VtuneApi32e.dll' (GetLastError=126)
LogWindows: File 'VtuneApi32e.dll' does not exist
LogInit: Display: Running engine for game: TheSurvivingLife
LogPlatformFile: Not using cached read wrapper
LogInit: Display: RandInit(-1674928017) SRandInit(-1674928017).
LogInit: Read version file with build ID '3944462'
LogInit: Overriding engine version to CL 4033788, compatible CL 3944462
LogInit: Registered custom module enumerator with build ID '3944462'
LogTaskGraph: Started task graph with 5 named threads and 11 total threads with 3 sets of task threads.
LogStats: Stats thread started at 0.773636
LogD3D11RHI: Aftermath initialized
LogICUInternationalization: Display: ICU TimeZone Detection - Raw Offset: -4:00, Platform Override: ''
LogModuleManager: Display: Found up-to-date module file ../../../Engine/Plugins/2D/Paper2D/Binaries/Win64/UE4Editor-Paper2D.dll (API version 3944462).
LogModuleManager: Display: Found up-to-date module file ../../../Engine/Plugins/2D/Paper2D/Binaries/Win64/UE4Editor-Paper2DEditor.dll (API version 3944462).
LogModuleManager: Display: Found up-to-date module file ../../../Engine/Plugins/2D/Paper2D/Binaries/Win64/UE4Editor-PaperSpriteSheetImporter.dll (API version 3944462).
LogModuleManager: Display: Found up-to-date module file ../../../Engine/Plugins/2D/Paper2D/Binaries/Win64/UE4Editor-PaperTiledImporter.dll (API version 3944462).
LogModuleManager: Display: Found up-to-date module file ../../../Engine/Plugins/2D/Paper2D/Binaries/Win64/UE4Editor-SmartSnapping.dll (API version 3944462).
LogModuleManager: Display: Found up-to-date module file ../../../Engine/Plugins/Blendables/LightPropagationVolume/Binaries/Win64/UE4Editor-LightPropagationVolumeRuntime.dll (API version 3944462).
LogModuleManager: Display: Found up-to-date module file ../../../Engine/Plugins/Blendables/LightPropagationVolume/Binaries/Win64/UE4Editor-LightPropagationVolumeEditor.dll (API version 3944462).
LogModuleManager: Display: Found up-to-date module file ../../../Engine/Plugins/Developer/CLionSourceCodeAccess/Binaries/Win64/UE4Editor-CLionSourceCodeAccess.dll (API version 3944462).
LogModuleManager: Display: Found up-to-date module file ../../../Engine/Plugins/Developer/GitSourceControl/Binaries/Win64/UE4Editor-GitSourceControl.dll (API version 3944462).
LogModuleManager: Display: Found up-to-date module file ../../../Engine/Plugins/Developer/PerforceSourceControl/Binaries/Win64/UE4Editor-PerforceSourceControl.dll (API version 3944462).
LogModuleManager: Display: Found up-to-date module file ../../../Engine/Plugins/Developer/SubversionSourceControl/Binaries/Win64/UE4Editor-SubversionSourceControl.dll (API version 3944462).
LogModuleManager: Display: Found up-to-date module file ../../../Engine/Plugins/Developer/UObjectPlugin/Binaries/Win64/UE4Editor-UObjectPlugin.dll (API version 3944462).
LogModuleManager: Display: Found up-to-date module file ../../../Engine/Plugins/Developer/VisualStudioCodeSourceCodeAccess/Binaries/Win64/UE4Editor-VisualStudioCodeSourceCodeAccess.dll (API version 3944462).
LogModuleManager: Display: Found up-to-date module file ../../../Engine/Plugins/Developer/VisualStudioSourceCodeAccess/Binaries/Win64/UE4Editor-VisualStudioSourceCodeAccess.dll (API version 3944462).
LogModuleManager: Display: Found up-to-date module file ../../../Engine/Plugins/Editor/AssetManagerEditor/Binaries/Win64/UE4Editor-AssetManagerEditor.dll (API version 3944462).
LogModuleManager: Display: Found up-to-date module file ../../../Engine/Plugins/Editor/CryptoKeys/Binaries/Win64/UE4Editor-CryptoKeys.dll (API version 3944462).
LogModuleManager: Display: Found up-to-date module file ../../../Engine/Plugins/Editor/CryptoKeys/Binaries/Win64/UE4Editor-CryptoKeysOpenSSL.dll (API version 3944462).
LogModuleManager: Display: Found up-to-date module file ../../../Engine/Plugins/Editor/DataValidation/Binaries/Win64/UE4Editor-DataValidation.dll (API version 3944462).
LogModuleManager: Display: Found up-to-date module file ../../../Engine/Plugins/Editor/FacialAnimation/Binaries/Win64/UE4Editor-FacialAnimation.dll (API version 3944462).
LogModuleManager: Display: Found up-to-date module file ../../../Engine/Plugins/Editor/FacialAnimation/Binaries/Win64/UE4Editor-FacialAnimationEditor.dll (API version 3944462).
LogModuleManager: Display: Found up-to-date module file ../../../Engine/Plugins/Editor/GameplayTagsEditor/Binaries/Win64/UE4Editor-GameplayTagsEditor.dll (API version 3944462).
LogModuleManager: Display: Found up-to-date module file ../../../Engine/Plugins/Editor/MobileLauncherProfileWizard/Binaries/Win64/UE4Editor-MobileLauncherProfileWizard.dll (API version 3944462).
LogModuleManager: Display: Found up-to-date module file ../../../Engine/Plugins/Editor/PluginBrowser/Binaries/Win64/UE4Editor-PluginBrowser.dll (API version 3944462).
LogModuleManager: Display: Found up-to-date module file ../../../Engine/Plugins/Editor/SpeedTreeImporter/Binaries/Win64/UE4Editor-SpeedTreeImporter.dll (API version 3944462).
LogModuleManager: Display: Found up-to-date module file ../../../Engine/Plugins/Enterprise/DatasmithContent/Binaries/Win64/UE4Editor-DatasmithContent.dll (API version 3944462).
LogModuleManager: Display: Found up-to-date module file ../../../Engine/Plugins/Experimental/AlembicImporter/Binaries/Win64/UE4Editor-AlembicImporter.dll (API version 3944462).
LogModuleManager: Display: Found up-to-date module file ../../../Engine/Plugins/Experimental/AlembicImporter/Binaries/Win64/UE4Editor-AlembicLibrary.dll (API version 3944462).
LogModuleManager: Display: Found up-to-date module file ../../../Engine/Plugins/Experimental/CharacterAI/Binaries/Win64/UE4Editor-CharacterAI.dll (API version 3944462).
LogModuleManager: Display: Found up-to-date module file ../../../Engine/Plugins/Experimental/HTML5Networking/Binaries/Win64/UE4Editor-HTML5Networking.dll (API version 3944462).
LogModuleManager: Display: Found up-to-date module file ../../../Engine/Plugins/Media/AndroidMedia/Binaries/Win64/UE4Editor-AndroidMediaEditor.dll (API version 3944462).
LogModuleManager: Display: Found up-to-date module file ../../../Engine/Plugins/Media/AndroidMedia/Binaries/Win64/UE4Editor-AndroidMediaFactory.dll (API version 3944462).
LogModuleManager: Display: Found up-to-date module file ../../../Engine/Plugins/Media/AvfMedia/Binaries/Win64/UE4Editor-AvfMediaEditor.dll (API version 3944462).
LogModuleManager: Display: Found up-to-date module file ../../../Engine/Plugins/Media/AvfMedia/Binaries/Win64/UE4Editor-AvfMediaFactory.dll (API version 3944462).
LogModuleManager: Display: Found up-to-date module file ../../../Engine/Plugins/Media/AvfMedia/Binaries/Win64/UE4Editor-AvfMediaFactory.dll (API version 3944462).
LogModuleManager: Display: Found up-to-date module file ../../../Engine/Plugins/Media/ImgMedia/Binaries/Win64/UE4Editor-ImgMedia.dll (API version 3944462).
LogModuleManager: Display: Found up-to-date module file ../../../Engine/Plugins/Media/ImgMedia/Binaries/Win64/UE4Editor-ImgMediaEditor.dll (API version 3944462).
LogModuleManager: Display: Found up-to-date module file ../../../Engine/Plugins/Media/ImgMedia/Binaries/Win64/UE4Editor-ImgMediaFactory.dll (API version 3944462).
LogModuleManager: Display: Found up-to-date module file ../../../Engine/Plugins/Media/ImgMedia/Binaries/Win64/UE4Editor-ImgMediaFactory.dll (API version 3944462).
LogModuleManager: Display: Found up-to-date module file ../../../Engine/Plugins/Media/ImgMedia/Binaries/Win64/UE4Editor-OpenExrWrapper.dll (API version 3944462).
LogModuleManager: Display: Found up-to-date module file ../../../Engine/Plugins/Media/LinearTimecode/Binaries/Win64/UE4Editor-LinearTimecode.dll (API version 3944462).
LogModuleManager: Display: Found up-to-date module file ../../../Engine/Plugins/Media/MediaCompositing/Binaries/Win64/UE4Editor-MediaCompositing.dll (API version 3944462).
LogModuleManager: Display: Found up-to-date module file ../../../Engine/Plugins/Media/MediaCompositing/Binaries/Win64/UE4Editor-MediaCompositingEditor.dll (API version 3944462).
LogModuleManager: Display: Found up-to-date module file ../../../Engine/Plugins/Media/MediaPlayerEditor/Binaries/Win64/UE4Editor-MediaPlayerEditor.dll (API version 3944462).
LogModuleManager: Display: Found up-to-date module file ../../../Engine/Plugins/Media/WmfMedia/Binaries/Win64/UE4Editor-WmfMedia.dll (API version 3944462).
LogModuleManager: Display: Found up-to-date module file ../../../Engine/Plugins/Media/WmfMedia/Binaries/Win64/UE4Editor-WmfMediaEditor.dll (API version 3944462).
LogModuleManager: Display: Found up-to-date module file ../../../Engine/Plugins/Media/WmfMedia/Binaries/Win64/UE4Editor-WmfMediaFactory.dll (API version 3944462).
LogModuleManager: Display: Found up-to-date module file ../../../Engine/Plugins/Media/WmfMedia/Binaries/Win64/UE4Editor-WmfMediaFactory.dll (API version 3944462).
LogModuleManager: Display: Found up-to-date module file ../../../Engine/Plugins/Messaging/TcpMessaging/Binaries/Win64/UE4Editor-TcpMessaging.dll (API version 3944462).
LogModuleManager: Display: Found up-to-date module file ../../../Engine/Plugins/Messaging/UdpMessaging/Binaries/Win64/UE4Editor-UdpMessaging.dll (API version 3944462).
LogModuleManager: Display: Found up-to-date module file ../../../Engine/Plugins/MovieScene/ActorSequence/Binaries/Win64/UE4Editor-ActorSequence.dll (API version 3944462).
LogModuleManager: Display: Found up-to-date module file ../../../Engine/Plugins/MovieScene/LevelSequenceEditor/Binaries/Win64/UE4Editor-LevelSequenceEditor.dll (API version 3944462).
LogModuleManager: Display: Found up-to-date module file ../../../Engine/Plugins/MovieScene/MatineeToLevelSequence/Binaries/Win64/UE4Editor-MatineeToLevelSequence.dll (API version 3944462).
LogModuleManager: Display: Found up-to-date module file ../../../Engine/Plugins/NetcodeUnitTest/NetcodeUnitTest/Binaries/Win64/UE4Editor-NetcodeUnitTest.dll (API version 3944462).
LogModuleManager: Display: Found up-to-date module file ../../../Engine/Plugins/NetcodeUnitTest/NUTUnrealEngine4/Binaries/Win64/UE4Editor-NUTUnrealEngine4.dll (API version 3944462).
LogModuleManager: Display: Found up-to-date module file ../../../Engine/Plugins/Online/OnlineSubsystem/Binaries/Win64/UE4Editor-OnlineSubsystem.dll (API version 3944462).
LogModuleManager: Display: Found up-to-date module file ../../../Engine/Plugins/Runtime/AndroidPermission/Binaries/Win64/UE4Editor-AndroidPermission.dll (API version 3944462).
LogModuleManager: Display: Found up-to-date module file ../../../Engine/Plugins/Online/OnlineSubsystemNull/Binaries/Win64/UE4Editor-OnlineSubsystemNull.dll (API version 3944462).
LogModuleManager: Display: Found up-to-date module file ../../../Engine/Plugins/Online/OnlineSubsystemUtils/Binaries/Win64/UE4Editor-OnlineSubsystemUtils.dll (API version 3944462).
LogModuleManager: Display: Found up-to-date module file ../../../Engine/Plugins/Online/OnlineSubsystemUtils/Binaries/Win64/UE4Editor-OnlineBlueprintSupport.dll (API version 3944462).
LogModuleManager: Display: Found up-to-date module file ../../../Engine/Plugins/Runtime/AndroidDeviceProfileSelector/Binaries/Win64/UE4Editor-AndroidDeviceProfileSelector.dll (API version 3944462).
LogModuleManager: Display: Found up-to-date module file ../../../Engine/Plugins/Runtime/AppleARKit/Binaries/Win64/UE4Editor-AppleARKit.dll (API version 3944462).
LogModuleManager: Display: Found up-to-date module file ../../../Engine/Plugins/Runtime/ProceduralMeshComponent/Binaries/Win64/UE4Editor-ProceduralMeshComponent.dll (API version 3944462).
LogModuleManager: Display: Found up-to-date module file ../../../Engine/Plugins/Runtime/ProceduralMeshComponent/Binaries/Win64/UE4Editor-ProceduralMeshComponentEditor.dll (API version 3944462).
LogModuleManager: Display: Found up-to-date module file ../../../Engine/Plugins/Animation/LiveLink/Binaries/Win64/UE4Editor-LiveLink.dll (API version 3944462).
LogModuleManager: Display: Found up-to-date module file ../../../Engine/Plugins/Animation/LiveLink/Binaries/Win64/UE4Editor-LiveLinkEditor.dll (API version 3944462).
LogModuleManager: Display: Found up-to-date module file ../../../Engine/Plugins/Runtime/ArchVisCharacter/Binaries/Win64/UE4Editor-ArchVisCharacter.dll (API version 3944462).
LogModuleManager: Display: Found up-to-date module file ../../../Engine/Plugins/Runtime/AudioCapture/Binaries/Win64/UE4Editor-AudioCapture.dll (API version 3944462).
LogModuleManager: Display: Found up-to-date module file ../../../Engine/Plugins/Runtime/AudioCapture/Binaries/Win64/UE4Editor-AudioCaptureEditor.dll (API version 3944462).
LogModuleManager: Display: Found up-to-date module file ../../../Engine/Plugins/Runtime/CableComponent/Binaries/Win64/UE4Editor-CableComponent.dll (API version 3944462).
LogModuleManager: Display: Found up-to-date module file ../../../Engine/Plugins/Runtime/CustomMeshComponent/Binaries/Win64/UE4Editor-CustomMeshComponent.dll (API version 3944462).
LogModuleManager: Display: Found up-to-date module file ../../../Engine/Plugins/Runtime/ExampleDeviceProfileSelector/Binaries/Win64/UE4Editor-ExampleDeviceProfileSelector.dll (API version 3944462).
LogModuleManager: Display: Found up-to-date module file ../../../Engine/Plugins/Runtime/ImmediatePhysics/Binaries/Win64/UE4Editor-ImmediatePhysics.dll (API version 3944462).
LogModuleManager: Display: Found up-to-date module file ../../../Engine/Plugins/Runtime/ImmediatePhysics/Binaries/Win64/UE4Editor-ImmediatePhysicsEditor.dll (API version 3944462).
LogModuleManager: Display: Found up-to-date module file ../../../Engine/Plugins/Runtime/LocationServicesBPLibrary/Binaries/Win64/UE4Editor-LocationServicesBPLibrary.dll (API version 3944462).
LogModuleManager: Display: Found up-to-date module file ../../../Engine/Plugins/Runtime/MobilePatchingUtils/Binaries/Win64/UE4Editor-MobilePatchingUtils.dll (API version 3944462).
LogModuleManager: Display: Found up-to-date module file ../../../Engine/Plugins/Runtime/Oculus/OculusVR/Binaries/Win64/UE4Editor-OculusHMD.dll (API version 3944462).
LogModuleManager: Display: Found up-to-date module file ../../../Engine/Plugins/Runtime/Oculus/OculusVR/Binaries/Win64/UE4Editor-OculusInput.dll (API version 3944462).
LogModuleManager: Display: Found up-to-date module file ../../../Engine/Plugins/Runtime/Oculus/OculusVR/Binaries/Win64/UE4Editor-OculusEditor.dll (API version 3944462).
LogModuleManager: Display: Found up-to-date module file ../../../Engine/Plugins/Runtime/PhysXVehicles/Binaries/Win64/UE4Editor-PhysXVehicles.dll (API version 3944462).
LogModuleManager: Display: Found up-to-date module file ../../../Engine/Plugins/Runtime/PhysXVehicles/Binaries/Win64/UE4Editor-PhysXVehiclesEditor.dll (API version 3944462).
LogModuleManager: Display: Found up-to-date module file ../../../Engine/Plugins/Runtime/RuntimePhysXCooking/Binaries/Win64/UE4Editor-RuntimePhysXCooking.dll (API version 3944462).
LogModuleManager: Display: Found up-to-date module file ../../../Engine/Plugins/Runtime/Steam/SteamVR/Binaries/Win64/UE4Editor-SteamVR.dll (API version 3944462).
LogModuleManager: Display: Found up-to-date module file ../../../Engine/Plugins/Runtime/Steam/SteamVR/Binaries/Win64/UE4Editor-SteamVRController.dll (API version 3944462).
LogModuleManager: Display: Found up-to-date module file ../../../Engine/Plugins/Runtime/WindowsMoviePlayer/Binaries/Win64/UE4Editor-WindowsMoviePlayer.dll (API version 3944462).
LogPluginManager: Mounting plugin Paper2D
LogPluginManager: Mounting plugin LiveLink
LogPluginManager: Mounting plugin LightPropagationVolume
LogPluginManager: Mounting plugin CLionSourceCodeAccess
LogPluginManager: Mounting plugin CodeLiteSourceCodeAccess
LogPluginManager: Mounting plugin GitSourceControl
LogPluginManager: Mounting plugin KDevelopSourceCodeAccess
LogPluginManager: Mounting plugin NullSourceCodeAccess
LogPluginManager: Mounting plugin PerforceSourceControl
LogPluginManager: Mounting plugin SubversionSourceControl
LogPluginManager: Mounting plugin UObjectPlugin
LogPluginManager: Mounting plugin VisualStudioCodeSourceCodeAccess
LogPluginManager: Mounting plugin VisualStudioSourceCodeAccess
LogPluginManager: Mounting plugin XCodeSourceCodeAccess
LogPluginManager: Mounting plugin AssetManagerEditor
LogPluginManager: Mounting plugin CryptoKeys
LogPluginManager: Mounting plugin DataValidation
LogPluginManager: Mounting plugin FacialAnimation
LogPluginManager: Mounting plugin GameplayTagsEditor
LogPluginManager: Mounting plugin MobileLauncherProfileWizard
LogPluginManager: Mounting plugin PluginBrowser
LogPluginManager: Mounting plugin SpeedTreeImporter
LogPluginManager: Mounting plugin DatasmithContent
LogPluginManager: Mounting plugin AlembicImporter
LogPluginManager: Mounting plugin CharacterAI
LogPluginManager: Mounting plugin HTML5Networking
LogPluginManager: Mounting plugin AndroidMedia
LogPluginManager: Mounting plugin AvfMedia
LogPluginManager: Mounting plugin ImgMedia
LogPluginManager: Mounting plugin LinearTimecode
LogPluginManager: Mounting plugin MediaCompositing
LogPluginManager: Mounting plugin MediaPlayerEditor
LogPluginManager: Mounting plugin WmfMedia
LogPluginManager: Mounting plugin TcpMessaging
LogPluginManager: Mounting plugin UdpMessaging
LogPluginManager: Mounting plugin ActorSequence
LogPluginManager: Mounting plugin LevelSequenceEditor
LogPluginManager: Mounting plugin MatineeToLevelSequence
LogPluginManager: Mounting plugin NetcodeUnitTest
LogPluginManager: Mounting plugin NUTUnrealEngine4
LogPluginManager: Mounting plugin OnlineSubsystemGooglePlay
LogPluginManager: Mounting plugin OnlineSubsystemIOS
LogPluginManager: Mounting plugin OnlineSubsystem
LogPluginManager: Mounting plugin OnlineSubsystemNull
LogPluginManager: Mounting plugin OnlineSubsystemUtils
LogPluginManager: Mounting plugin AndroidDeviceProfileSelector
LogPluginManager: Mounting plugin AndroidMoviePlayer
LogPluginManager: Mounting plugin AndroidPermission
LogPluginManager: Mounting plugin AppleARKit
LogPluginManager: Mounting plugin AppleMoviePlayer
LogPluginManager: Mounting plugin ArchVisCharacter
LogPluginManager: Mounting plugin AudioCapture
LogPluginManager: Mounting plugin CableComponent
LogPluginManager: Mounting plugin CustomMeshComponent
LogPluginManager: Mounting plugin ExampleDeviceProfileSelector
LogPluginManager: Mounting plugin GoogleCloudMessaging
LogPluginManager: Mounting plugin ImmediatePhysics
LogPluginManager: Mounting plugin IOSDeviceProfileSelector
LogPluginManager: Mounting plugin LinuxDeviceProfileSelector
LogPluginManager: Mounting plugin LocationServicesBPLibrary
LogPluginManager: Mounting plugin MobilePatchingUtils
LogPluginManager: Mounting plugin OculusVR
LogPluginManager: Plugin shader directory ../../../Engine/Plugins/Runtime/Oculus/OculusVR/Shaders found
LogPluginManager: Mapping shader source directory ../../../Engine/Plugins/Runtime/Oculus/OculusVR/Shaders to virtual directory /Plugin/OculusVR
LogPluginManager: Mounting plugin PhysXVehicles
LogPluginManager: Mounting plugin ProceduralMeshComponent
LogPluginManager: Mounting plugin RuntimePhysXCooking
LogPluginManager: Mounting plugin SteamVR
LogPluginManager: Mounting plugin WindowsMoviePlayer
LogStreaming: Display: Took  3.178s to configure plugins.
LogInit: Using libcurl 7.47.1
LogInit:  - built for x86_64-pc-win32
LogInit:  - supports SSL with OpenSSL/1.0.2g
LogInit:  - supports HTTP deflate (compression) using libz 1.2.8
LogInit:  - other features:
LogInit:      CURL_VERSION_SSL
LogInit:      CURL_VERSION_LIBZ
LogInit:      CURL_VERSION_IPV6
LogInit:      CURL_VERSION_ASYNCHDNS
LogInit:      CURL_VERSION_LARGEFILE
LogInit:      CURL_VERSION_IDN
LogInit:  CurlRequestOptions (configurable via config and command line):
LogInit:  - bVerifyPeer = false  - Libcurl will NOT verify peer certificate
LogInit:  - bUseHttpProxy = false  - Libcurl will NOT use HTTP proxy
LogInit:  - bDontReuseConnections = false  - Libcurl will reuse connections
LogInit:  - CertBundlePath = nullptr  - Libcurl will use whatever was configured at build time.
LogInit:  - MaxHostConnections = 16  - Libcurl will limit the number of connections to a host
LogInit:  - LocalHostAddr = Default
LogInit: WinSock: version 1.1 (2.2), MaxSocks=32767, MaxUdp=65467
LogInit: WinSock: I am DESKTOP-SP4B9R1 (192.168.56.1:0)
LogInit: Build: ++UE4+Release-4.19-CL-4033788
LogInit: Engine Version: 4.19.2-4033788+++UE4+Release-4.19
LogInit: Compatible Engine Version: 4.19.0-3944462+++UE4+Release-4.19
LogInit: Net CL: 3944462
LogDevObjectVersion: Number of dev versions registered: 18
LogDevObjectVersion:   Dev-Blueprints (B0D832E4-1F89-4F0D-ACCF-7EB736FD4AA2): 10
LogDevObjectVersion:   Dev-Build (E1C64328-A22C-4D53-A36C-8E866417BD8C): 0
LogDevObjectVersion:   Dev-Core (375EC13C-06E4-48FB-B500-84F0262A717E): 2
LogDevObjectVersion:   Dev-Editor (E4B068ED-F494-42E9-A231-DA0B2E46BB41): 23
LogDevObjectVersion:   Dev-Framework (CFFC743F-43B0-4480-9391-14DF171D2073): 33
LogDevObjectVersion:   Dev-Mobile (B02B49B5-BB20-44E9-A304-32B752E40360): 2
LogDevObjectVersion:   Dev-Networking (A4E4105C-59A1-49B5-A7C5-40C4547EDFEE): 0
LogDevObjectVersion:   Dev-Online (39C831C9-5AE6-47DC-9A44-9C173E1C8E7C): 0
LogDevObjectVersion:   Dev-Physics (78F01B33-EBEA-4F98-B9B4-84EACCB95AA2): 0
LogDevObjectVersion:   Dev-Platform (6631380F-2D4D-43E0-8009-CF276956A95A): 0
LogDevObjectVersion:   Dev-Rendering (12F88B9F-8875-4AFC-A67C-D90C383ABD29): 25
LogDevObjectVersion:   Dev-Sequencer (7B5AE74C-D270-4C10-A958-57980B212A5A): 6
LogDevObjectVersion:   Dev-VR (D7296918-1DD6-4BDD-9DE2-64A83CC13884): 1
LogDevObjectVersion:   Dev-LoadTimes (C2A15278-BFE7-4AFE-6C17-90FF531DF755): 1
LogDevObjectVersion:   Private-Geometry (6EACA3D4-40EC-4CC1-B786-8BED09428FC5): 2
LogDevObjectVersion:   Dev-AnimPhys (29E575DD-E0A3-4627-9D10-D276232CDCEA): 16
LogDevObjectVersion:   Dev-ReflectionCapture (6B266CEC-1EC7-4B8F-A30B-E4D90942FC07): 1
LogDevObjectVersion:   Dev-Automation (0DF73D61-A23F-47EA-B727-89E90C41499A): 1
LogInit: Compiled (64-bit): Apr 27 2018 02:06:57
LogInit: Compiled with Visual C++: 19.00.24215.01
LogInit: Build Configuration: Development
LogInit: Branch Name: ++UE4+Release-4.19
LogInit: Command Line: 
LogInit: Base Directory: C:/Program Files/Epic Games/UE_4.19/Engine/Binaries/Win64/
LogInit: Installed Engine Build: 1
LogStreaming: Display: Took  0.001s to delete old logs.
LogInit: Presizing for max 8388607 objects, including 0 objects not considered by GC, pre-allocating 0 bytes for permanent pool.
LogInit: Object subsystem initialized
[2018.12.05-04.00.26:752][  0]LogInit: Selected Device Profile: [Windows]
[2018.12.05-04.00.26:752][  0]LogInit: Applying CVar settings loaded from the selected device profile: [Windows]
[2018.12.05-04.00.26:829][  0]LogInit: Computer: DESKTOP-SP4B9R1
[2018.12.05-04.00.26:829][  0]LogInit: User: FelipeDelgado
[2018.12.05-04.00.26:829][  0]LogInit: CPU Page size=4096, Cores=2
[2018.12.05-04.00.26:829][  0]LogInit: High frequency timer resolution =2.340364 MHz
[2018.12.05-04.00.26:830][  0]LogMemory: Memory total: Physical=7.9GB (8GB approx)
[2018.12.05-04.00.26:830][  0]LogMemory: Platform Memory Stats for Windows
[2018.12.05-04.00.26:830][  0]LogMemory: Process Physical Memory: 272.66 MB used, 272.66 MB peak
[2018.12.05-04.00.26:830][  0]LogMemory: Process Virtual Memory: 265.91 MB used, 265.91 MB peak
[2018.12.05-04.00.26:830][  0]LogMemory: Physical Memory: 4662.09 MB used,  3429.28 MB free, 8091.37 MB total
[2018.12.05-04.00.26:830][  0]LogMemory: Virtual Memory: 4778.17 MB used,  3429.28 MB free, 134217728.00 MB total
[2018.12.05-04.00.26:874][  0]LogInit: Overriding language with editor language configuration option (en-US).
[2018.12.05-04.00.26:874][  0]LogInit: Overriding locale with editor locale configuration option (en-US).
[2018.12.05-04.00.27:009][  0]LogTextLocalizationManager: No specific localization for 'en-US' exists, so the 'en' localization will be used.
[2018.12.05-04.00.27:906][  0]LogStreaming: Display: Took  1.032s to EndInitTextLocalization.
[2018.12.05-04.00.27:906][  0]LogInit: Setting process to per monitor DPI aware
[2018.12.05-04.00.28:201][  0]LogSlate: New Slate User Created.  User Index 0, Is Virtual User: 0
[2018.12.05-04.00.28:201][  0]LogSlate: Slate User Registered.  User Index 0, Is Virtual User: 0
[2018.12.05-04.00.32:239][  0]LogD3D11RHI: D3D11 adapters:
[2018.12.05-04.00.33:112][  0]LogD3D11RHI:    0. 'NVIDIA GeForce 940M' (Feature Level 11_0)
[2018.12.05-04.00.33:112][  0]LogD3D11RHI:       2010/0/4045 MB DedicatedVideo/DedicatedSystem/SharedSystem, Outputs:1, VendorId:0x10de
[2018.12.05-04.00.33:122][  0]LogD3D11RHI:    1. 'Intel(R) HD Graphics 5500' (Feature Level 11_0)
[2018.12.05-04.00.33:122][  0]LogD3D11RHI:       128/0/4045 MB DedicatedVideo/DedicatedSystem/SharedSystem, Outputs:0, VendorId:0x8086
[2018.12.05-04.00.33:126][  0]LogD3D11RHI:    2. 'Microsoft Basic Render Driver' (Feature Level 11_0)
[2018.12.05-04.00.33:126][  0]LogD3D11RHI:       0/0/4045 MB DedicatedVideo/DedicatedSystem/SharedSystem, Outputs:0, VendorId:0x1414
[2018.12.05-04.00.33:126][  0]LogD3D11RHI: Chosen D3D11 Adapter: 0
[2018.12.05-04.00.33:172][  0]LogD3D11RHI: Creating new Direct3DDevice
[2018.12.05-04.00.33:172][  0]LogD3D11RHI:     GPU DeviceId: 0x1347 (for the marketing name, search the web for "GPU Device Id")
[2018.12.05-04.00.33:172][  0]LogWindows: EnumDisplayDevices:
[2018.12.05-04.00.33:172][  0]LogWindows:    0. 'Intel(R) HD Graphics 5500' (P:1 D:1)
[2018.12.05-04.00.33:173][  0]LogWindows:    1. 'Intel(R) HD Graphics 5500' (P:0 D:0)
[2018.12.05-04.00.33:173][  0]LogWindows:    2. 'Intel(R) HD Graphics 5500' (P:0 D:0)
[2018.12.05-04.00.33:173][  0]LogWindows: DebugString: GetVideoDriverDetailsInvalid PrimaryIsNotTheChoosenAdapter GetVideoDriverDetailsInvalid PrimaryIsNotTheChoosenAdapter GetVideoDriverDetailsInvalid PrimaryIsNotTheChoosenAdapter FoundDriverCount:0 
[2018.12.05-04.00.33:173][  0]LogD3D11RHI:     Adapter Name: NVIDIA GeForce 940M
[2018.12.05-04.00.33:173][  0]LogD3D11RHI:   Driver Version: Unknown (internal:Unknown, unified:Unknown)
[2018.12.05-04.00.33:173][  0]LogD3D11RHI:      Driver Date: Unknown
[2018.12.05-04.00.33:173][  0]LogRHI: Texture pool is 1407 MB (70% of 2010 MB)
[2018.12.05-04.00.33:318][  0]LogD3D11RHI: [Aftermath] Aftermath enabled and primed
[2018.12.05-04.00.33:318][  0]LogD3D11RHI: [Aftermath] Aftermath enabled and primed
[2018.12.05-04.00.33:318][  0]LogD3D11RHI: Async texture creation enabled
[2018.12.05-04.00.33:345][  0]LogD3D11RHI: GPU Timing Frequency: 1000.000000 (Debug: 2 2)
[2018.12.05-04.00.33:346][  0]LogShaderCompilers: Guid format shader working directory is -26 characters bigger than the processId version (../../../../../../Users/Felipe Delgado/Documents/Unreal Projects/TheSurvivingLife/Intermediate/Shaders/WorkingDirectory/1268/).
[2018.12.05-04.00.33:347][  0]LogShaderCompilers: Cleaned the shader compiler working directory 'C:/Users/Felipe Delgado/AppData/Local/Temp/UnrealShaderWorkingDir/44F98E6A46C31C0EEA809DB4E3F50479/'.
[2018.12.05-04.00.36:010][  0]LogTemp: Display: Loaded TP AllDesktopTargetPlatform
[2018.12.05-04.00.36:052][  0]LogTemp: Display: Loaded TP MacClientTargetPlatform
[2018.12.05-04.00.36:088][  0]LogTemp: Display: Loaded TP MacNoEditorTargetPlatform
[2018.12.05-04.00.36:125][  0]LogTemp: Display: Loaded TP MacServerTargetPlatform
[2018.12.05-04.00.36:205][  0]LogTemp: Display: Loaded TP MacTargetPlatform
[2018.12.05-04.00.36:240][  0]LogTemp: Display: Loaded TP WindowsClientTargetPlatform
[2018.12.05-04.00.36:277][  0]LogTemp: Display: Loaded TP WindowsNoEditorTargetPlatform
[2018.12.05-04.00.36:315][  0]LogTemp: Display: Loaded TP WindowsServerTargetPlatform
[2018.12.05-04.00.36:335][  0]LogTemp: Display: Loaded TP WindowsTargetPlatform
[2018.12.05-04.00.36:367][  0]LogTemp: Display: Loaded TP Android_ASTCTargetPlatform
[2018.12.05-04.00.36:398][  0]LogTemp: Display: Loaded TP Android_ATCTargetPlatform
[2018.12.05-04.00.36:430][  0]LogTemp: Display: Loaded TP Android_DXTTargetPlatform
[2018.12.05-04.00.36:465][  0]LogTemp: Display: Loaded TP Android_ETC1aTargetPlatform
[2018.12.05-04.00.36:501][  0]LogTemp: Display: Loaded TP Android_ETC1TargetPlatform
[2018.12.05-04.00.36:534][  0]LogTemp: Display: Loaded TP Android_ETC2TargetPlatform
[2018.12.05-04.00.36:597][  0]LogTemp: Display: Loaded TP Android_MultiTargetPlatform
[2018.12.05-04.00.36:597][  0]LogTemp: Display: Loaded TP Android_PVRTCTargetPlatform
[2018.12.05-04.00.36:661][  0]LogTemp: Display: Loaded TP AndroidTargetPlatform
[2018.12.05-04.00.36:664][  0]LogTemp: Display: Loaded TP HTML5TargetPlatform
[2018.12.05-04.00.36:812][  0]LogTemp: Display: Loaded TP IOSTargetPlatform
[2018.12.05-04.00.36:841][  0]LogTemp: Display: Loaded TP TVOSTargetPlatform
[2018.12.05-04.00.36:874][  0]LogTemp: Display: Loaded TP LinuxClientTargetPlatform
[2018.12.05-04.00.36:908][  0]LogTemp: Display: Loaded TP LinuxNoEditorTargetPlatform
[2018.12.05-04.00.36:940][  0]LogTemp: Display: Loaded TP LinuxServerTargetPlatform
[2018.12.05-04.00.37:018][  0]LogTemp: Display: Loaded TP LinuxTargetPlatform
[2018.12.05-04.00.37:018][  0]LogTargetPlatformManager: Display: Building Assets For Windows
[2018.12.05-04.00.37:367][  0]LogXGEController: Cannot use XGE Controller as Incredibuild is not installed on this machine.
[2018.12.05-04.00.37:367][  0]LogShaderCompilers: Cannot use XGE Shader Compiler as Incredibuild is not installed on this machine.
[2018.12.05-04.00.37:367][  0]LogShaderCompilers: Display: Using Local Shader Compiler.
[2018.12.05-04.00.41:505][  0]LogDerivedDataCache: Display: Max Cache Size: 512 MB
[2018.12.05-04.00.42:162][  0]LogDerivedDataCache: Loaded boot cache 0.66s 74MB C:/Users/Felipe Delgado/AppData/Local/UnrealEngine/4.19/DerivedDataCache/Boot.ddc.
[2018.12.05-04.00.42:162][  0]LogDerivedDataCache: Display: Loaded Boot cache: C:/Users/Felipe Delgado/AppData/Local/UnrealEngine/4.19/DerivedDataCache/Boot.ddc
[2018.12.05-04.00.42:163][  0]LogDerivedDataCache: FDerivedDataBackendGraph:  Pak pak cache file ../../../../../../Users/Felipe Delgado/Documents/Unreal Projects/TheSurvivingLife/DerivedDataCache/DDC.ddp not found, will not use a pak cache.
[2018.12.05-04.00.42:163][  0]LogDerivedDataCache: Unable to find inner node Pak for hierarchical cache Hierarchy.
[2018.12.05-04.00.42:163][  0]LogDerivedDataCache: FDerivedDataBackendGraph:  CompressedPak pak cache file ../../../../../../Users/Felipe Delgado/Documents/Unreal Projects/TheSurvivingLife/DerivedDataCache/Compressed.ddp not found, will not use a pak cache.
[2018.12.05-04.00.42:163][  0]LogDerivedDataCache: Unable to find inner node CompressedPak for hierarchical cache Hierarchy.
[2018.12.05-04.00.42:198][  0]LogDerivedDataCache: Display: Pak cache opened for reading ../../../Engine/DerivedDataCache/Compressed.ddp.
[2018.12.05-04.00.42:244][  0]LogDerivedDataCache: Using Local data cache path C:/Users/Felipe Delgado/AppData/Local/UnrealEngine/Common/DerivedDataCache: Writable
[2018.12.05-04.00.42:244][  0]LogDerivedDataCache: Shared data cache path not found in *engine.ini, will not use an Shared cache.
[2018.12.05-04.00.42:244][  0]LogDerivedDataCache: Unable to find inner node Shared for hierarchical cache Hierarchy.
[2018.12.05-04.00.42:270][  0]LogMaterial: Verifying Global Shaders for PCD3D_SM5
[2018.12.05-04.00.42:270][  0]LogSlate: Using Freetype 2.6.0
[2018.12.05-04.00.42:567][  0]LogSlate: SlateFontCache - WITH_FREETYPE: 1, WITH_HARFBUZZ: 1
[2018.12.05-04.00.42:567][  0]LogSlate: SlateFontCache - WITH_FREETYPE: 1, WITH_HARFBUZZ: 1
[2018.12.05-04.00.44:152][  0]LogAssetRegistry: FAssetRegistry took 0.1195 seconds to start up
[2018.12.05-04.00.44:920][  0]LogInit: Selected Device Profile: [Windows]
[2018.12.05-04.00.45:627][  0]LogSimplygon: Simplygon DLL not present - disabling.
[2018.12.05-04.00.45:684][  0]LogMeshReduction: Using SimplygonSwarm for distributed automatic mesh merging
[2018.12.05-04.00.45:684][  0]LogMeshReduction: Using QuadricMeshReduction for automatic static mesh reduction
[2018.12.05-04.00.45:684][  0]LogMeshReduction: No automatic skeletal mesh reduction module available
[2018.12.05-04.00.45:684][  0]LogMeshReduction: No automatic mesh merging module available
[2018.12.05-04.00.45:684][  0]LogMeshMerging: No automatic mesh merging module available
[2018.12.05-04.00.45:781][  0]LogNetVersion: TheSurvivingLife , NetCL: 3944462, EngineNetVer: 2, GameNetVer: 0 (Checksum: 672903486)
[2018.12.05-04.00.47:111][  0]LogPackageLocalizationCache: Processed 9 localized package path(s) for 2 prioritized culture(s) in 0.227368 seconds
[2018.12.05-04.00.47:121][  0]LogUObjectArray: 36728 objects as part of root set at end of initial load.
[2018.12.05-04.00.47:121][  0]LogUObjectAllocator: 7314304 out of 0 bytes used by permanent object pool.
[2018.12.05-04.00.47:121][  0]LogUObjectArray: CloseDisregardForGC: 0/0 objects in disregard for GC pool
[2018.12.05-04.01.17:893][  0]LogTcpMessaging: Initializing TcpMessaging bridge
[2018.12.05-04.01.18:011][  0]LogUdpMessaging: Initializing bridge on interface 0.0.0.0:0 to multicast group 230.0.0.1:6666.
[2018.12.05-04.01.19:182][  0]SourceControl: Source control is disabled
[2018.12.05-04.01.19:183][  0]SourceControl: Source control is disabled
[2018.12.05-04.01.19:233][  0]SourceControl: Source control is disabled
[2018.12.05-04.01.19:286][  0]SourceControl: Source control is disabled
[2018.12.05-04.01.20:821][  0]LogAndroidPermission: UAndroidPermissionCallbackProxy::GetInstance
[2018.12.05-04.01.21:544][  0]LogOcInput: OculusInput pre-init called
[2018.12.05-04.01.21:931][  0]LogEngine: Initializing Engine...
[2018.12.05-04.01.21:934][  0]LogHMD: Failed to initialize OpenVR with code 110
[2018.12.05-04.01.21:953][  0]LogStats: UGameplayTagsManager::ConstructGameplayTagTree: Construct from data asset -  0.000 s
[2018.12.05-04.01.21:953][  0]LogStats: UGameplayTagsManager::ConstructGameplayTagTree: GameplayTagTreeChangedEvent.Broadcast -  0.000 s
[2018.12.05-04.01.22:891][  0]LogAIModule: Creating AISystem for world Untitled
[2018.12.05-04.01.22:912][  0]LogInit: XAudio2 using 'Altavoces (Logitech USB Headset)' : 2 channels at 44.1 kHz using 16 bits per sample (channel mask 0x3)
[2018.12.05-04.01.23:040][  0]LogInit: FAudioDevice initialized.
[2018.12.05-04.01.23:855][  0]LogDerivedDataCache: Saved boot cache 0.81s 74MB C:/Users/Felipe Delgado/AppData/Local/UnrealEngine/4.19/DerivedDataCache/Boot.ddc.
[2018.12.05-04.01.23:885][  0]LogInit: Texture streaming: Enabled
[2018.12.05-04.01.23:933][  0]LogEngineSessionManager: EngineSessionManager initialized
[2018.12.05-04.01.24:075][  0]LogInit: Transaction tracking system initialized
[2018.12.05-04.01.24:147][  0]BlueprintLog: New page: Editor Load
[2018.12.05-04.01.24:409][  0]LocalizationService: Localization service is disabled
[2018.12.05-04.01.25:122][  0]LogConsoleResponse: Display: 
[2018.12.05-04.01.27:159][  0]LogCook: Display: Max memory allowance for cook 16384mb min free memory 0mb
[2018.12.05-04.01.27:160][  0]LogCook: Display: Mobile HDR setting 1
[2018.12.05-04.01.27:160][  0]LogGameplayTags: Display: UGameplayTagsManager::DoneAddingNativeTags. DelegateIsBound: 0
[2018.12.05-04.01.27:160][  0]LogStats: UGameplayTagsManager::ConstructGameplayTagTree: Construct from data asset -  0.000 s
[2018.12.05-04.01.27:160][  0]LogStats: UGameplayTagsManager::ConstructGameplayTagTree: GameplayTagTreeChangedEvent.Broadcast -  0.000 s
[2018.12.05-04.01.27:403][  0]LogFileCache: Scanning file cache for directory 'C:/Users/Felipe Delgado/Documents/Unreal Projects/TheSurvivingLife/Content/' took 0.11s
[2018.12.05-04.01.28:471][  0]SourceControl: Source control is disabled
[2018.12.05-04.01.28:471][  0]Cmd: MAP LOAD FILE="../../../../../../Users/Felipe Delgado/Documents/Unreal Projects/TheSurvivingLife/Content/Maps/GeneralMap.umap" TEMPLATE=0 SHOWPROGRESS=1 FEATURELEVEL=3
[2018.12.05-04.01.28:717][  0]LightingResults: New page: Lighting Build
[2018.12.05-04.01.28:724][  0]MapCheck: New page: Map Check
[2018.12.05-04.01.28:725][  0]LightingResults: New page: Lighting Build
[2018.12.05-04.01.29:934][  0]LogUObjectGlobals: Created PersistentFrame Addr=0x000001ef883f9ac0, Size=64, Default__ThirdPerson_AnimBP_C Function /Game/Mannequin/Animations/ThirdPerson_AnimBP.ThirdPerson_AnimBP_C:ExecuteUbergraph_ThirdPerson_AnimBP
[2018.12.05-04.01.30:524][  0]LogUObjectGlobals: Destroyed PersistentFrame Addr=0x000001ef883f9ac0, Size=64
[2018.12.05-04.01.30:524][  0]LogUObjectGlobals: Created PersistentFrame Addr=0x000001ef883f99c0, Size=64, Default__ThirdPerson_AnimBP_C Function /Engine/Transient.REINST_ThirdPerson_AnimBP_C_0:ExecuteUbergraph_ThirdPerson_AnimBP
[2018.12.05-04.01.30:901][  0]LogUObjectGlobals: Created PersistentFrame Addr=0x000001ef882cade0, Size=72, Default__ThirdPerson_AnimBP_C Function /Game/Mannequin/Animations/ThirdPerson_AnimBP.ThirdPerson_AnimBP_C:ExecuteUbergraph_ThirdPerson_AnimBP
[2018.12.05-04.01.31:248][  0]LogUObjectGlobals: Created PersistentFrame Addr=0x000001ef882fc800, Size=952, Default__BPSurvivingLifeCharacter_C Function /Game/Blueprints/Character/BPSurvivingLifeCharacter.BPSurvivingLifeCharacter_C:ExecuteUbergraph_BPSurvivingLifeCharacter
[2018.12.05-04.01.31:251][  0]LogUObjectGlobals: Created PersistentFrame Addr=0x000001ef88469428, Size=4, Default__BP_EquipmentComponent_C Function /Game/Blueprints/Components/BP_EquipmentComponent.BP_EquipmentComponent_C:ExecuteUbergraph_BP_EquipmentComponent
[2018.12.05-04.01.31:470][  0]LogUObjectGlobals: Created PersistentFrame Addr=0x000001ef883751b0, Size=24, Default__BP_InvenItem_C Function /Game/Blueprints/Inventory/BaseClasses/BP_InvenItem.BP_InvenItem_C:ExecuteUbergraph_BP_InvenItem
[2018.12.05-04.01.31:587][  0]LogUObjectGlobals: Created PersistentFrame Addr=0x000001ef88374c40, Size=24, Default__BP_InvenItem_Empty_C Function /Game/Blueprints/Inventory/BaseClasses/BP_InvenItem.BP_InvenItem_C:ExecuteUbergraph_BP_InvenItem
[2018.12.05-04.01.31:592][  0]LogUObjectGlobals: Created PersistentFrame Addr=0x000001ef88468a18, Size=4, Default__BP_InventoryComponent_C Function /Game/Blueprints/Components/BP_InventoryComponent.BP_InventoryComponent_C:ExecuteUbergraph_BP_InventoryComponent
[2018.12.05-04.01.32:953][  0]LogUObjectGlobals: Created PersistentFrame Addr=0x000001ef884686f8, Size=8, Default__WeatherManager_C Function /Game/Blueprints/Weather/WeatherManager.WeatherManager_C:ExecuteUbergraph_WeatherManager
[2018.12.05-04.01.33:350][  0]LogUObjectGlobals: Created PersistentFrame Addr=0x000001ef88292c00, Size=304, Default__WB_EquipmentSlot_C Function /Game/UI/Widgets/WB_EquipmentSlot.WB_EquipmentSlot_C:ExecuteUbergraph_WB_EquipmentSlot
[2018.12.05-04.01.33:377][  0]LogUObjectGlobals: Created PersistentFrame Addr=0x000001eff38c6650, Size=16, Default__UI_EquipmentPanel_C Function /Game/UI/UI_EquipmentPanel.UI_EquipmentPanel_C:ExecuteUbergraph_UI_EquipmentPanel
[2018.12.05-04.01.33:379][  0]LogUObjectGlobals: Created PersistentFrame Addr=0x000001ef88468168, Size=4, Default__UI_ICEPanelLayout_C Function /Game/UI/UI_ICEPanelLayout.UI_ICEPanelLayout_C:ExecuteUbergraph_UI_ICEPanelLayout
[2018.12.05-04.01.33:504][  0]LogUObjectGlobals: Created PersistentFrame Addr=0x000001ef88292700, Size=312, Default__WB_InventorySlot_C Function /Game/UI/Widgets/WB_InventorySlot.WB_InventorySlot_C:ExecuteUbergraph_WB_InventorySlot
[2018.12.05-04.01.33:509][  0]LogUObjectGlobals: Created PersistentFrame Addr=0x000001ef882ec240, Size=32, Default__UI_InventoryPanel_C Function /Game/UI/UI_InventoryPanel.UI_InventoryPanel_C:ExecuteUbergraph_UI_InventoryPanel
[2018.12.05-04.01.33:749][  0]LogUObjectGlobals: Created PersistentFrame Addr=0x000001ef8c836280, Size=32, Default__BP_WorldItem_C Function /Game/Blueprints/Inventory/BaseClasses/BP_WorldItem.BP_WorldItem_C:ExecuteUbergraph_BP_WorldItem
[2018.12.05-04.01.33:782][  0]LogUObjectGlobals: Created PersistentFrame Addr=0x000001ef86e96888, Size=4, Default__BP_InvenItem_Apple_C Function /Game/Blueprints/Inventory/Items/BP_InvenItem_Apple.BP_InvenItem_Apple_C:ExecuteUbergraph_BP_InvenItem_Apple
[2018.12.05-04.01.33:782][  0]LogUObjectGlobals: Created PersistentFrame Addr=0x000001eff7ef88b0, Size=24, Default__BP_InvenItem_Apple_C Function /Game/Blueprints/Inventory/BaseClasses/BP_InvenItem.BP_InvenItem_C:ExecuteUbergraph_BP_InvenItem
[2018.12.05-04.01.33:797][  0]LogUObjectGlobals: Created PersistentFrame Addr=0x000001ef86e96880, Size=4, Default__BP_InvenItem_Apple_C Function /Game/Blueprints/Inventory/Items/BP_InvenItem_Apple.BP_InvenItem_Apple_C:ExecuteUbergraph_BP_InvenItem_Apple
[2018.12.05-04.01.33:797][  0]LogUObjectGlobals: Created PersistentFrame Addr=0x000001eff7ef8928, Size=24, Default__BP_InvenItem_Apple_C Function /Game/Blueprints/Inventory/BaseClasses/BP_InvenItem.BP_InvenItem_C:ExecuteUbergraph_BP_InvenItem
[2018.12.05-04.01.33:797][  0]LogUObjectGlobals: Created PersistentFrame Addr=0x000001eff7ef8610, Size=24, Default__BP_InvenItem_Empty_C Function /Game/Blueprints/Inventory/BaseClasses/BP_InvenItem.BP_InvenItem_C:ExecuteUbergraph_BP_InvenItem
[2018.12.05-04.01.33:854][  0]LogUObjectGlobals: Created PersistentFrame Addr=0x000001ef8c8341c0, Size=32, Default__BP_WorldItem_Apple_C Function /Game/Blueprints/Inventory/BaseClasses/BP_WorldItem.BP_WorldItem_C:ExecuteUbergraph_BP_WorldItem
[2018.12.05-04.01.33:970][  0]LogUObjectGlobals: Created PersistentFrame Addr=0x000001ef8c7e7c10, Size=24, Default__BP_InvenItem_Knife_C Function /Game/Blueprints/Inventory/BaseClasses/BP_InvenItem.BP_InvenItem_C:ExecuteUbergraph_BP_InvenItem
[2018.12.05-04.01.34:042][  0]LogUObjectGlobals: Created PersistentFrame Addr=0x000001ef8c7dbea0, Size=32, Default__BP_WorldItem_Knife_C Function /Game/Blueprints/Inventory/BaseClasses/BP_WorldItem.BP_WorldItem_C:ExecuteUbergraph_BP_WorldItem
[2018.12.05-04.01.34:222][  0]LogUObjectGlobals: Created PersistentFrame Addr=0x000001ef8c7e7ac0, Size=24, Default__BP_InvenItem_ArmorBase_C Function /Game/Blueprints/Inventory/BaseClasses/BP_InvenItem.BP_InvenItem_C:ExecuteUbergraph_BP_InvenItem
[2018.12.05-04.01.34:296][  0]LogUObjectGlobals: Created PersistentFrame Addr=0x000001ef8c7dbdc0, Size=32, Default__BP_WorldItem_ArmorBase_C Function /Game/Blueprints/Inventory/BaseClasses/BP_WorldItem.BP_WorldItem_C:ExecuteUbergraph_BP_WorldItem
[2018.12.05-04.01.34:925][  0]LogUObjectGlobals: Destroyed PersistentFrame Addr=0x000001ef883751b0, Size=24
[2018.12.05-04.01.34:925][  0]LogUObjectGlobals: Created PersistentFrame Addr=0x000001ef96600af0, Size=24, Default__BP_InvenItem_C Function /Engine/Transient.REINST_BP_InvenItem_C_7:ExecuteUbergraph_BP_InvenItem
[2018.12.05-04.01.34:926][  0]LogUObjectGlobals: Destroyed PersistentFrame Addr=0x000001ef88469428, Size=4
[2018.12.05-04.01.34:926][  0]LogUObjectGlobals: Created PersistentFrame Addr=0x000001ef9653f430, Size=4, Default__BP_EquipmentComponent_C Function /Engine/Transient.REINST_BP_EquipmentComponent_C_8:ExecuteUbergraph_BP_EquipmentComponent
[2018.12.05-04.01.34:926][  0]LogUObjectGlobals: Destroyed PersistentFrame Addr=0x000001ef86e96880, Size=4
[2018.12.05-04.01.34:926][  0]LogUObjectGlobals: Destroyed PersistentFrame Addr=0x000001eff7ef8928, Size=24
[2018.12.05-04.01.34:926][  0]LogUObjectGlobals: Created PersistentFrame Addr=0x000001ef9653f4b8, Size=4, Default__BP_InvenItem_Apple_C Function /Engine/Transient.REINST_BP_InvenItem_Apple_C_9:ExecuteUbergraph_BP_InvenItem_Apple
[2018.12.05-04.01.34:926][  0]LogUObjectGlobals: Created PersistentFrame Addr=0x000001ef96600aa8, Size=24, Default__BP_InvenItem_Apple_C Function /Engine/Transient.REINST_BP_InvenItem_C_7:ExecuteUbergraph_BP_InvenItem
[2018.12.05-04.01.34:926][  0]LogUObjectGlobals: Destroyed PersistentFrame Addr=0x000001ef8c7e7ac0, Size=24
[2018.12.05-04.01.34:926][  0]LogUObjectGlobals: Created PersistentFrame Addr=0x000001ef966009e8, Size=24, Default__BP_InvenItem_ArmorBase_C Function /Engine/Transient.REINST_BP_InvenItem_C_7:ExecuteUbergraph_BP_InvenItem
[2018.12.05-04.01.34:927][  0]LogUObjectGlobals: Destroyed PersistentFrame Addr=0x000001eff7ef8610, Size=24
[2018.12.05-04.01.34:927][  0]LogUObjectGlobals: Created PersistentFrame Addr=0x000001ef96600a18, Size=24, Default__BP_InvenItem_Empty_C Function /Engine/Transient.REINST_BP_InvenItem_C_7:ExecuteUbergraph_BP_InvenItem
[2018.12.05-04.01.34:927][  0]LogUObjectGlobals: Destroyed PersistentFrame Addr=0x000001ef8c7e7c10, Size=24
[2018.12.05-04.01.34:927][  0]LogUObjectGlobals: Created PersistentFrame Addr=0x000001ef96600988, Size=24, Default__BP_InvenItem_Knife_C Function /Engine/Transient.REINST_BP_InvenItem_C_7:ExecuteUbergraph_BP_InvenItem
[2018.12.05-04.01.34:928][  0]LogUObjectGlobals: Destroyed PersistentFrame Addr=0x000001ef88468a18, Size=4
[2018.12.05-04.01.34:928][  0]LogUObjectGlobals: Created PersistentFrame Addr=0x000001ef9653f438, Size=4, Default__BP_InventoryComponent_C Function /Engine/Transient.REINST_BP_InventoryComponent_C_13:ExecuteUbergraph_BP_InventoryComponent
[2018.12.05-04.01.34:928][  0]LogUObjectGlobals: Destroyed PersistentFrame Addr=0x000001ef8c836280, Size=32
[2018.12.05-04.01.34:928][  0]LogUObjectGlobals: Created PersistentFrame Addr=0x000001ef964fc180, Size=32, Default__BP_WorldItem_C Function /Engine/Transient.REINST_BP_WorldItem_C_14:ExecuteUbergraph_BP_WorldItem
[2018.12.05-04.01.34:930][  0]LogUObjectGlobals: Destroyed PersistentFrame Addr=0x000001ef884686f8, Size=8
[2018.12.05-04.01.34:930][  0]LogUObjectGlobals: Created PersistentFrame Addr=0x000001ef9653f3f8, Size=8, Default__WeatherManager_C Function /Engine/Transient.REINST_WeatherManager_C_16:ExecuteUbergraph_WeatherManager
[2018.12.05-04.01.34:941][  0]LogUObjectGlobals: Destroyed PersistentFrame Addr=0x000001ef8c8341c0, Size=32
[2018.12.05-04.01.34:941][  0]LogUObjectGlobals: Created PersistentFrame Addr=0x000001ef9647ff80, Size=32, Default__BP_WorldItem_Apple_C Function /Engine/Transient.REINST_BP_WorldItem_C_14:ExecuteUbergraph_BP_WorldItem
[2018.12.05-04.01.34:942][  0]LogUObjectGlobals: Destroyed PersistentFrame Addr=0x000001ef8c7dbdc0, Size=32
[2018.12.05-04.01.34:942][  0]LogUObjectGlobals: Created PersistentFrame Addr=0x000001ef9647ff40, Size=32, Default__BP_WorldItem_ArmorBase_C Function /Engine/Transient.REINST_BP_WorldItem_C_14:ExecuteUbergraph_BP_WorldItem
[2018.12.05-04.01.34:942][  0]LogUObjectGlobals: Destroyed PersistentFrame Addr=0x000001ef8c7dbea0, Size=32
[2018.12.05-04.01.34:942][  0]LogUObjectGlobals: Created PersistentFrame Addr=0x000001ef9647fee0, Size=32, Default__BP_WorldItem_Knife_C Function /Engine/Transient.REINST_BP_WorldItem_C_14:ExecuteUbergraph_BP_WorldItem
[2018.12.05-04.01.34:945][  0]LogUObjectGlobals: Destroyed PersistentFrame Addr=0x000001ef882fc800, Size=952
[2018.12.05-04.01.34:945][  0]LogUObjectGlobals: Created PersistentFrame Addr=0x000001ef8c79ec00, Size=952, Default__BPSurvivingLifeCharacter_C Function /Engine/Transient.REINST_BPSurvivingLifeCharacter_C_20:ExecuteUbergraph_BPSurvivingLifeCharacter
[2018.12.05-04.01.34:946][  0]LogUObjectGlobals: Destroyed PersistentFrame Addr=0x000001eff38c6650, Size=16
[2018.12.05-04.01.34:946][  0]LogUObjectGlobals: Created PersistentFrame Addr=0x000001ef965bd920, Size=16, Default__UI_EquipmentPanel_C Function /Engine/Transient.REINST_UI_EquipmentPanel_C_1:ExecuteUbergraph_UI_EquipmentPanel
[2018.12.05-04.01.34:947][  0]LogUObjectGlobals: Destroyed PersistentFrame Addr=0x000001ef88468168, Size=4
[2018.12.05-04.01.34:947][  0]LogUObjectGlobals: Created PersistentFrame Addr=0x000001ef9653f3e8, Size=4, Default__UI_ICEPanelLayout_C Function /Engine/Transient.REINST_UI_ICEPanelLayout_C_3:ExecuteUbergraph_UI_ICEPanelLayout
[2018.12.05-04.01.34:948][  0]LogUObjectGlobals: Destroyed PersistentFrame Addr=0x000001ef882ec240, Size=32
[2018.12.05-04.01.34:948][  0]LogUObjectGlobals: Created PersistentFrame Addr=0x000001ef9647fc40, Size=32, Default__UI_InventoryPanel_C Function /Engine/Transient.REINST_UI_InventoryPanel_C_4:ExecuteUbergraph_UI_InventoryPanel
[2018.12.05-04.01.34:948][  0]LogUObjectGlobals: Destroyed PersistentFrame Addr=0x000001ef88292c00, Size=304
[2018.12.05-04.01.34:948][  0]LogUObjectGlobals: Created PersistentFrame Addr=0x000001ef96592e80, Size=304, Default__WB_EquipmentSlot_C Function /Engine/Transient.REINST_WB_EquipmentSlot_C_5:ExecuteUbergraph_WB_EquipmentSlot
[2018.12.05-04.01.34:949][  0]LogUObjectGlobals: Destroyed PersistentFrame Addr=0x000001ef88292700, Size=312
[2018.12.05-04.01.34:949][  0]LogUObjectGlobals: Created PersistentFrame Addr=0x000001ef96592d40, Size=312, Default__WB_InventorySlot_C Function /Engine/Transient.REINST_WB_InventorySlot_C_6:ExecuteUbergraph_WB_InventorySlot
[2018.12.05-04.01.35:271][  0]LogUObjectGlobals: Created PersistentFrame Addr=0x000001ef96044ea0, Size=16, Default__BP_InvenItem_C Function /Game/Blueprints/Inventory/BaseClasses/BP_InvenItem.BP_InvenItem_C:ExecuteUbergraph_BP_InvenItem
[2018.12.05-04.01.35:283][  0]LogUObjectGlobals: Created PersistentFrame Addr=0x000001ef9653c3f8, Size=4, Default__BP_EquipmentComponent_C Function /Game/Blueprints/Components/BP_EquipmentComponent.BP_EquipmentComponent_C:ExecuteUbergraph_BP_EquipmentComponent
[2018.12.05-04.01.35:283][  0]LogUObjectGlobals: Created PersistentFrame Addr=0x000001ef9653c340, Size=4, Default__BP_InvenItem_Apple_C Function /Game/Blueprints/Inventory/Items/BP_InvenItem_Apple.BP_InvenItem_Apple_C:ExecuteUbergraph_BP_InvenItem_Apple
[2018.12.05-04.01.35:283][  0]LogUObjectGlobals: Created PersistentFrame Addr=0x000001ef96044da0, Size=16, Default__BP_InvenItem_Apple_C Function /Game/Blueprints/Inventory/BaseClasses/BP_InvenItem.BP_InvenItem_C:ExecuteUbergraph_BP_InvenItem
[2018.12.05-04.01.35:283][  0]LogUObjectGlobals: Created PersistentFrame Addr=0x000001ef96044e40, Size=16, Default__BP_InvenItem_ArmorBase_C Function /Game/Blueprints/Inventory/BaseClasses/BP_InvenItem.BP_InvenItem_C:ExecuteUbergraph_BP_InvenItem
[2018.12.05-04.01.35:284][  0]LogUObjectGlobals: Created PersistentFrame Addr=0x000001ef96044e20, Size=16, Default__BP_InvenItem_Empty_C Function /Game/Blueprints/Inventory/BaseClasses/BP_InvenItem.BP_InvenItem_C:ExecuteUbergraph_BP_InvenItem
[2018.12.05-04.01.35:284][  0]LogUObjectGlobals: Created PersistentFrame Addr=0x000001ef96044d10, Size=16, Default__BP_InvenItem_Knife_C Function /Game/Blueprints/Inventory/BaseClasses/BP_InvenItem.BP_InvenItem_C:ExecuteUbergraph_BP_InvenItem
[2018.12.05-04.01.35:291][  0]LogUObjectGlobals: Created PersistentFrame Addr=0x000001ef9653c198, Size=4, Default__BP_InventoryComponent_C Function /Game/Blueprints/Components/BP_InventoryComponent.BP_InventoryComponent_C:ExecuteUbergraph_BP_InventoryComponent
[2018.12.05-04.01.35:293][  0]LogUObjectGlobals: Created PersistentFrame Addr=0x000001ef9600d738, Size=24, Default__BP_WorldItem_C Function /Game/Blueprints/Inventory/BaseClasses/BP_WorldItem.BP_WorldItem_C:ExecuteUbergraph_BP_WorldItem
[2018.12.05-04.01.35:325][  0]LogUObjectGlobals: Created PersistentFrame Addr=0x000001ef8cca3bd8, Size=8, Default__WeatherManager_C Function /Game/Blueprints/Weather/WeatherManager.WeatherManager_C:ExecuteUbergraph_WeatherManager
[2018.12.05-04.01.35:327][  0]LogUObjectGlobals: Created PersistentFrame Addr=0x000001ef9600d030, Size=24, Default__BP_WorldItem_Apple_C Function /Game/Blueprints/Inventory/BaseClasses/BP_WorldItem.BP_WorldItem_C:ExecuteUbergraph_BP_WorldItem
[2018.12.05-04.01.35:327][  0]LogUObjectGlobals: Created PersistentFrame Addr=0x000001ef9600d018, Size=24, Default__BP_WorldItem_ArmorBase_C Function /Game/Blueprints/Inventory/BaseClasses/BP_WorldItem.BP_WorldItem_C:ExecuteUbergraph_BP_WorldItem
[2018.12.05-04.01.35:327][  0]LogUObjectGlobals: Created PersistentFrame Addr=0x000001ef9600d000, Size=24, Default__BP_WorldItem_Knife_C Function /Game/Blueprints/Inventory/BaseClasses/BP_WorldItem.BP_WorldItem_C:ExecuteUbergraph_BP_WorldItem
[2018.12.05-04.01.35:343][  0]LogUObjectGlobals: Created PersistentFrame Addr=0x000001ef8cc9d800, Size=952, Default__BPSurvivingLifeCharacter_C Function /Game/Blueprints/Character/BPSurvivingLifeCharacter.BPSurvivingLifeCharacter_C:ExecuteUbergraph_BPSurvivingLifeCharacter
[2018.12.05-04.01.35:353][  0]LogUObjectGlobals: Created PersistentFrame Addr=0x000001ef8cbd3630, Size=16, Default__UI_EquipmentPanel_C Function /Game/UI/UI_EquipmentPanel.UI_EquipmentPanel_C:ExecuteUbergraph_UI_EquipmentPanel
[2018.12.05-04.01.35:372][  0]LogUObjectGlobals: Created PersistentFrame Addr=0x000001ef8cca2e88, Size=4, Default__UI_ICEPanelLayout_C Function /Game/UI/UI_ICEPanelLayout.UI_ICEPanelLayout_C:ExecuteUbergraph_UI_ICEPanelLayout
[2018.12.05-04.01.35:375][  0]LogUObjectGlobals: Created PersistentFrame Addr=0x000001ef8cb8b3b8, Size=24, Default__UI_InventoryPanel_C Function /Game/UI/UI_InventoryPanel.UI_InventoryPanel_C:ExecuteUbergraph_UI_InventoryPanel
[2018.12.05-04.01.35:377][  0]LogUObjectGlobals: Created PersistentFrame Addr=0x000001ef96016340, Size=304, Default__WB_EquipmentSlot_C Function /Game/UI/Widgets/WB_EquipmentSlot.WB_EquipmentSlot_C:ExecuteUbergraph_WB_EquipmentSlot
[2018.12.05-04.01.35:380][  0]LogUObjectGlobals: Created PersistentFrame Addr=0x000001ef960160c0, Size=312, Default__WB_InventorySlot_C Function /Game/UI/Widgets/WB_InventorySlot.WB_InventorySlot_C:ExecuteUbergraph_WB_InventorySlot
[2018.12.05-04.01.43:317][  0]LogSkeletalMesh: Skeletal Mesh found in DDC [192.467926ms] /Game/Mannequin/Character/Mesh/SK_Mannequin.SK_Mannequin
[2018.12.05-04.01.43:645][  0]LogAIModule: Creating AISystem for world GeneralMap
[2018.12.05-04.01.49:676][  0]LogEditorServer: Finished looking for orphan Actors (0.000 secs)
[2018.12.05-04.01.49:790][  0]LogUObjectGlobals: Destroyed PersistentFrame Addr=0x000001ef883f99c0, Size=64
[2018.12.05-04.01.49:791][  0]LogUObjectGlobals: Destroyed PersistentFrame Addr=0x000001ef8c79ec00, Size=952
[2018.12.05-04.01.49:791][  0]LogUObjectGlobals: Destroyed PersistentFrame Addr=0x000001ef9653f430, Size=4
[2018.12.05-04.01.49:791][  0]LogUObjectGlobals: Destroyed PersistentFrame Addr=0x000001ef96600af0, Size=24
[2018.12.05-04.01.49:791][  0]LogUObjectGlobals: Destroyed PersistentFrame Addr=0x000001ef96600a18, Size=24
[2018.12.05-04.01.49:791][  0]LogUObjectGlobals: Destroyed PersistentFrame Addr=0x000001ef9653f438, Size=4
[2018.12.05-04.01.49:791][  0]LogUObjectGlobals: Destroyed PersistentFrame Addr=0x000001ef9653f3f8, Size=8
[2018.12.05-04.01.49:791][  0]LogUObjectGlobals: Destroyed PersistentFrame Addr=0x000001ef96592e80, Size=304
[2018.12.05-04.01.49:791][  0]LogUObjectGlobals: Destroyed PersistentFrame Addr=0x000001ef965bd920, Size=16
[2018.12.05-04.01.49:791][  0]LogUObjectGlobals: Destroyed PersistentFrame Addr=0x000001ef9653f3e8, Size=4
[2018.12.05-04.01.49:791][  0]LogUObjectGlobals: Destroyed PersistentFrame Addr=0x000001ef96592d40, Size=312
[2018.12.05-04.01.49:791][  0]LogUObjectGlobals: Destroyed PersistentFrame Addr=0x000001ef9647fc40, Size=32
[2018.12.05-04.01.49:791][  0]LogUObjectGlobals: Destroyed PersistentFrame Addr=0x000001ef964fc180, Size=32
[2018.12.05-04.01.49:791][  0]LogUObjectGlobals: Destroyed PersistentFrame Addr=0x000001ef9653f4b8, Size=4
[2018.12.05-04.01.49:791][  0]LogUObjectGlobals: Destroyed PersistentFrame Addr=0x000001ef96600aa8, Size=24
[2018.12.05-04.01.49:792][  0]LogUObjectGlobals: Destroyed PersistentFrame Addr=0x000001ef9647ff80, Size=32
[2018.12.05-04.01.49:792][  0]LogUObjectGlobals: Destroyed PersistentFrame Addr=0x000001ef96600988, Size=24
[2018.12.05-04.01.49:792][  0]LogUObjectGlobals: Destroyed PersistentFrame Addr=0x000001ef9647fee0, Size=32
[2018.12.05-04.01.49:792][  0]LogUObjectGlobals: Destroyed PersistentFrame Addr=0x000001ef966009e8, Size=24
[2018.12.05-04.01.49:792][  0]LogUObjectGlobals: Destroyed PersistentFrame Addr=0x000001ef9647ff40, Size=32
[2018.12.05-04.01.49:813][  0]Cmd: MAP CHECKDEP NOCLEARLOG
[2018.12.05-04.01.49:972][  0]MapCheck: Map check complete: 0 Error(s), 0 Warning(s), took 158.784ms to complete.
[2018.12.05-04.01.49:972][  0]LogFileHelpers: Loading map 'GeneralMap' took 21.501
[2018.12.05-04.01.51:703][  0]LogCollectionManager: Loaded 0 collections in 0.014754 seconds
[2018.12.05-04.01.52:007][  0]LogFileCache: Scanning file cache for directory 'C:/Users/Felipe Delgado/Documents/Unreal Projects/TheSurvivingLife/Saved/Collections/' took 0.01s
[2018.12.05-04.01.52:007][  0]LogFileCache: Scanning file cache for directory 'C:/Users/Felipe Delgado/Documents/Unreal Projects/TheSurvivingLife/Content/Developers/FelipeDelgado/Collections/' took 0.01s
[2018.12.05-04.01.52:007][  0]LogFileCache: Scanning file cache for directory 'C:/Users/Felipe Delgado/Documents/Unreal Projects/TheSurvivingLife/Content/Collections/' took 0.02s
[2018.12.05-04.01.52:007][  0]LogCollectionManager: Rebuilt the GUID cache for 0 collections in 0.000001 seconds
[2018.12.05-04.01.52:043][  0]LogContentBrowser: Native class hierarchy populated in 0.0171 seconds. Added 2452 classes and 558 folders.
[2018.12.05-04.01.52:216][  0]LogContentBrowser: Native class hierarchy updated for 'WidgetCarousel' in 0.0004 seconds. Added 0 classes and 0 folders.
[2018.12.05-04.01.53:644][  0]LogContentBrowser: Native class hierarchy updated for 'AddContentDialog' in 0.0004 seconds. Added 0 classes and 0 folders.
[2018.12.05-04.01.53:826][  0]LogContentBrowser: Native class hierarchy updated for 'SceneOutliner' in 0.0004 seconds. Added 1 classes and 2 folders.
[2018.12.05-04.01.55:829][  0]LogSlate: Took 0.000461 seconds to synchronously load lazily loaded font '../../../Engine/Content/Slate/Fonts/Roboto-Regular.ttf' (155K)
[2018.12.05-04.01.55:833][  0]LogSlate: Took 0.000466 seconds to synchronously load lazily loaded font '../../../Engine/Content/Slate/Fonts/Roboto-Bold.ttf' (160K)
[2018.12.05-04.01.55:910][  0]LogSlate: Took 0.021745 seconds to synchronously load lazily loaded font '../../../Engine/Content/Editor/Slate/Fonts/FontAwesome.ttf' (139K)
[2018.12.05-04.01.56:575][  0]LogRenderer: Reallocating scene render targets to support 908x436 Format 10 NumSamples 1 (Frame:1).
[2018.12.05-04.01.58:059][  0]LogContentBrowser: Native class hierarchy updated for 'HierarchicalLODOutliner' in 0.0007 seconds. Added 0 classes and 0 folders.
[2018.12.05-04.01.58:059][  0]LogLoad: (Engine Initialization) Total time: 100.84 seconds
[2018.12.05-04.01.58:060][  0]LogLoad: (Engine Initialization) Total Blueprint compile time: 0.00 seconds
[2018.12.05-04.01.58:503][  0]LogContentStreaming: Texture pool size now 1000 MB
[2018.12.05-04.01.58:703][  0]LogSlate: Took 0.033872 seconds to synchronously load lazily loaded font '../../../Engine/Content/Slate/Fonts/Roboto-Light.ttf' (167K)
[2018.12.05-04.01.59:725][  3]LogSlate: Took 0.000955 seconds to synchronously load lazily loaded font '../../../Engine/Content/Slate/Fonts/Roboto-Light.ttf' (167K)
[2018.12.05-04.02.00:675][  6]LogAssetRegistry: Asset discovery search completed in 76.6326 seconds
[2018.12.05-04.02.00:747][  6]LogCollectionManager: Rebuilt the object cache for 0 collections in 0.000000 seconds (found 0 objects)
[2018.12.05-04.02.00:747][  6]LogCollectionManager: Fixed up redirectors for 0 collections in 0.000112 seconds (updated 0 objects)
[2018.12.05-04.03.13:808][324]LogSlate: FSceneViewport::OnFocusLost() reason 0
[2018.12.05-04.03.15:170][328]LogContentBrowser: Native class hierarchy updated for 'BlueprintGraph' in 0.0007 seconds. Added 116 classes and 0 folders.
[2018.12.05-04.03.15:896][328]LogUObjectGlobals: Created PersistentFrame Addr=0x000001efb469cc30, Size=4, Default__SKEL_PROTO_BP_AnimBlueprint_0_C Function /Engine/Transient.SKEL_PROTO_BP_AnimBlueprint_0_C:ExecuteUbergraph_PROTO_BP_AnimBlueprint_0
[2018.12.05-04.03.15:897][328]LogUObjectGlobals: Created PersistentFrame Addr=0x000001efb469cc28, Size=4, Default__PROTO_BP_AnimBlueprint_0_C Function /Engine/Transient.PROTO_BP_AnimBlueprint_0_C:ExecuteUbergraph_PROTO_BP_AnimBlueprint_0
[2018.12.05-04.03.25:482][549]LogTemp: Repeating last play command: Selected Viewport
[2018.12.05-04.03.25:568][549]LogBlueprintUserMessages: Early PlayInEditor Detection: Level '/Game/Maps/GeneralMap.GeneralMap:PersistentLevel' has LevelScriptBlueprint '/Game/Maps/GeneralMap.GeneralMap:PersistentLevel.GeneralMap' with GeneratedClass '/Game/Maps/GeneralMap.GeneralMap_C' with ClassGeneratedBy '/Game/Maps/GeneralMap.GeneralMap:PersistentLevel.GeneralMap'
[2018.12.05-04.03.25:581][549]LogPlayLevel: PlayLevel: No blueprints needed recompiling
[2018.12.05-04.03.25:687][549]PIE: New page: PIE session: GeneralMap (Dec 4, 2018, 10:03:25 PM)
[2018.12.05-04.03.25:719][549]LogPlayLevel: Creating play world package: /Game/Maps/UEDPIE_0_GeneralMap
[2018.12.05-04.03.25:819][549]LogPlayLevel: PIE: StaticDuplicateObject took: (0.099542s)
[2018.12.05-04.03.25:827][549]LogAIModule: Creating AISystem for world GeneralMap
[2018.12.05-04.03.25:828][549]LogPlayLevel: PIE: World Init took: (0.000882s)
[2018.12.05-04.03.25:828][549]LogPlayLevel: PIE: Created PIE world by copying editor world from /Game/Maps/GeneralMap.GeneralMap to /Game/Maps/UEDPIE_0_GeneralMap.GeneralMap (0.108099s)
[2018.12.05-04.03.25:903][549]LogInit: XAudio2 using 'Altavoces (Logitech USB Headset)' : 2 channels at 44.1 kHz using 16 bits per sample (channel mask 0x3)
[2018.12.05-04.03.25:920][549]LogInit: FAudioDevice initialized.
[2018.12.05-04.03.26:000][549]LogLoad: Game class is 'SurvivingLifeGameMode_C'
[2018.12.05-04.03.26:005][549]LogWorld: Bringing World /Game/Maps/UEDPIE_0_GeneralMap.GeneralMap up for play (max tick rate 60) at 2018.12.05-01.03.26
[2018.12.05-04.03.26:039][549]LogWorld: Bringing up level for play took: 0.037761
[2018.12.05-04.03.26:244][549]LogContentBrowser: Native class hierarchy updated for 'MovieSceneCapture' in 0.0004 seconds. Added 11 classes and 0 folders.
[2018.12.05-04.03.26:567][549]PIE: Play in editor start time for /Game/Maps/UEDPIE_0_GeneralMap 1.447
[2018.12.05-04.03.26:567][549]LogBlueprintUserMessages: Late PlayInEditor Detection: Level '/Game/Maps/GeneralMap.GeneralMap:PersistentLevel' has LevelScriptBlueprint '/Game/Maps/GeneralMap.GeneralMap:PersistentLevel.GeneralMap' with GeneratedClass '/Game/Maps/GeneralMap.GeneralMap_C' with ClassGeneratedBy '/Game/Maps/GeneralMap.GeneralMap:PersistentLevel.GeneralMap'
[2018.12.05-04.03.26:612][549]LogScript: Warning: Accessed None trying to read property CharacterHudRef
	WeatherManager_C /Game/Maps/UEDPIE_0_GeneralMap.GeneralMap:PersistentLevel.WeatherManager_10
	Function /Game/Blueprints/Weather/WeatherManager.WeatherManager_C:UpdateCurrentTime:0041
[2018.12.05-04.03.26:625][549]PIE: Error: Blueprint Runtime Error: Accessed None trying to read property CharacterHudRef from function: 'UpdateCurrentTime' from node: Set Time in graph: UpdateCurrentTime in object: WeatherManager with description: Accessed None trying to read property CharacterHudRef
[2018.12.05-04.03.31:326][692]LogBlueprintUserMessages: Early EndPlayMap Detection: Level '/Game/Maps/GeneralMap.GeneralMap:PersistentLevel' has LevelScriptBlueprint '/Game/Maps/GeneralMap.GeneralMap:PersistentLevel.GeneralMap' with GeneratedClass '/Game/Maps/GeneralMap.GeneralMap_C' with ClassGeneratedBy '/Game/Maps/GeneralMap.GeneralMap:PersistentLevel.GeneralMap'
[2018.12.05-04.03.31:438][692]LogBlueprintUserMessages: Late EndPlayMap Detection: Level '/Game/Maps/GeneralMap.GeneralMap:PersistentLevel' has LevelScriptBlueprint '/Game/Maps/GeneralMap.GeneralMap:PersistentLevel.GeneralMap' with GeneratedClass '/Game/Maps/GeneralMap.GeneralMap_C' with ClassGeneratedBy '/Game/Maps/GeneralMap.GeneralMap:PersistentLevel.GeneralMap'
[2018.12.05-04.03.37:801][939]LogSlate: Took 0.020151 seconds to synchronously load lazily loaded font '../../../Engine/Content/Slate/Fonts/Roboto-BoldCondensed.ttf' (158K)
[2018.12.05-04.03.41:636][ 91]LogUObjectGlobals: Created PersistentFrame Addr=0x000001ef9213e3f0, Size=4, Default__SKEL_BP_InvenItem_C Function /Game/Blueprints/Inventory/BaseClasses/BP_InvenItem.SKEL_BP_InvenItem_C:ExecuteUbergraph_BP_InvenItem
[2018.12.05-04.03.41:647][ 91]LogUObjectGlobals: Created PersistentFrame Addr=0x000001ef9213eba8, Size=4, Default__SKEL_BP_InvenItem_Apple_C Function /Game/Blueprints/Inventory/Items/BP_InvenItem_Apple.SKEL_BP_InvenItem_Apple_C:ExecuteUbergraph_BP_InvenItem_Apple
[2018.12.05-04.03.41:647][ 91]LogUObjectGlobals: Created PersistentFrame Addr=0x000001ef9213e350, Size=4, Default__SKEL_BP_InvenItem_Apple_C Function /Game/Blueprints/Inventory/BaseClasses/BP_InvenItem.SKEL_BP_InvenItem_C:ExecuteUbergraph_BP_InvenItem
[2018.12.05-04.03.41:649][ 91]LogUObjectGlobals: Created PersistentFrame Addr=0x000001ef9213d458, Size=4, Default__SKEL_BP_InvenItem_ArmorBase_C Function /Game/Blueprints/Inventory/BaseClasses/BP_InvenItem.SKEL_BP_InvenItem_C:ExecuteUbergraph_BP_InvenItem
[2018.12.05-04.03.41:668][ 91]LogUObjectGlobals: Created PersistentFrame Addr=0x000001ef9213d668, Size=4, Default__SKEL_BP_InvenItem_Empty_C Function /Game/Blueprints/Inventory/BaseClasses/BP_InvenItem.SKEL_BP_InvenItem_C:ExecuteUbergraph_BP_InvenItem
[2018.12.05-04.03.41:673][ 91]LogUObjectGlobals: Created PersistentFrame Addr=0x000001ef9213e7d8, Size=4, Default__SKEL_BP_InvenItem_Knife_C Function /Game/Blueprints/Inventory/BaseClasses/BP_InvenItem.SKEL_BP_InvenItem_C:ExecuteUbergraph_BP_InvenItem
[2018.12.05-04.03.42:861][146]LogUObjectGlobals: Destroyed PersistentFrame Addr=0x000001ef9213e3f0, Size=4
[2018.12.05-04.03.42:861][146]LogUObjectGlobals: Created PersistentFrame Addr=0x000001ef9213e3f0, Size=4, Default__SKEL_BP_InvenItem_C Function /Engine/Transient.REINST_SKEL_BP_InvenItem_C_66:ExecuteUbergraph_BP_InvenItem
[2018.12.05-04.03.42:868][146]LogUObjectGlobals: Created PersistentFrame Addr=0x000001ef9213fc00, Size=4, Default__SKEL_BP_InvenItem_C Function /Game/Blueprints/Inventory/BaseClasses/BP_InvenItem.SKEL_BP_InvenItem_C:ExecuteUbergraph_BP_InvenItem
[2018.12.05-04.03.42:869][146]LogUObjectGlobals: Destroyed PersistentFrame Addr=0x000001ef9213eba8, Size=4
[2018.12.05-04.03.42:870][146]LogUObjectGlobals: Destroyed PersistentFrame Addr=0x000001ef9213e350, Size=4
[2018.12.05-04.03.42:870][146]LogUObjectGlobals: Created PersistentFrame Addr=0x000001ef9213e350, Size=4, Default__SKEL_BP_InvenItem_Apple_C Function /Engine/Transient.REINST_SKEL_BP_InvenItem_Apple_C_68:ExecuteUbergraph_BP_InvenItem_Apple
[2018.12.05-04.03.42:870][146]LogUObjectGlobals: Created PersistentFrame Addr=0x000001ef9213eba8, Size=4, Default__SKEL_BP_InvenItem_Apple_C Function /Engine/Transient.REINST_SKEL_BP_InvenItem_C_66:ExecuteUbergraph_BP_InvenItem
[2018.12.05-04.03.42:871][146]LogUObjectGlobals: Created PersistentFrame Addr=0x000001ef9213edf0, Size=4, Default__SKEL_BP_InvenItem_Apple_C Function /Game/Blueprints/Inventory/Items/BP_InvenItem_Apple.SKEL_BP_InvenItem_Apple_C:ExecuteUbergraph_BP_InvenItem_Apple
[2018.12.05-04.03.42:871][146]LogUObjectGlobals: Created PersistentFrame Addr=0x000001ef9213fc28, Size=4, Default__SKEL_BP_InvenItem_Apple_C Function /Game/Blueprints/Inventory/BaseClasses/BP_InvenItem.SKEL_BP_InvenItem_C:ExecuteUbergraph_BP_InvenItem
[2018.12.05-04.03.42:871][146]LogUObjectGlobals: Destroyed PersistentFrame Addr=0x000001ef9213d458, Size=4
[2018.12.05-04.03.42:872][146]LogUObjectGlobals: Created PersistentFrame Addr=0x000001ef9213d458, Size=4, Default__SKEL_BP_InvenItem_ArmorBase_C Function /Engine/Transient.REINST_SKEL_BP_InvenItem_C_66:ExecuteUbergraph_BP_InvenItem
[2018.12.05-04.03.42:872][146]LogUObjectGlobals: Created PersistentFrame Addr=0x000001ef9213dc90, Size=4, Default__SKEL_BP_InvenItem_ArmorBase_C Function /Game/Blueprints/Inventory/BaseClasses/BP_InvenItem.SKEL_BP_InvenItem_C:ExecuteUbergraph_BP_InvenItem
[2018.12.05-04.03.42:874][146]LogUObjectGlobals: Destroyed PersistentFrame Addr=0x000001ef9213d668, Size=4
[2018.12.05-04.03.42:874][146]LogUObjectGlobals: Created PersistentFrame Addr=0x000001ef9213d668, Size=4, Default__SKEL_BP_InvenItem_Empty_C Function /Engine/Transient.REINST_SKEL_BP_InvenItem_C_66:ExecuteUbergraph_BP_InvenItem
[2018.12.05-04.03.42:876][146]LogUObjectGlobals: Created PersistentFrame Addr=0x000001ef9213fba0, Size=4, Default__SKEL_BP_InvenItem_Empty_C Function /Game/Blueprints/Inventory/BaseClasses/BP_InvenItem.SKEL_BP_InvenItem_C:ExecuteUbergraph_BP_InvenItem
[2018.12.05-04.03.42:878][146]LogUObjectGlobals: Destroyed PersistentFrame Addr=0x000001ef9213e7d8, Size=4
[2018.12.05-04.03.42:878][146]LogUObjectGlobals: Created PersistentFrame Addr=0x000001ef9213e7d8, Size=4, Default__SKEL_BP_InvenItem_Knife_C Function /Engine/Transient.REINST_SKEL_BP_InvenItem_C_66:ExecuteUbergraph_BP_InvenItem
[2018.12.05-04.03.42:879][146]LogUObjectGlobals: Created PersistentFrame Addr=0x000001ef9213ff00, Size=4, Default__SKEL_BP_InvenItem_Knife_C Function /Game/Blueprints/Inventory/BaseClasses/BP_InvenItem.SKEL_BP_InvenItem_C:ExecuteUbergraph_BP_InvenItem
[2018.12.05-04.03.44:115][206]BlueprintLog: New page: Compile BP_InvenItem
[2018.12.05-04.03.44:145][206]LogUObjectGlobals: Destroyed PersistentFrame Addr=0x000001ef9213fc00, Size=4
[2018.12.05-04.03.44:145][206]LogUObjectGlobals: Created PersistentFrame Addr=0x000001efa1fb5830, Size=4, Default__SKEL_BP_InvenItem_C Function /Engine/Transient.REINST_SKEL_BP_InvenItem_C_76:ExecuteUbergraph_BP_InvenItem
[2018.12.05-04.03.44:145][206]LogUObjectGlobals: Destroyed PersistentFrame Addr=0x000001ef9213edf0, Size=4
[2018.12.05-04.03.44:146][206]LogUObjectGlobals: Destroyed PersistentFrame Addr=0x000001ef9213fc28, Size=4
[2018.12.05-04.03.44:146][206]LogUObjectGlobals: Created PersistentFrame Addr=0x000001efa1fb5768, Size=4, Default__SKEL_BP_InvenItem_Apple_C Function /Engine/Transient.REINST_SKEL_BP_InvenItem_Apple_C_78:ExecuteUbergraph_BP_InvenItem_Apple
[2018.12.05-04.03.44:146][206]LogUObjectGlobals: Created PersistentFrame Addr=0x000001efa1fb58a0, Size=4, Default__SKEL_BP_InvenItem_Apple_C Function /Engine/Transient.REINST_SKEL_BP_InvenItem_C_76:ExecuteUbergraph_BP_InvenItem
[2018.12.05-04.03.44:146][206]LogUObjectGlobals: Destroyed PersistentFrame Addr=0x000001ef9213dc90, Size=4
[2018.12.05-04.03.44:146][206]LogUObjectGlobals: Created PersistentFrame Addr=0x000001efa1fb5678, Size=4, Default__SKEL_BP_InvenItem_ArmorBase_C Function /Engine/Transient.REINST_SKEL_BP_InvenItem_C_76:ExecuteUbergraph_BP_InvenItem
[2018.12.05-04.03.44:146][206]LogUObjectGlobals: Destroyed PersistentFrame Addr=0x000001ef9213fba0, Size=4
[2018.12.05-04.03.44:146][206]LogUObjectGlobals: Created PersistentFrame Addr=0x000001efa1fb5728, Size=4, Default__SKEL_BP_InvenItem_Empty_C Function /Engine/Transient.REINST_SKEL_BP_InvenItem_C_76:ExecuteUbergraph_BP_InvenItem
[2018.12.05-04.03.44:147][206]LogUObjectGlobals: Destroyed PersistentFrame Addr=0x000001ef9213ff00, Size=4
[2018.12.05-04.03.44:147][206]LogUObjectGlobals: Created PersistentFrame Addr=0x000001efa1fb57b0, Size=4, Default__SKEL_BP_InvenItem_Knife_C Function /Engine/Transient.REINST_SKEL_BP_InvenItem_C_76:ExecuteUbergraph_BP_InvenItem
[2018.12.05-04.03.44:626][206]LogUObjectGlobals: Destroyed PersistentFrame Addr=0x000001ef96044ea0, Size=16
[2018.12.05-04.03.44:626][206]LogUObjectGlobals: Created PersistentFrame Addr=0x000001f0095c2770, Size=16, Default__BP_InvenItem_C Function /Engine/Transient.REINST_BP_InvenItem_C_101:ExecuteUbergraph_BP_InvenItem
[2018.12.05-04.03.44:626][206]LogUObjectGlobals: Destroyed PersistentFrame Addr=0x000001ef9653c3f8, Size=4
[2018.12.05-04.03.44:626][206]LogUObjectGlobals: Created PersistentFrame Addr=0x000001efa1fb4bc0, Size=4, Default__BP_EquipmentComponent_C Function /Engine/Transient.REINST_BP_EquipmentComponent_C_102:ExecuteUbergraph_BP_EquipmentComponent
[2018.12.05-04.03.44:626][206]LogUObjectGlobals: Destroyed PersistentFrame Addr=0x000001ef9653c340, Size=4
[2018.12.05-04.03.44:626][206]LogUObjectGlobals: Destroyed PersistentFrame Addr=0x000001ef96044da0, Size=16
[2018.12.05-04.03.44:626][206]LogUObjectGlobals: Created PersistentFrame Addr=0x000001efa1fb79a8, Size=4, Default__BP_InvenItem_Apple_C Function /Engine/Transient.REINST_BP_InvenItem_Apple_C_103:ExecuteUbergraph_BP_InvenItem_Apple
[2018.12.05-04.03.44:626][206]LogUObjectGlobals: Created PersistentFrame Addr=0x000001f0095c2780, Size=16, Default__BP_InvenItem_Apple_C Function /Engine/Transient.REINST_BP_InvenItem_C_101:ExecuteUbergraph_BP_InvenItem
[2018.12.05-04.03.44:626][206]LogUObjectGlobals: Destroyed PersistentFrame Addr=0x000001ef96044e40, Size=16
[2018.12.05-04.03.44:626][206]LogUObjectGlobals: Created PersistentFrame Addr=0x000001f0095c27a0, Size=16, Default__BP_InvenItem_ArmorBase_C Function /Engine/Transient.REINST_BP_InvenItem_C_101:ExecuteUbergraph_BP_InvenItem
[2018.12.05-04.03.44:627][206]LogUObjectGlobals: Destroyed PersistentFrame Addr=0x000001ef96044e20, Size=16
[2018.12.05-04.03.44:627][206]LogUObjectGlobals: Created PersistentFrame Addr=0x000001f0095c27d0, Size=16, Default__BP_InvenItem_Empty_C Function /Engine/Transient.REINST_BP_InvenItem_C_101:ExecuteUbergraph_BP_InvenItem
[2018.12.05-04.03.44:627][206]LogUObjectGlobals: Destroyed PersistentFrame Addr=0x000001ef96044d10, Size=16
[2018.12.05-04.03.44:627][206]LogUObjectGlobals: Created PersistentFrame Addr=0x000001f0095c27e0, Size=16, Default__BP_InvenItem_Knife_C Function /Engine/Transient.REINST_BP_InvenItem_C_101:ExecuteUbergraph_BP_InvenItem
[2018.12.05-04.03.44:627][206]LogUObjectGlobals: Destroyed PersistentFrame Addr=0x000001ef9653c198, Size=4
[2018.12.05-04.03.44:627][206]LogUObjectGlobals: Created PersistentFrame Addr=0x000001efa1fb5118, Size=4, Default__BP_InventoryComponent_C Function /Engine/Transient.REINST_BP_InventoryComponent_C_107:ExecuteUbergraph_BP_InventoryComponent
[2018.12.05-04.03.44:627][206]LogUObjectGlobals: Destroyed PersistentFrame Addr=0x000001ef9600d738, Size=24
[2018.12.05-04.03.44:627][206]LogUObjectGlobals: Created PersistentFrame Addr=0x000001f009590328, Size=24, Default__BP_WorldItem_C Function /Engine/Transient.REINST_BP_WorldItem_C_108:ExecuteUbergraph_BP_WorldItem
[2018.12.05-04.03.44:628][206]LogUObjectGlobals: Destroyed PersistentFrame Addr=0x000001ef9600d030, Size=24
[2018.12.05-04.03.44:628][206]LogUObjectGlobals: Created PersistentFrame Addr=0x000001f009590340, Size=24, Default__BP_WorldItem_Apple_C Function /Engine/Transient.REINST_BP_WorldItem_C_108:ExecuteUbergraph_BP_WorldItem
[2018.12.05-04.03.44:628][206]LogUObjectGlobals: Destroyed PersistentFrame Addr=0x000001ef9600d018, Size=24
[2018.12.05-04.03.44:628][206]LogUObjectGlobals: Created PersistentFrame Addr=0x000001f009590358, Size=24, Default__BP_WorldItem_ArmorBase_C Function /Engine/Transient.REINST_BP_WorldItem_C_108:ExecuteUbergraph_BP_WorldItem
[2018.12.05-04.03.44:628][206]LogUObjectGlobals: Destroyed PersistentFrame Addr=0x000001ef9600d000, Size=24
[2018.12.05-04.03.44:628][206]LogUObjectGlobals: Created PersistentFrame Addr=0x000001f009590370, Size=24, Default__BP_WorldItem_Knife_C Function /Engine/Transient.REINST_BP_WorldItem_C_108:ExecuteUbergraph_BP_WorldItem
[2018.12.05-04.03.44:631][206]LogUObjectGlobals: Destroyed PersistentFrame Addr=0x000001ef8cc9d800, Size=952
[2018.12.05-04.03.44:631][206]LogUObjectGlobals: Created PersistentFrame Addr=0x000001f009327400, Size=952, Default__BPSurvivingLifeCharacter_C Function /Engine/Transient.REINST_BPSurvivingLifeCharacter_C_112:ExecuteUbergraph_BPSurvivingLifeCharacter
[2018.12.05-04.03.44:631][206]LogUObjectGlobals: Destroyed PersistentFrame Addr=0x000001ef8cbd3630, Size=16
[2018.12.05-04.03.44:631][206]LogUObjectGlobals: Created PersistentFrame Addr=0x000001f0095c27f0, Size=16, Default__UI_EquipmentPanel_C Function /Engine/Transient.REINST_UI_EquipmentPanel_C_11:ExecuteUbergraph_UI_EquipmentPanel
[2018.12.05-04.03.44:632][206]LogUObjectGlobals: Destroyed PersistentFrame Addr=0x000001ef8cb8b3b8, Size=24
[2018.12.05-04.03.44:632][206]LogUObjectGlobals: Created PersistentFrame Addr=0x000001f009593508, Size=24, Default__UI_InventoryPanel_C Function /Engine/Transient.REINST_UI_InventoryPanel_C_12:ExecuteUbergraph_UI_InventoryPanel
[2018.12.05-04.03.44:633][206]LogUObjectGlobals: Destroyed PersistentFrame Addr=0x000001ef96016340, Size=304
[2018.12.05-04.03.44:633][206]LogUObjectGlobals: Created PersistentFrame Addr=0x000001efff00ce00, Size=304, Default__WB_EquipmentSlot_C Function /Engine/Transient.REINST_WB_EquipmentSlot_C_13:ExecuteUbergraph_WB_EquipmentSlot
[2018.12.05-04.03.44:633][206]LogUObjectGlobals: Destroyed PersistentFrame Addr=0x000001ef960160c0, Size=312
[2018.12.05-04.03.44:633][206]LogUObjectGlobals: Created PersistentFrame Addr=0x000001efff00d1c0, Size=312, Default__WB_InventorySlot_C Function /Engine/Transient.REINST_WB_InventorySlot_C_14:ExecuteUbergraph_WB_InventorySlot
[2018.12.05-04.03.44:652][206]LogUObjectGlobals: Created PersistentFrame Addr=0x0000000000000000, Size=4, Default__BP_InvenItem_C Function /Game/Blueprints/Inventory/BaseClasses/BP_InvenItem.BP_InvenItem_C:ExecuteUbergraph_BP_InvenItem
[2018.12.05-04.03.44:652][206]LogUObjectGlobals: Created PersistentFrame Addr=0x0000000000000000, Size=4, Default__BP_InvenItem_Empty_C Function /Game/Blueprints/Inventory/BaseClasses/BP_InvenItem.BP_InvenItem_C:ExecuteUbergraph_BP_InvenItem
[2018.12.05-04.03.44:659][206]LogUObjectGlobals: Created PersistentFrame Addr=0x000001f00a09b000, Size=952, Default__BPSurvivingLifeCharacter_C Function /Game/Blueprints/Character/BPSurvivingLifeCharacter.BPSurvivingLifeCharacter_C:ExecuteUbergraph_BPSurvivingLifeCharacter
[2018.12.05-04.03.44:660][206]LogUObjectGlobals: Created PersistentFrame Addr=0x0000000000000000, Size=4, Default__BP_EquipmentComponent_C Function /Game/Blueprints/Components/BP_EquipmentComponent.BP_EquipmentComponent_C:ExecuteUbergraph_BP_EquipmentComponent
[2018.12.05-04.03.44:693][206]LogWindows: Windows GetLastError: La operación se completó correctamente. (0)
[2018.12.05-04.03.55:339][206]LogWindows: Error: === Critical error: ===
[2018.12.05-04.03.55:339][206]LogWindows: Error: 
[2018.12.05-04.03.55:339][206]LogWindows: Error: Assertion failed: !InClass || (InClass->ClassWithin && InClass->ClassConstructor) [File:D:\Build\++UE4+Release-4.19+Compile\Sync\Engine\Source\Runtime\CoreUObject\Private\UObject\UObjectGlobals.cpp] [Line: 2268] 
[2018.12.05-04.03.55:339][206]LogWindows: Error: 
[2018.12.05-04.03.55:339][206]LogWindows: Error: 
[2018.12.05-04.03.55:339][206]LogWindows: Error: 
[2018.12.05-04.03.55:339][206]LogWindows: Error: [Callstack] 0x000000005C4EA388 KERNELBASE.dll!UnknownFunction []
[2018.12.05-04.03.55:339][206]LogWindows: Error: [Callstack] 0x0000000031F47884 UE4Editor-ApplicationCore.dll!UnknownFunction []
[2018.12.05-04.03.55:339][206]LogWindows: Error: [Callstack] 0x0000000019296D9B UE4Editor-Core.dll!UnknownFunction []
[2018.12.05-04.03.55:339][206]LogWindows: Error: [Callstack] 0x00000000191D1949 UE4Editor-Core.dll!UnknownFunction []
[2018.12.05-04.03.55:339][206]LogWindows: Error: [Callstack] 0x0000000018D5BEE9 UE4Editor-CoreUObject.dll!UnknownFunction []
[2018.12.05-04.03.55:339][206]LogWindows: Error: [Callstack] 0x0000000018AD5457 UE4Editor-CoreUObject.dll!UnknownFunction []
[2018.12.05-04.03.55:339][206]LogWindows: Error: [Callstack] 0x0000000018BF1D72 UE4Editor-CoreUObject.dll!UnknownFunction []
[2018.12.05-04.03.55:340][206]LogWindows: Error: [Callstack] 0x0000000018BF20D0 UE4Editor-CoreUObject.dll!UnknownFunction []
[2018.12.05-04.03.55:340][206]LogWindows: Error: [Callstack] 0x0000000018C356D5 UE4Editor-CoreUObject.dll!UnknownFunction []
[2018.12.05-04.03.55:340][206]LogWindows: Error: [Callstack] 0x0000000018BE59BE UE4Editor-CoreUObject.dll!UnknownFunction []
[2018.12.05-04.03.55:340][206]LogWindows: Error: [Callstack] 0x0000000018BFE1D1 UE4Editor-CoreUObject.dll!UnknownFunction []
[2018.12.05-04.03.55:340][206]LogWindows: Error: [Callstack] 0x0000000018D42E8D UE4Editor-CoreUObject.dll!UnknownFunction []
[2018.12.05-04.03.55:340][206]LogWindows: Error: [Callstack] 0x0000000018C379BD UE4Editor-CoreUObject.dll!UnknownFunction []
[2018.12.05-04.03.55:340][206]LogWindows: Error: [Callstack] 0x0000000018C362CF UE4Editor-CoreUObject.dll!UnknownFunction []
[2018.12.05-04.03.55:340][206]LogWindows: Error: [Callstack] 0x0000000018C37BFB UE4Editor-CoreUObject.dll!UnknownFunction []
[2018.12.05-04.03.55:340][206]LogWindows: Error: [Callstack] 0x0000000018C362CF UE4Editor-CoreUObject.dll!UnknownFunction []
[2018.12.05-04.03.55:340][206]LogWindows: Error: [Callstack] 0x0000000018C36112 UE4Editor-CoreUObject.dll!UnknownFunction []
[2018.12.05-04.03.55:340][206]LogWindows: Error: [Callstack] 0x0000000018BF01D1 UE4Editor-CoreUObject.dll!UnknownFunction []
[2018.12.05-04.03.55:340][206]LogWindows: Error: [Callstack] 0x0000000018C356F3 UE4Editor-CoreUObject.dll!UnknownFunction []
[2018.12.05-04.03.55:340][206]LogWindows: Error: [Callstack] 0x0000000018BE59BE UE4Editor-CoreUObject.dll!UnknownFunction []
[2018.12.05-04.03.55:340][206]LogWindows: Error: [Callstack] 0x0000000018BFE1D1 UE4Editor-CoreUObject.dll!UnknownFunction []
[2018.12.05-04.03.55:340][206]LogWindows: Error: [Callstack] 0x0000000018D42E8D UE4Editor-CoreUObject.dll!UnknownFunction []
[2018.12.05-04.03.55:340][206]LogWindows: Error: [Callstack] 0x0000000018C379BD UE4Editor-CoreUObject.dll!UnknownFunction []
[2018.12.05-04.03.55:340][206]LogWindows: Error: [Callstack] 0x0000000018C362CF UE4Editor-CoreUObject.dll!UnknownFunction []
[2018.12.05-04.03.55:340][206]LogWindows: Error: [Callstack] 0x0000000018C37BFB UE4Editor-CoreUObject.dll!UnknownFunction []
[2018.12.05-04.03.55:340][206]LogWindows: Error: [Callstack] 0x0000000018C362CF UE4Editor-CoreUObject.dll!UnknownFunction []
[2018.12.05-04.03.55:340][206]LogWindows: Error: [Callstack] 0x0000000018C36112 UE4Editor-CoreUObject.dll!UnknownFunction []
[2018.12.05-04.03.55:340][206]LogWindows: Error: [Callstack] 0x0000000018BF01D1 UE4Editor-CoreUObject.dll!UnknownFunction []
[2018.12.05-04.03.55:340][206]LogWindows: Error: [Callstack] 0x0000000018C356F3 UE4Editor-CoreUObject.dll!UnknownFunction []
[2018.12.05-04.03.55:340][206]LogWindows: Error: [Callstack] 0x0000000018BE59BE UE4Editor-CoreUObject.dll!UnknownFunction []
[2018.12.05-04.03.55:340][206]LogWindows: Error: [Callstack] 0x0000000018BFE1D1 UE4Editor-CoreUObject.dll!UnknownFunction []
[2018.12.05-04.03.55:340][206]LogWindows: Error: [Callstack] 0x0000000018D42E8D UE4Editor-CoreUObject.dll!UnknownFunction []
[2018.12.05-04.03.55:340][206]LogWindows: Error: [Callstack] 0x0000000018D42544 UE4Editor-CoreUObject.dll!UnknownFunction []
[2018.12.05-04.03.55:340][206]LogWindows: Error: [Callstack] 0x0000000018D644E8 UE4Editor-CoreUObject.dll!UnknownFunction []
[2018.12.05-04.03.55:340][206]LogWindows: Error: [Callstack] 0x0000000018D63B13 UE4Editor-CoreUObject.dll!UnknownFunction []
[2018.12.05-04.03.55:340][206]LogWindows: Error: [Callstack] 0x0000000018D65A26 UE4Editor-CoreUObject.dll!UnknownFunction []
[2018.12.05-04.03.55:340][206]LogWindows: Error: [Callstack] 0x00000000163F0B03 UE4Editor-BlueprintGraph.dll!UnknownFunction []
[2018.12.05-04.03.55:340][206]LogWindows: Error: [Callstack] 0x000000001642289B UE4Editor-BlueprintGraph.dll!UnknownFunction []
[2018.12.05-04.03.55:340][206]LogWindows: Error: [Callstack] 0x0000000016497D3F UE4Editor-BlueprintGraph.dll!UnknownFunction []
[2018.12.05-04.03.55:340][206]LogWindows: Error: [Callstack] 0x00000000FEA510EC UE4Editor-KismetCompiler.dll!UnknownFunction []
[2018.12.05-04.03.55:340][206]LogWindows: Error: [Callstack] 0x00000000FEA674B3 UE4Editor-KismetCompiler.dll!UnknownFunction []
[2018.12.05-04.03.55:340][206]LogWindows: Error: [Callstack] 0x00000000FEA3D056 UE4Editor-KismetCompiler.dll!UnknownFunction []
[2018.12.05-04.03.55:340][206]LogWindows: Error: [Callstack] 0x00000000FEA2A0F2 UE4Editor-KismetCompiler.dll!UnknownFunction []
[2018.12.05-04.03.55:340][206]LogWindows: Error: [Callstack] 0x0000000016AAF4BF UE4Editor-Kismet.dll!UnknownFunction []
[2018.12.05-04.03.55:340][206]LogWindows: Error: [Callstack] 0x0000000016A50629 UE4Editor-Kismet.dll!UnknownFunction []
[2018.12.05-04.03.55:340][206]LogWindows: Error: [Callstack] 0x00000000038E72F1 UE4Editor-UnrealEd.dll!UnknownFunction []
[2018.12.05-04.03.55:340][206]LogWindows: Error: [Callstack] 0x0000000016A50043 UE4Editor-Kismet.dll!UnknownFunction []
[2018.12.05-04.03.55:340][206]LogWindows: Error: [Callstack] 0x0000000016A9FE41 UE4Editor-Kismet.dll!UnknownFunction []
[2018.12.05-04.03.55:340][206]LogWindows: Error: [Callstack] 0x0000000016AA4BA6 UE4Editor-Kismet.dll!UnknownFunction []
[2018.12.05-04.03.55:340][206]LogWindows: Error: [Callstack] 0x000000001818687F UE4Editor-Slate.dll!UnknownFunction []
[2018.12.05-04.03.55:340][206]LogWindows: Error: [Callstack] 0x000000001827F8B6 UE4Editor-Slate.dll!UnknownFunction []
[2018.12.05-04.03.55:340][206]LogWindows: Error: [Callstack] 0x00000000181E46B2 UE4Editor-Slate.dll!UnknownFunction []
[2018.12.05-04.03.55:340][206]LogWindows: Error: [Callstack] 0x00000000181E5BD9 UE4Editor-Slate.dll!UnknownFunction []
[2018.12.05-04.03.55:340][206]LogWindows: Error: [Callstack] 0x00000000182612F5 UE4Editor-Slate.dll!UnknownFunction []
[2018.12.05-04.03.55:340][206]LogWindows: Error: [Callstack] 0x000000001831B7F7 UE4Editor-Slate.dll!UnknownFunction []
[2018.12.05-04.03.55:340][206]LogWindows: Error: [Callstack] 0x00000000183419E8 UE4Editor-Slate.dll!UnknownFunction []
[2018.12.05-04.03.55:340][206]LogWindows: Error: [Callstack] 0x000000001816485C UE4Editor-Slate.dll!UnknownFunction []
[2018.12.05-04.03.55:341][206]LogWindows: Error: [Callstack] 0x0000000018137D75 UE4Editor-Slate.dll!UnknownFunction []
[2018.12.05-04.03.55:341][206]LogWindows: Error: [Callstack] 0x00000000181CF617 UE4Editor-Slate.dll!UnknownFunction []
[2018.12.05-04.03.55:341][206]LogWindows: Error: [Callstack] 0x00000000181B7D0D UE4Editor-Slate.dll!UnknownFunction []
[2018.12.05-04.03.55:341][206]LogWindows: Error: [Callstack] 0x00000000181AB3E2 UE4Editor-Slate.dll!UnknownFunction []
[2018.12.05-04.03.55:341][206]LogWindows: Error: [Callstack] 0x0000000031F3E69B UE4Editor-ApplicationCore.dll!UnknownFunction []
[2018.12.05-04.03.55:341][206]LogWindows: Error: [Callstack] 0x0000000031F31B78 UE4Editor-ApplicationCore.dll!UnknownFunction []
[2018.12.05-04.03.55:341][206]LogWindows: Error: [Callstack] 0x0000000031F4052C UE4Editor-ApplicationCore.dll!UnknownFunction []
[2018.12.05-04.03.55:341][206]LogWindows: Error: [Callstack] 0x0000000031F2D679 UE4Editor-ApplicationCore.dll!UnknownFunction []
[2018.12.05-04.03.55:341][206]LogWindows: Error: [Callstack] 0x000000005ECA6D41 USER32.dll!UnknownFunction []
[2018.12.05-04.03.55:341][206]LogWindows: Error: [Callstack] 0x000000005ECA6713 USER32.dll!UnknownFunction []
[2018.12.05-04.03.55:341][206]LogWindows: Error: [Callstack] 0x0000000031F41666 UE4Editor-ApplicationCore.dll!UnknownFunction []
[2018.12.05-04.03.55:341][206]LogWindows: Error: [Callstack] 0x00000000B2FF5475 UE4Editor.exe!UnknownFunction []
[2018.12.05-04.03.55:341][206]LogWindows: Error: [Callstack] 0x00000000B3006BD0 UE4Editor.exe!UnknownFunction []
[2018.12.05-04.03.55:341][206]LogWindows: Error: [Callstack] 0x00000000B3006C4A UE4Editor.exe!UnknownFunction []
[2018.12.05-04.03.55:341][206]LogWindows: Error: [Callstack] 0x00000000B3014177 UE4Editor.exe!UnknownFunction []
[2018.12.05-04.03.55:341][206]LogWindows: Error: [Callstack] 0x00000000B3015B87 UE4Editor.exe!UnknownFunction []
[2018.12.05-04.03.55:341][206]LogWindows: Error: [Callstack] 0x000000005FB53034 KERNEL32.DLL!UnknownFunction []
[2018.12.05-04.03.55:341][206]LogWindows: Error: [Callstack] 0x000000005FD61471 ntdll.dll!UnknownFunction []
[2018.12.05-04.03.55:341][206]LogWindows: Error: [Callstack] 0x000000005FD61471 ntdll.dll!UnknownFunction []
[2018.12.05-04.03.55:341][206]LogWindows: Error: 
[2018.12.05-04.03.55:372][206]LogExit: Executing StaticShutdownAfterError
[2018.12.05-04.03.55:388][206]LogWindows: FPlatformMisc::RequestExit(1)
[2018.12.05-04.03.55:403][206]Log file closed, 12/05/18 01:03:55
